<?xml version="1.0" encoding="UTF-8"?>
<coverage generated="1771782790560" clover="3.2.0">
  <project timestamp="1771782790560" name="All files">
    <metrics statements="512" coveredstatements="497" conditionals="497" coveredconditionals="428" methods="63" coveredmethods="62" elements="1072" coveredelements="987" complexity="0" loc="512" ncloc="512" packages="3" files="10" classes="10"/>
    <package name="compatibility">
      <metrics statements="249" coveredstatements="247" conditionals="262" coveredconditionals="237" methods="30" coveredmethods="30"/>
      <file name="engine.ts" path="/Users/alain/Desktop/PCBuilder/lib/compatibility/engine.ts">
        <metrics statements="101" coveredstatements="101" conditionals="129" coveredconditionals="125" methods="2" coveredmethods="2"/>
        <line num="46" count="26" type="stmt"/>
        <line num="47" count="26" type="stmt"/>
        <line num="49" count="26" type="cond" truecount="2" falsecount="0"/>
        <line num="50" count="14" type="cond" truecount="1" falsecount="1"/>
        <line num="51" count="14" type="cond" truecount="1" falsecount="1"/>
        <line num="52" count="14" type="cond" truecount="2" falsecount="0"/>
        <line num="53" count="14" type="stmt"/>
        <line num="54" count="14" type="cond" truecount="2" falsecount="0"/>
        <line num="57" count="26" type="cond" truecount="2" falsecount="0"/>
        <line num="58" count="10" type="cond" truecount="1" falsecount="1"/>
        <line num="59" count="10" type="stmt"/>
        <line num="60" count="10" type="cond" truecount="1" falsecount="1"/>
        <line num="63" count="26" type="cond" truecount="4" falsecount="0"/>
        <line num="64" count="6" type="stmt"/>
        <line num="67" count="26" type="stmt"/>
        <line num="71" count="26" type="stmt"/>
        <line num="75" count="26" type="cond" truecount="2" falsecount="0"/>
        <line num="82" count="2" type="stmt"/>
        <line num="84" count="26" type="cond" truecount="2" falsecount="0"/>
        <line num="90" count="2" type="stmt"/>
        <line num="93" count="26" type="cond" truecount="2" falsecount="0"/>
        <line num="94" count="26" type="stmt"/>
        <line num="96" count="26" type="stmt"/>
        <line num="106" count="26" type="stmt"/>
        <line num="107" count="26" type="stmt"/>
        <line num="108" count="26" type="stmt"/>
        <line num="109" count="26" type="stmt"/>
        <line num="111" count="26" type="stmt"/>
        <line num="116" count="26" type="cond" truecount="2" falsecount="0"/>
        <line num="117" count="26" type="stmt"/>
        <line num="126" count="26" type="cond" truecount="4" falsecount="0"/>
        <line num="127" count="5" type="stmt"/>
        <line num="128" count="5" type="stmt"/>
        <line num="129" count="5" type="cond" truecount="2" falsecount="0"/>
        <line num="132" count="26" type="cond" truecount="4" falsecount="0"/>
        <line num="133" count="5" type="stmt"/>
        <line num="134" count="5" type="stmt"/>
        <line num="135" count="5" type="cond" truecount="2" falsecount="0"/>
        <line num="138" count="26" type="cond" truecount="4" falsecount="0"/>
        <line num="139" count="4" type="stmt"/>
        <line num="140" count="4" type="stmt"/>
        <line num="141" count="4" type="cond" truecount="2" falsecount="0"/>
        <line num="144" count="26" type="cond" truecount="4" falsecount="0"/>
        <line num="145" count="7" type="stmt"/>
        <line num="146" count="7" type="stmt"/>
        <line num="147" count="7" type="cond" truecount="2" falsecount="0"/>
        <line num="148" count="7" type="stmt"/>
        <line num="149" count="7" type="stmt"/>
        <line num="150" count="7" type="cond" truecount="2" falsecount="0"/>
        <line num="153" count="26" type="cond" truecount="4" falsecount="0"/>
        <line num="154" count="6" type="stmt"/>
        <line num="155" count="6" type="stmt"/>
        <line num="156" count="6" type="cond" truecount="2" falsecount="0"/>
        <line num="157" count="6" type="stmt"/>
        <line num="158" count="6" type="stmt"/>
        <line num="159" count="6" type="cond" truecount="2" falsecount="0"/>
        <line num="160" count="6" type="stmt"/>
        <line num="161" count="6" type="stmt"/>
        <line num="162" count="6" type="cond" truecount="2" falsecount="0"/>
        <line num="165" count="26" type="cond" truecount="4" falsecount="0"/>
        <line num="166" count="5" type="stmt"/>
        <line num="167" count="5" type="stmt"/>
        <line num="168" count="5" type="cond" truecount="2" falsecount="0"/>
        <line num="171" count="26" type="cond" truecount="4" falsecount="0"/>
        <line num="172" count="7" type="stmt"/>
        <line num="173" count="7" type="stmt"/>
        <line num="174" count="7" type="cond" truecount="2" falsecount="0"/>
        <line num="177" count="26" type="cond" truecount="2" falsecount="0"/>
        <line num="178" count="8" type="stmt"/>
        <line num="179" count="8" type="stmt"/>
        <line num="180" count="8" type="cond" truecount="2" falsecount="0"/>
        <line num="183" count="26" type="cond" truecount="4" falsecount="0"/>
        <line num="184" count="5" type="stmt"/>
        <line num="185" count="5" type="stmt"/>
        <line num="186" count="5" type="cond" truecount="2" falsecount="0"/>
        <line num="191" count="26" type="cond" truecount="4" falsecount="0"/>
        <line num="192" count="8" type="stmt"/>
        <line num="193" count="8" type="stmt"/>
        <line num="194" count="8" type="cond" truecount="2" falsecount="0"/>
        <line num="197" count="26" type="cond" truecount="4" falsecount="0"/>
        <line num="198" count="5" type="stmt"/>
        <line num="199" count="5" type="stmt"/>
        <line num="200" count="5" type="cond" truecount="2" falsecount="0"/>
        <line num="203" count="26" type="cond" truecount="4" falsecount="0"/>
        <line num="204" count="7" type="stmt"/>
        <line num="205" count="7" type="stmt"/>
        <line num="206" count="7" type="cond" truecount="2" falsecount="0"/>
        <line num="209" count="26" type="cond" truecount="4" falsecount="0"/>
        <line num="210" count="4" type="stmt"/>
        <line num="211" count="4" type="stmt"/>
        <line num="212" count="4" type="cond" truecount="2" falsecount="0"/>
        <line num="215" count="26" type="cond" truecount="4" falsecount="0"/>
        <line num="216" count="6" type="stmt"/>
        <line num="217" count="6" type="stmt"/>
        <line num="218" count="6" type="cond" truecount="2" falsecount="0"/>
        <line num="221" count="26" type="cond" truecount="2" falsecount="0"/>
        <line num="222" count="10" type="stmt"/>
        <line num="223" count="10" type="stmt"/>
        <line num="224" count="10" type="cond" truecount="2" falsecount="0"/>
        <line num="227" count="26" type="stmt"/>
        <line num="229" count="26" type="stmt"/>
      </file>
      <file name="power.ts" path="/Users/alain/Desktop/PCBuilder/lib/compatibility/power.ts">
        <metrics statements="17" coveredstatements="17" conditionals="10" coveredconditionals="9" methods="2" coveredmethods="2"/>
        <line num="8" count="2" type="stmt"/>
        <line num="9" count="2" type="stmt"/>
        <line num="10" count="2" type="stmt"/>
        <line num="11" count="2" type="stmt"/>
        <line num="12" count="2" type="stmt"/>
        <line num="23" count="36" type="stmt"/>
        <line num="25" count="36" type="cond" truecount="2" falsecount="0"/>
        <line num="26" count="18" type="stmt"/>
        <line num="29" count="36" type="cond" truecount="2" falsecount="0"/>
        <line num="30" count="15" type="stmt"/>
        <line num="33" count="36" type="cond" truecount="2" falsecount="0"/>
        <line num="34" count="11" type="stmt"/>
        <line num="37" count="36" type="cond" truecount="2" falsecount="0"/>
        <line num="38" count="7" type="stmt"/>
        <line num="41" count="36" type="stmt"/>
        <line num="48" count="5" type="cond" truecount="1" falsecount="1"/>
        <line num="49" count="5" type="stmt"/>
      </file>
      <file name="rules.ts" path="/Users/alain/Desktop/PCBuilder/lib/compatibility/rules.ts">
        <metrics statements="131" coveredstatements="129" conditionals="123" coveredconditionals="103" methods="26" coveredmethods="26"/>
        <line num="21" count="42" type="stmt"/>
        <line num="25" count="1" type="stmt"/>
        <line num="34" count="5" type="cond" truecount="1" falsecount="1"/>
        <line num="35" count="5" type="cond" truecount="2" falsecount="0"/>
        <line num="36" count="2" type="cond" truecount="1" falsecount="1"/>
        <line num="37" count="2" type="cond" truecount="1" falsecount="1"/>
        <line num="38" count="2" type="stmt"/>
        <line num="43" count="7" type="stmt"/>
        <line num="44" count="9" type="cond" truecount="4" falsecount="0"/>
        <line num="45" count="6" type="cond" truecount="1" falsecount="1"/>
        <line num="46" count="0" type="cond" truecount="0" falsecount="2"/>
        <line num="47" count="0" type="stmt"/>
        <line num="68" count="5" type="cond" truecount="2" falsecount="0"/>
        <line num="69" count="2" type="stmt"/>
        <line num="70" count="2" type="stmt"/>
        <line num="71" count="2" type="stmt"/>
        <line num="87" count="3" type="stmt"/>
        <line num="91" count="5" type="cond" truecount="2" falsecount="0"/>
        <line num="92" count="2" type="stmt"/>
        <line num="93" count="2" type="stmt"/>
        <line num="94" count="2" type="stmt"/>
        <line num="110" count="3" type="stmt"/>
        <line num="117" count="4" type="stmt"/>
        <line num="118" count="4" type="stmt"/>
        <line num="119" count="4" type="stmt"/>
        <line num="120" count="4" type="cond" truecount="2" falsecount="0"/>
        <line num="121" count="2" type="stmt"/>
        <line num="138" count="2" type="stmt"/>
        <line num="143" count="7" type="stmt"/>
        <line num="144" count="7" type="cond" truecount="2" falsecount="0"/>
        <line num="145" count="2" type="stmt"/>
        <line num="146" count="2" type="cond" truecount="2" falsecount="0"/>
        <line num="147" count="1" type="stmt"/>
        <line num="166" count="1" type="stmt"/>
        <line num="170" count="7" type="stmt"/>
        <line num="171" count="7" type="stmt"/>
        <line num="172" count="7" type="cond" truecount="2" falsecount="0"/>
        <line num="173" count="5" type="stmt"/>
        <line num="174" count="5" type="stmt"/>
        <line num="195" count="2" type="stmt"/>
        <line num="199" count="6" type="stmt"/>
        <line num="200" count="6" type="stmt"/>
        <line num="201" count="6" type="cond" truecount="5" falsecount="0"/>
        <line num="202" count="3" type="cond" truecount="2" falsecount="0"/>
        <line num="203" count="1" type="stmt"/>
        <line num="204" count="1" type="stmt"/>
        <line num="226" count="5" type="stmt"/>
        <line num="235" count="5" type="cond" truecount="3" falsecount="0"/>
        <line num="238" count="5" type="stmt"/>
        <line num="239" count="5" type="cond" truecount="4" falsecount="0"/>
        <line num="240" count="2" type="stmt"/>
        <line num="241" count="2" type="stmt"/>
        <line num="258" count="3" type="stmt"/>
        <line num="266" count="7" type="stmt"/>
        <line num="267" count="7" type="cond" truecount="2" falsecount="0"/>
        <line num="268" count="7" type="cond" truecount="2" falsecount="0"/>
        <line num="269" count="3" type="cond" truecount="1" falsecount="1"/>
        <line num="270" count="3" type="stmt"/>
        <line num="288" count="4" type="stmt"/>
        <line num="292" count="8" type="stmt"/>
        <line num="293" count="8" type="stmt"/>
        <line num="294" count="8" type="stmt"/>
        <line num="295" count="8" type="cond" truecount="2" falsecount="0"/>
        <line num="296" count="2" type="stmt"/>
        <line num="315" count="6" type="stmt"/>
        <line num="322" count="10" type="stmt"/>
        <line num="323" count="5" type="cond" truecount="1" falsecount="1"/>
        <line num="324" count="5" type="cond" truecount="1" falsecount="1"/>
        <line num="325" count="5" type="cond" truecount="4" falsecount="0"/>
        <line num="326" count="2" type="stmt"/>
        <line num="327" count="2" type="stmt"/>
        <line num="332" count="4" type="stmt"/>
        <line num="344" count="3" type="stmt"/>
        <line num="350" count="8" type="stmt"/>
        <line num="351" count="8" type="stmt"/>
        <line num="352" count="8" type="stmt"/>
        <line num="353" count="8" type="stmt"/>
        <line num="354" count="8" type="cond" truecount="4" falsecount="0"/>
        <line num="355" count="3" type="stmt"/>
        <line num="374" count="5" type="stmt"/>
        <line num="378" count="1" type="stmt"/>
        <line num="384" count="5" type="cond" truecount="1" falsecount="1"/>
        <line num="385" count="5" type="stmt"/>
        <line num="386" count="5" type="stmt"/>
        <line num="387" count="27" type="stmt"/>
        <line num="389" count="5" type="cond" truecount="4" falsecount="0"/>
        <line num="390" count="1" type="stmt"/>
        <line num="407" count="4" type="stmt"/>
        <line num="411" count="7" type="stmt"/>
        <line num="412" count="7" type="cond" truecount="2" falsecount="0"/>
        <line num="413" count="5" type="stmt"/>
        <line num="429" count="2" type="stmt"/>
        <line num="433" count="4" type="stmt"/>
        <line num="434" count="4" type="stmt"/>
        <line num="435" count="4" type="cond" truecount="2" falsecount="0"/>
        <line num="436" count="3" type="stmt"/>
        <line num="453" count="1" type="stmt"/>
        <line num="458" count="6" type="cond" truecount="4" falsecount="0"/>
        <line num="459" count="3" type="stmt"/>
        <line num="460" count="3" type="stmt"/>
        <line num="461" count="3" type="cond" truecount="5" falsecount="0"/>
        <line num="462" count="2" type="stmt"/>
        <line num="463" count="1" type="stmt"/>
        <line num="464" count="1" type="cond" truecount="1" falsecount="1"/>
        <line num="465" count="1" type="stmt"/>
        <line num="466" count="1" type="stmt"/>
        <line num="487" count="6" type="cond" truecount="2" falsecount="0"/>
        <line num="488" count="3" type="stmt"/>
        <line num="489" count="3" type="stmt"/>
        <line num="490" count="3" type="cond" truecount="4" falsecount="0"/>
        <line num="491" count="1" type="cond" truecount="1" falsecount="1"/>
        <line num="492" count="1" type="stmt"/>
        <line num="493" count="1" type="stmt"/>
        <line num="514" count="6" type="cond" truecount="4" falsecount="0"/>
        <line num="515" count="3" type="stmt"/>
        <line num="516" count="3" type="stmt"/>
        <line num="517" count="3" type="cond" truecount="1" falsecount="1"/>
        <line num="518" count="3" type="stmt"/>
        <line num="536" count="3" type="stmt"/>
        <line num="544" count="10" type="stmt"/>
        <line num="545" count="10" type="stmt"/>
        <line num="546" count="10" type="cond" truecount="1" falsecount="1"/>
        <line num="547" count="10" type="cond" truecount="2" falsecount="0"/>
        <line num="548" count="10" type="cond" truecount="1" falsecount="1"/>
        <line num="549" count="10" type="cond" truecount="2" falsecount="0"/>
        <line num="550" count="10" type="cond" truecount="2" falsecount="0"/>
        <line num="551" count="10" type="cond" truecount="2" falsecount="0"/>
        <line num="552" count="10" type="cond" truecount="2" falsecount="0"/>
        <line num="553" count="3" type="stmt"/>
        <line num="559" count="3" type="stmt"/>
        <line num="572" count="7" type="stmt"/>
      </file>
    </package>
    <package name="scoring">
      <metrics statements="193" coveredstatements="182" conditionals="175" coveredconditionals="142" methods="13" coveredmethods="12"/>
      <file name="compatibility-score.ts" path="/Users/alain/Desktop/PCBuilder/lib/scoring/compatibility-score.ts">
        <metrics statements="23" coveredstatements="20" conditionals="8" coveredconditionals="7" methods="2" coveredmethods="2"/>
        <line num="8" count="1" type="stmt"/>
        <line num="20" count="9" type="stmt"/>
        <line num="21" count="9" type="stmt"/>
        <line num="24" count="9" type="cond" truecount="2" falsecount="0"/>
        <line num="25" count="2" type="stmt"/>
        <line num="26" count="2" type="stmt"/>
        <line num="27" count="2" type="stmt"/>
        <line num="33" count="2" type="stmt"/>
        <line num="43" count="7" type="stmt"/>
        <line num="44" count="1" type="cond" truecount="1" falsecount="1"/>
        <line num="45" count="1" type="stmt"/>
        <line num="46" count="1" type="stmt"/>
        <line num="54" count="7" type="stmt"/>
        <line num="55" count="0" type="stmt"/>
        <line num="56" count="0" type="stmt"/>
        <line num="57" count="0" type="stmt"/>
        <line num="64" count="7" type="stmt"/>
        <line num="67" count="7" type="cond" truecount="4" falsecount="0"/>
        <line num="68" count="1" type="stmt"/>
        <line num="70" count="1" type="stmt"/>
        <line num="72" count="1" type="stmt"/>
        <line num="74" count="6" type="stmt"/>
        <line num="77" count="7" type="stmt"/>
      </file>
      <file name="engine.ts" path="/Users/alain/Desktop/PCBuilder/lib/scoring/engine.ts">
        <metrics statements="14" coveredstatements="14" conditionals="4" coveredconditionals="4" methods="1" coveredmethods="1"/>
        <line num="13" count="1" type="stmt"/>
        <line num="14" count="1" type="stmt"/>
        <line num="15" count="1" type="stmt"/>
        <line num="16" count="1" type="stmt"/>
        <line num="30" count="6" type="cond" truecount="2" falsecount="0"/>
        <line num="32" count="6" type="stmt"/>
        <line num="33" count="6" type="stmt"/>
        <line num="34" count="6" type="stmt"/>
        <line num="35" count="6" type="stmt"/>
        <line num="40" count="6" type="cond" truecount="2" falsecount="0"/>
        <line num="41" count="1" type="stmt"/>
        <line num="43" count="5" type="stmt"/>
        <line num="50" count="6" type="stmt"/>
        <line num="52" count="6" type="stmt"/>
      </file>
      <file name="explanations.ts" path="/Users/alain/Desktop/PCBuilder/lib/scoring/explanations.ts">
        <metrics statements="11" coveredstatements="10" conditionals="12" coveredconditionals="5" methods="2" coveredmethods="1"/>
        <line num="11" count="1" type="stmt"/>
        <line num="13" count="1" type="stmt"/>
        <line num="15" count="1" type="cond" truecount="1" falsecount="1"/>
        <line num="19" count="0" type="stmt"/>
        <line num="23" count="1" type="stmt"/>
        <line num="24" count="1" type="stmt"/>
        <line num="30" count="1" type="stmt"/>
        <line num="31" count="1" type="stmt"/>
        <line num="35" count="1" type="stmt"/>
        <line num="36" count="1" type="stmt"/>
        <line num="40" count="1" type="stmt"/>
      </file>
      <file name="performance-score.ts" path="/Users/alain/Desktop/PCBuilder/lib/scoring/performance-score.ts">
        <metrics statements="45" coveredstatements="45" conditionals="46" coveredconditionals="41" methods="3" coveredmethods="3"/>
        <line num="10" count="22" type="stmt"/>
        <line num="15" count="11" type="cond" truecount="8" falsecount="1"/>
        <line num="19" count="2" type="stmt"/>
        <line num="21" count="1" type="stmt"/>
        <line num="27" count="8" type="stmt"/>
        <line num="38" count="11" type="stmt"/>
        <line num="39" count="11" type="stmt"/>
        <line num="41" count="11" type="cond" truecount="3" falsecount="0"/>
        <line num="45" count="11" type="stmt"/>
        <line num="46" count="11" type="stmt"/>
        <line num="47" count="11" type="stmt"/>
        <line num="49" count="11" type="cond" truecount="2" falsecount="0"/>
        <line num="50" count="10" type="stmt"/>
        <line num="52" count="1" type="stmt"/>
        <line num="55" count="11" type="cond" truecount="2" falsecount="0"/>
        <line num="56" count="7" type="stmt"/>
        <line num="58" count="4" type="stmt"/>
        <line num="62" count="11" type="cond" truecount="2" falsecount="0"/>
        <line num="63" count="11" type="cond" truecount="3" falsecount="1"/>
        <line num="65" count="11" type="stmt"/>
        <line num="66" count="11" type="stmt"/>
        <line num="69" count="11" type="stmt"/>
        <line num="71" count="11" type="stmt"/>
        <line num="77" count="11" type="cond" truecount="2" falsecount="0"/>
        <line num="78" count="7" type="stmt"/>
        <line num="84" count="4" type="stmt"/>
        <line num="85" count="4" type="stmt"/>
        <line num="93" count="11" type="stmt"/>
        <line num="94" count="11" type="cond" truecount="5" falsecount="0"/>
        <line num="95" count="2" type="stmt"/>
        <line num="96" count="2" type="cond" truecount="2" falsecount="0"/>
        <line num="97" count="1" type="stmt"/>
        <line num="98" count="1" type="stmt"/>
        <line num="99" count="1" type="stmt"/>
        <line num="104" count="1" type="cond" truecount="1" falsecount="1"/>
        <line num="105" count="1" type="stmt"/>
        <line num="106" count="1" type="stmt"/>
        <line num="107" count="1" type="stmt"/>
        <line num="115" count="11" type="stmt"/>
        <line num="118" count="11" type="cond" truecount="2" falsecount="0"/>
        <line num="119" count="7" type="cond" truecount="2" falsecount="0"/>
        <line num="121" count="7" type="cond" truecount="6" falsecount="2"/>
        <line num="124" count="7" type="stmt"/>
        <line num="126" count="4" type="stmt"/>
        <line num="129" count="11" type="stmt"/>
      </file>
      <file name="usability-score.ts" path="/Users/alain/Desktop/PCBuilder/lib/scoring/usability-score.ts">
        <metrics statements="41" coveredstatements="34" conditionals="36" coveredconditionals="27" methods="3" coveredmethods="3"/>
        <line num="13" count="8" type="stmt"/>
        <line num="14" count="8" type="stmt"/>
        <line num="16" count="8" type="stmt"/>
        <line num="24" count="8" type="cond" truecount="4" falsecount="0"/>
        <line num="25" count="5" type="stmt"/>
        <line num="26" count="5" type="cond" truecount="2" falsecount="0"/>
        <line num="27" count="1" type="stmt"/>
        <line num="28" count="1" type="stmt"/>
        <line num="33" count="4" type="cond" truecount="1" falsecount="1"/>
        <line num="34" count="0" type="stmt"/>
        <line num="35" count="0" type="stmt"/>
        <line num="41" count="4" type="stmt"/>
        <line num="42" count="4" type="stmt"/>
        <line num="50" count="5" type="cond" truecount="2" falsecount="0"/>
        <line num="51" count="1" type="stmt"/>
        <line num="52" count="1" type="stmt"/>
        <line num="58" count="3" type="cond" truecount="1" falsecount="1"/>
        <line num="59" count="3" type="stmt"/>
        <line num="67" count="8" type="cond" truecount="2" falsecount="0"/>
        <line num="69" count="4" type="cond" truecount="1" falsecount="1"/>
        <line num="71" count="4" type="cond" truecount="2" falsecount="0"/>
        <line num="72" count="4" type="stmt"/>
        <line num="74" count="4" type="cond" truecount="1" falsecount="1"/>
        <line num="75" count="4" type="stmt"/>
        <line num="76" count="4" type="stmt"/>
        <line num="81" count="0" type="cond" truecount="0" falsecount="2"/>
        <line num="82" count="0" type="stmt"/>
        <line num="83" count="0" type="stmt"/>
        <line num="90" count="4" type="cond" truecount="1" falsecount="1"/>
        <line num="91" count="4" type="stmt"/>
        <line num="92" count="4" type="stmt"/>
        <line num="101" count="8" type="stmt"/>
        <line num="103" count="8" type="cond" truecount="3" falsecount="1"/>
        <line num="104" count="0" type="stmt"/>
        <line num="105" count="0" type="stmt"/>
        <line num="113" count="8" type="stmt"/>
        <line num="114" count="8" type="stmt"/>
        <line num="116" count="8" type="stmt"/>
        <line num="118" count="13" type="stmt"/>
        <line num="120" count="8" type="cond" truecount="1" falsecount="1"/>
        <line num="122" count="8" type="stmt"/>
      </file>
      <file name="value-score.ts" path="/Users/alain/Desktop/PCBuilder/lib/scoring/value-score.ts">
        <metrics statements="59" coveredstatements="59" conditionals="69" coveredconditionals="58" methods="2" coveredmethods="2"/>
        <line num="9" count="1" type="stmt"/>
        <line num="16" count="2" type="stmt"/>
        <line num="17" count="2" type="cond" truecount="1" falsecount="1"/>
        <line num="18" count="2" type="stmt"/>
        <line num="19" count="2" type="stmt"/>
        <line num="29" count="9" type="stmt"/>
        <line num="31" count="9" type="cond" truecount="3" falsecount="0"/>
        <line num="35" count="9" type="stmt"/>
        <line num="36" count="9" type="stmt"/>
        <line num="37" count="9" type="stmt"/>
        <line num="39" count="9" type="cond" truecount="2" falsecount="0"/>
        <line num="40" count="9" type="cond" truecount="2" falsecount="0"/>
        <line num="42" count="9" type="cond" truecount="2" falsecount="0"/>
        <line num="43" count="8" type="cond" truecount="2" falsecount="0"/>
        <line num="44" count="8" type="cond" truecount="2" falsecount="0"/>
        <line num="45" count="8" type="stmt"/>
        <line num="46" count="8" type="stmt"/>
        <line num="49" count="9" type="cond" truecount="2" falsecount="0"/>
        <line num="50" count="6" type="cond" truecount="2" falsecount="0"/>
        <line num="51" count="6" type="cond" truecount="2" falsecount="0"/>
        <line num="52" count="6" type="stmt"/>
        <line num="53" count="6" type="stmt"/>
        <line num="56" count="9" type="cond" truecount="2" falsecount="0"/>
        <line num="57" count="4" type="cond" truecount="1" falsecount="1"/>
        <line num="58" count="4" type="cond" truecount="1" falsecount="1"/>
        <line num="59" count="4" type="stmt"/>
        <line num="60" count="4" type="stmt"/>
        <line num="63" count="9" type="cond" truecount="2" falsecount="0"/>
        <line num="64" count="4" type="cond" truecount="1" falsecount="1"/>
        <line num="65" count="4" type="cond" truecount="1" falsecount="1"/>
        <line num="68" count="9" type="cond" truecount="2" falsecount="0"/>
        <line num="69" count="1" type="stmt"/>
        <line num="70" count="1" type="cond" truecount="1" falsecount="1"/>
        <line num="71" count="1" type="cond" truecount="1" falsecount="1"/>
        <line num="75" count="9" type="cond" truecount="2" falsecount="0"/>
        <line num="76" count="3" type="cond" truecount="1" falsecount="1"/>
        <line num="77" count="3" type="cond" truecount="1" falsecount="1"/>
        <line num="80" count="9" type="stmt"/>
        <line num="83" count="9" type="cond" truecount="2" falsecount="0"/>
        <line num="84" count="8" type="stmt"/>
        <line num="85" count="8" type="stmt"/>
        <line num="86" count="8" type="stmt"/>
        <line num="96" count="9" type="stmt"/>
        <line num="97" count="9" type="cond" truecount="5" falsecount="0"/>
        <line num="98" count="1" type="stmt"/>
        <line num="99" count="1" type="cond" truecount="1" falsecount="1"/>
        <line num="100" count="1" type="stmt"/>
        <line num="101" count="1" type="stmt"/>
        <line num="102" count="1" type="stmt"/>
        <line num="112" count="9" type="cond" truecount="4" falsecount="0"/>
        <line num="113" count="6" type="stmt"/>
        <line num="114" count="6" type="cond" truecount="2" falsecount="0"/>
        <line num="115" count="5" type="stmt"/>
        <line num="116" count="5" type="stmt"/>
        <line num="117" count="5" type="stmt"/>
        <line num="125" count="9" type="stmt"/>
        <line num="126" count="9" type="cond" truecount="2" falsecount="0"/>
        <line num="128" count="9" type="cond" truecount="2" falsecount="0"/>
        <line num="132" count="9" type="stmt"/>
      </file>
    </package>
    <package name="store">
      <metrics statements="70" coveredstatements="68" conditionals="60" coveredconditionals="49" methods="20" coveredmethods="20"/>
      <file name="build-store.ts" path="/Users/alain/Desktop/PCBuilder/lib/store/build-store.ts">
        <metrics statements="70" coveredstatements="68" conditionals="60" coveredconditionals="49" methods="20" coveredmethods="20"/>
        <line num="19" count="1" type="stmt"/>
        <line num="38" count="1" type="stmt"/>
        <line num="39" count="1" type="stmt"/>
        <line num="40" count="1" type="stmt"/>
        <line num="43" count="3" type="cond" truecount="4" falsecount="1"/>
        <line num="44" count="3" type="stmt"/>
        <line num="45" count="3" type="cond" truecount="1" falsecount="1"/>
        <line num="46" count="0" type="cond" truecount="0" falsecount="2"/>
        <line num="48" count="0" type="stmt"/>
        <line num="52" count="2" type="stmt"/>
        <line num="56" count="1" type="cond" truecount="1" falsecount="1"/>
        <line num="57" count="1" type="stmt"/>
        <line num="61" count="4" type="stmt"/>
        <line num="63" count="4" type="cond" truecount="2" falsecount="0"/>
        <line num="64" count="4" type="cond" truecount="2" falsecount="0"/>
        <line num="65" count="4" type="cond" truecount="2" falsecount="0"/>
        <line num="66" count="4" type="cond" truecount="2" falsecount="0"/>
        <line num="67" count="2" type="stmt"/>
        <line num="70" count="4" type="stmt"/>
        <line num="75" count="2" type="stmt"/>
        <line num="76" count="2" type="stmt"/>
        <line num="86" count="2" type="stmt"/>
        <line num="87" count="16" type="stmt"/>
        <line num="88" count="16" type="cond" truecount="4" falsecount="0"/>
        <line num="89" count="2" type="stmt"/>
        <line num="90" count="2" type="stmt"/>
        <line num="92" count="14" type="cond" truecount="5" falsecount="0"/>
        <line num="93" count="1" type="stmt"/>
        <line num="96" count="2" type="stmt"/>
        <line num="101" count="1" type="stmt"/>
        <line num="102" count="1" type="stmt"/>
        <line num="127" count="1" type="stmt"/>
        <line num="129" count="1" type="stmt"/>
        <line num="132" count="4" type="stmt"/>
        <line num="134" count="4" type="stmt"/>
        <line num="137" count="31" type="stmt"/>
        <line num="138" count="31" type="stmt"/>
        <line num="139" count="31" type="cond" truecount="2" falsecount="0"/>
        <line num="140" count="18" type="cond" truecount="1" falsecount="1"/>
        <line num="141" count="18" type="stmt"/>
        <line num="142" count="18" type="cond" truecount="5" falsecount="0"/>
        <line num="143" count="1" type="stmt"/>
        <line num="145" count="17" type="stmt"/>
        <line num="147" count="18" type="stmt"/>
        <line num="149" count="13" type="stmt"/>
        <line num="151" count="31" type="stmt"/>
        <line num="156" count="5" type="stmt"/>
        <line num="157" count="5" type="stmt"/>
        <line num="158" count="5" type="cond" truecount="2" falsecount="0"/>
        <line num="159" count="3" type="cond" truecount="1" falsecount="1"/>
        <line num="160" count="3" type="cond" truecount="5" falsecount="0"/>
        <line num="161" count="2" type="stmt"/>
        <line num="163" count="1" type="stmt"/>
        <line num="165" count="3" type="stmt"/>
        <line num="167" count="2" type="stmt"/>
        <line num="169" count="5" type="stmt"/>
        <line num="174" count="5" type="stmt"/>
        <line num="175" count="5" type="cond" truecount="2" falsecount="0"/>
        <line num="177" count="5" type="cond" truecount="3" falsecount="1"/>
        <line num="180" count="5" type="stmt"/>
        <line num="191" count="26" type="stmt"/>
        <line num="197" count="2" type="stmt"/>
        <line num="202" count="3" type="stmt"/>
        <line num="203" count="3" type="stmt"/>
        <line num="210" count="3" type="stmt"/>
        <line num="214" count="4" type="stmt"/>
        <line num="215" count="4" type="stmt"/>
        <line num="221" count="4" type="stmt"/>
        <line num="229" count="2" type="stmt"/>
        <line num="237" count="75" type="stmt"/>
      </file>
    </package>
  </project>
</coverage>
