{"/Users/alain/Desktop/PCBuilder/lib/compatibility/engine.ts": {"path":"/Users/alain/Desktop/PCBuilder/lib/compatibility/engine.ts","statementMap":{"0":{"start":{"line":43,"column":19},"end":{"line":43,"column":null}},"1":{"start":{"line":46,"column":2},"end":{"line":50,"column":null}},"2":{"start":{"line":47,"column":4},"end":{"line":47,"column":null}},"3":{"start":{"line":47,"column":52},"end":{"line":47,"column":null}},"4":{"start":{"line":48,"column":4},"end":{"line":48,"column":null}},"5":{"start":{"line":48,"column":55},"end":{"line":48,"column":null}},"6":{"start":{"line":49,"column":4},"end":{"line":49,"column":null}},"7":{"start":{"line":49,"column":52},"end":{"line":49,"column":null}},"8":{"start":{"line":53,"column":2},"end":{"line":55,"column":null}},"9":{"start":{"line":54,"column":4},"end":{"line":54,"column":null}},"10":{"start":{"line":58,"column":2},"end":{"line":60,"column":null}},"11":{"start":{"line":59,"column":4},"end":{"line":59,"column":null}},"12":{"start":{"line":63,"column":24},"end":{"line":63,"column":null}},"13":{"start":{"line":64,"column":2},"end":{"line":64,"column":null}},"14":{"start":{"line":66,"column":2},"end":{"line":66,"column":null}},"15":{"start":{"line":76,"column":29},"end":{"line":76,"column":null}},"16":{"start":{"line":77,"column":28},"end":{"line":77,"column":null}},"17":{"start":{"line":78,"column":25},"end":{"line":78,"column":null}},"18":{"start":{"line":80,"column":27},"end":{"line":83,"column":null}},"19":{"start":{"line":85,"column":18},"end":{"line":85,"column":null}},"20":{"start":{"line":86,"column":8},"end":{"line":91,"column":null}},"21":{"start":{"line":95,"column":2},"end":{"line":98,"column":null}},"22":{"start":{"line":96,"column":10},"end":{"line":96,"column":null}},"23":{"start":{"line":97,"column":4},"end":{"line":97,"column":null}},"24":{"start":{"line":97,"column":11},"end":{"line":97,"column":null}},"25":{"start":{"line":100,"column":2},"end":{"line":103,"column":null}},"26":{"start":{"line":101,"column":10},"end":{"line":101,"column":null}},"27":{"start":{"line":102,"column":4},"end":{"line":102,"column":null}},"28":{"start":{"line":102,"column":11},"end":{"line":102,"column":null}},"29":{"start":{"line":105,"column":2},"end":{"line":108,"column":null}},"30":{"start":{"line":106,"column":10},"end":{"line":106,"column":null}},"31":{"start":{"line":107,"column":4},"end":{"line":107,"column":null}},"32":{"start":{"line":107,"column":11},"end":{"line":107,"column":null}},"33":{"start":{"line":110,"column":2},"end":{"line":113,"column":null}},"34":{"start":{"line":111,"column":10},"end":{"line":111,"column":null}},"35":{"start":{"line":112,"column":4},"end":{"line":112,"column":null}},"36":{"start":{"line":112,"column":11},"end":{"line":112,"column":null}},"37":{"start":{"line":115,"column":2},"end":{"line":118,"column":null}},"38":{"start":{"line":116,"column":10},"end":{"line":116,"column":null}},"39":{"start":{"line":117,"column":4},"end":{"line":117,"column":null}},"40":{"start":{"line":117,"column":11},"end":{"line":117,"column":null}},"41":{"start":{"line":120,"column":2},"end":{"line":123,"column":null}},"42":{"start":{"line":121,"column":10},"end":{"line":121,"column":null}},"43":{"start":{"line":122,"column":4},"end":{"line":122,"column":null}},"44":{"start":{"line":122,"column":11},"end":{"line":122,"column":null}},"45":{"start":{"line":125,"column":2},"end":{"line":128,"column":null}},"46":{"start":{"line":126,"column":10},"end":{"line":126,"column":null}},"47":{"start":{"line":127,"column":4},"end":{"line":127,"column":null}},"48":{"start":{"line":127,"column":11},"end":{"line":127,"column":null}},"49":{"start":{"line":130,"column":2},"end":{"line":133,"column":null}},"50":{"start":{"line":131,"column":10},"end":{"line":131,"column":null}},"51":{"start":{"line":132,"column":4},"end":{"line":132,"column":null}},"52":{"start":{"line":132,"column":11},"end":{"line":132,"column":null}},"53":{"start":{"line":135,"column":2},"end":{"line":138,"column":null}},"54":{"start":{"line":136,"column":10},"end":{"line":136,"column":null}},"55":{"start":{"line":137,"column":4},"end":{"line":137,"column":null}},"56":{"start":{"line":137,"column":11},"end":{"line":137,"column":null}},"57":{"start":{"line":142,"column":2},"end":{"line":145,"column":null}},"58":{"start":{"line":143,"column":10},"end":{"line":143,"column":null}},"59":{"start":{"line":144,"column":4},"end":{"line":144,"column":null}},"60":{"start":{"line":144,"column":11},"end":{"line":144,"column":null}},"61":{"start":{"line":147,"column":2},"end":{"line":150,"column":null}},"62":{"start":{"line":148,"column":10},"end":{"line":148,"column":null}},"63":{"start":{"line":149,"column":4},"end":{"line":149,"column":null}},"64":{"start":{"line":149,"column":11},"end":{"line":149,"column":null}},"65":{"start":{"line":152,"column":2},"end":{"line":155,"column":null}},"66":{"start":{"line":153,"column":10},"end":{"line":153,"column":null}},"67":{"start":{"line":154,"column":4},"end":{"line":154,"column":null}},"68":{"start":{"line":154,"column":11},"end":{"line":154,"column":null}},"69":{"start":{"line":157,"column":2},"end":{"line":160,"column":null}},"70":{"start":{"line":158,"column":10},"end":{"line":158,"column":null}},"71":{"start":{"line":159,"column":4},"end":{"line":159,"column":null}},"72":{"start":{"line":159,"column":11},"end":{"line":159,"column":null}},"73":{"start":{"line":162,"column":2},"end":{"line":165,"column":null}},"74":{"start":{"line":163,"column":10},"end":{"line":163,"column":null}},"75":{"start":{"line":164,"column":4},"end":{"line":164,"column":null}},"76":{"start":{"line":164,"column":11},"end":{"line":164,"column":null}},"77":{"start":{"line":167,"column":2},"end":{"line":170,"column":null}},"78":{"start":{"line":168,"column":10},"end":{"line":168,"column":null}},"79":{"start":{"line":169,"column":4},"end":{"line":169,"column":null}},"80":{"start":{"line":169,"column":11},"end":{"line":169,"column":null}},"81":{"start":{"line":172,"column":21},"end":{"line":172,"column":null}},"82":{"start":{"line":174,"column":2},"end":{"line":180,"column":null}}},"fnMap":{"0":{"name":"calculateConfidence","decl":{"start":{"line":39,"column":9},"end":{"line":39,"column":null}},"loc":{"start":{"line":42,"column":10},"end":{"line":67,"column":null}},"line":42},"1":{"name":"checkCompatibility","decl":{"start":{"line":72,"column":16},"end":{"line":72,"column":null}},"loc":{"start":{"line":75,"column":41},"end":{"line":181,"column":null}},"line":75}},"branchMap":{"0":{"loc":{"start":{"line":46,"column":2},"end":{"line":50,"column":null}},"type":"if","locations":[{"start":{"line":46,"column":2},"end":{"line":50,"column":null}},{"start":{},"end":{}}],"line":46},"1":{"loc":{"start":{"line":47,"column":4},"end":{"line":47,"column":null}},"type":"if","locations":[{"start":{"line":47,"column":4},"end":{"line":47,"column":null}},{"start":{},"end":{}}],"line":47},"2":{"loc":{"start":{"line":48,"column":4},"end":{"line":48,"column":null}},"type":"if","locations":[{"start":{"line":48,"column":4},"end":{"line":48,"column":null}},{"start":{},"end":{}}],"line":48},"3":{"loc":{"start":{"line":49,"column":4},"end":{"line":49,"column":null}},"type":"if","locations":[{"start":{"line":49,"column":4},"end":{"line":49,"column":null}},{"start":{},"end":{}}],"line":49},"4":{"loc":{"start":{"line":53,"column":2},"end":{"line":55,"column":null}},"type":"if","locations":[{"start":{"line":53,"column":2},"end":{"line":55,"column":null}},{"start":{},"end":{}}],"line":53},"5":{"loc":{"start":{"line":53,"column":6},"end":{"line":53,"column":60}},"type":"binary-expr","locations":[{"start":{"line":53,"column":6},"end":{"line":53,"column":19}},{"start":{"line":53,"column":19},"end":{"line":53,"column":60}}],"line":53},"6":{"loc":{"start":{"line":58,"column":2},"end":{"line":60,"column":null}},"type":"if","locations":[{"start":{"line":58,"column":2},"end":{"line":60,"column":null}},{"start":{},"end":{}}],"line":58},"7":{"loc":{"start":{"line":58,"column":6},"end":{"line":58,"column":55}},"type":"binary-expr","locations":[{"start":{"line":58,"column":6},"end":{"line":58,"column":19}},{"start":{"line":58,"column":19},"end":{"line":58,"column":55}}],"line":58},"8":{"loc":{"start":{"line":63,"column":24},"end":{"line":63,"column":null}},"type":"binary-expr","locations":[{"start":{"line":63,"column":24},"end":{"line":63,"column":56}},{"start":{"line":63,"column":56},"end":{"line":63,"column":null}}],"line":63},"9":{"loc":{"start":{"line":85,"column":18},"end":{"line":85,"column":null}},"type":"binary-expr","locations":[{"start":{"line":85,"column":18},"end":{"line":85,"column":35}},{"start":{"line":85,"column":35},"end":{"line":85,"column":null}}],"line":85},"10":{"loc":{"start":{"line":95,"column":2},"end":{"line":98,"column":null}},"type":"if","locations":[{"start":{"line":95,"column":2},"end":{"line":98,"column":null}},{"start":{},"end":{}}],"line":95},"11":{"loc":{"start":{"line":95,"column":6},"end":{"line":95,"column":38}},"type":"binary-expr","locations":[{"start":{"line":95,"column":6},"end":{"line":95,"column":19}},{"start":{"line":95,"column":19},"end":{"line":95,"column":38}}],"line":95},"12":{"loc":{"start":{"line":97,"column":4},"end":{"line":97,"column":null}},"type":"if","locations":[{"start":{"line":97,"column":4},"end":{"line":97,"column":null}},{"start":{},"end":{}}],"line":97},"13":{"loc":{"start":{"line":100,"column":2},"end":{"line":103,"column":null}},"type":"if","locations":[{"start":{"line":100,"column":2},"end":{"line":103,"column":null}},{"start":{},"end":{}}],"line":100},"14":{"loc":{"start":{"line":100,"column":6},"end":{"line":100,"column":38}},"type":"binary-expr","locations":[{"start":{"line":100,"column":6},"end":{"line":100,"column":19}},{"start":{"line":100,"column":19},"end":{"line":100,"column":38}}],"line":100},"15":{"loc":{"start":{"line":102,"column":4},"end":{"line":102,"column":null}},"type":"if","locations":[{"start":{"line":102,"column":4},"end":{"line":102,"column":null}},{"start":{},"end":{}}],"line":102},"16":{"loc":{"start":{"line":105,"column":2},"end":{"line":108,"column":null}},"type":"if","locations":[{"start":{"line":105,"column":2},"end":{"line":108,"column":null}},{"start":{},"end":{}}],"line":105},"17":{"loc":{"start":{"line":105,"column":6},"end":{"line":105,"column":39}},"type":"binary-expr","locations":[{"start":{"line":105,"column":6},"end":{"line":105,"column":27}},{"start":{"line":105,"column":27},"end":{"line":105,"column":39}}],"line":105},"18":{"loc":{"start":{"line":107,"column":4},"end":{"line":107,"column":null}},"type":"if","locations":[{"start":{"line":107,"column":4},"end":{"line":107,"column":null}},{"start":{},"end":{}}],"line":107},"19":{"loc":{"start":{"line":110,"column":2},"end":{"line":113,"column":null}},"type":"if","locations":[{"start":{"line":110,"column":2},"end":{"line":113,"column":null}},{"start":{},"end":{}}],"line":110},"20":{"loc":{"start":{"line":110,"column":6},"end":{"line":110,"column":31}},"type":"binary-expr","locations":[{"start":{"line":110,"column":6},"end":{"line":110,"column":19}},{"start":{"line":110,"column":19},"end":{"line":110,"column":31}}],"line":110},"21":{"loc":{"start":{"line":112,"column":4},"end":{"line":112,"column":null}},"type":"if","locations":[{"start":{"line":112,"column":4},"end":{"line":112,"column":null}},{"start":{},"end":{}}],"line":112},"22":{"loc":{"start":{"line":115,"column":2},"end":{"line":118,"column":null}},"type":"if","locations":[{"start":{"line":115,"column":2},"end":{"line":118,"column":null}},{"start":{},"end":{}}],"line":115},"23":{"loc":{"start":{"line":115,"column":6},"end":{"line":115,"column":34}},"type":"binary-expr","locations":[{"start":{"line":115,"column":6},"end":{"line":115,"column":22}},{"start":{"line":115,"column":22},"end":{"line":115,"column":34}}],"line":115},"24":{"loc":{"start":{"line":117,"column":4},"end":{"line":117,"column":null}},"type":"if","locations":[{"start":{"line":117,"column":4},"end":{"line":117,"column":null}},{"start":{},"end":{}}],"line":117},"25":{"loc":{"start":{"line":120,"column":2},"end":{"line":123,"column":null}},"type":"if","locations":[{"start":{"line":120,"column":2},"end":{"line":123,"column":null}},{"start":{},"end":{}}],"line":120},"26":{"loc":{"start":{"line":120,"column":6},"end":{"line":120,"column":31}},"type":"binary-expr","locations":[{"start":{"line":120,"column":6},"end":{"line":120,"column":19}},{"start":{"line":120,"column":19},"end":{"line":120,"column":31}}],"line":120},"27":{"loc":{"start":{"line":122,"column":4},"end":{"line":122,"column":null}},"type":"if","locations":[{"start":{"line":122,"column":4},"end":{"line":122,"column":null}},{"start":{},"end":{}}],"line":122},"28":{"loc":{"start":{"line":125,"column":2},"end":{"line":128,"column":null}},"type":"if","locations":[{"start":{"line":125,"column":2},"end":{"line":128,"column":null}},{"start":{},"end":{}}],"line":125},"29":{"loc":{"start":{"line":125,"column":6},"end":{"line":125,"column":30}},"type":"binary-expr","locations":[{"start":{"line":125,"column":6},"end":{"line":125,"column":19}},{"start":{"line":125,"column":19},"end":{"line":125,"column":30}}],"line":125},"30":{"loc":{"start":{"line":127,"column":4},"end":{"line":127,"column":null}},"type":"if","locations":[{"start":{"line":127,"column":4},"end":{"line":127,"column":null}},{"start":{},"end":{}}],"line":127},"31":{"loc":{"start":{"line":130,"column":2},"end":{"line":133,"column":null}},"type":"if","locations":[{"start":{"line":130,"column":2},"end":{"line":133,"column":null}},{"start":{},"end":{}}],"line":130},"32":{"loc":{"start":{"line":132,"column":4},"end":{"line":132,"column":null}},"type":"if","locations":[{"start":{"line":132,"column":4},"end":{"line":132,"column":null}},{"start":{},"end":{}}],"line":132},"33":{"loc":{"start":{"line":135,"column":2},"end":{"line":138,"column":null}},"type":"if","locations":[{"start":{"line":135,"column":2},"end":{"line":138,"column":null}},{"start":{},"end":{}}],"line":135},"34":{"loc":{"start":{"line":135,"column":6},"end":{"line":135,"column":47}},"type":"binary-expr","locations":[{"start":{"line":135,"column":6},"end":{"line":135,"column":27}},{"start":{"line":135,"column":27},"end":{"line":135,"column":47}}],"line":135},"35":{"loc":{"start":{"line":137,"column":4},"end":{"line":137,"column":null}},"type":"if","locations":[{"start":{"line":137,"column":4},"end":{"line":137,"column":null}},{"start":{},"end":{}}],"line":137},"36":{"loc":{"start":{"line":142,"column":2},"end":{"line":145,"column":null}},"type":"if","locations":[{"start":{"line":142,"column":2},"end":{"line":145,"column":null}},{"start":{},"end":{}}],"line":142},"37":{"loc":{"start":{"line":142,"column":6},"end":{"line":142,"column":29}},"type":"binary-expr","locations":[{"start":{"line":142,"column":6},"end":{"line":142,"column":19}},{"start":{"line":142,"column":19},"end":{"line":142,"column":29}}],"line":142},"38":{"loc":{"start":{"line":144,"column":4},"end":{"line":144,"column":null}},"type":"if","locations":[{"start":{"line":144,"column":4},"end":{"line":144,"column":null}},{"start":{},"end":{}}],"line":144},"39":{"loc":{"start":{"line":147,"column":2},"end":{"line":150,"column":null}},"type":"if","locations":[{"start":{"line":147,"column":2},"end":{"line":150,"column":null}},{"start":{},"end":{}}],"line":147},"40":{"loc":{"start":{"line":147,"column":6},"end":{"line":147,"column":38}},"type":"binary-expr","locations":[{"start":{"line":147,"column":6},"end":{"line":147,"column":19}},{"start":{"line":147,"column":19},"end":{"line":147,"column":38}}],"line":147},"41":{"loc":{"start":{"line":149,"column":4},"end":{"line":149,"column":null}},"type":"if","locations":[{"start":{"line":149,"column":4},"end":{"line":149,"column":null}},{"start":{},"end":{}}],"line":149},"42":{"loc":{"start":{"line":152,"column":2},"end":{"line":155,"column":null}},"type":"if","locations":[{"start":{"line":152,"column":2},"end":{"line":155,"column":null}},{"start":{},"end":{}}],"line":152},"43":{"loc":{"start":{"line":152,"column":6},"end":{"line":152,"column":31}},"type":"binary-expr","locations":[{"start":{"line":152,"column":6},"end":{"line":152,"column":19}},{"start":{"line":152,"column":19},"end":{"line":152,"column":31}}],"line":152},"44":{"loc":{"start":{"line":154,"column":4},"end":{"line":154,"column":null}},"type":"if","locations":[{"start":{"line":154,"column":4},"end":{"line":154,"column":null}},{"start":{},"end":{}}],"line":154},"45":{"loc":{"start":{"line":157,"column":2},"end":{"line":160,"column":null}},"type":"if","locations":[{"start":{"line":157,"column":2},"end":{"line":160,"column":null}},{"start":{},"end":{}}],"line":157},"46":{"loc":{"start":{"line":157,"column":6},"end":{"line":157,"column":30}},"type":"binary-expr","locations":[{"start":{"line":157,"column":6},"end":{"line":157,"column":19}},{"start":{"line":157,"column":19},"end":{"line":157,"column":30}}],"line":157},"47":{"loc":{"start":{"line":159,"column":4},"end":{"line":159,"column":null}},"type":"if","locations":[{"start":{"line":159,"column":4},"end":{"line":159,"column":null}},{"start":{},"end":{}}],"line":159},"48":{"loc":{"start":{"line":162,"column":2},"end":{"line":165,"column":null}},"type":"if","locations":[{"start":{"line":162,"column":2},"end":{"line":165,"column":null}},{"start":{},"end":{}}],"line":162},"49":{"loc":{"start":{"line":162,"column":6},"end":{"line":162,"column":34}},"type":"binary-expr","locations":[{"start":{"line":162,"column":6},"end":{"line":162,"column":22}},{"start":{"line":162,"column":22},"end":{"line":162,"column":34}}],"line":162},"50":{"loc":{"start":{"line":164,"column":4},"end":{"line":164,"column":null}},"type":"if","locations":[{"start":{"line":164,"column":4},"end":{"line":164,"column":null}},{"start":{},"end":{}}],"line":164},"51":{"loc":{"start":{"line":167,"column":2},"end":{"line":170,"column":null}},"type":"if","locations":[{"start":{"line":167,"column":2},"end":{"line":170,"column":null}},{"start":{},"end":{}}],"line":167},"52":{"loc":{"start":{"line":169,"column":4},"end":{"line":169,"column":null}},"type":"if","locations":[{"start":{"line":169,"column":4},"end":{"line":169,"column":null}},{"start":{},"end":{}}],"line":169}},"s":{"0":23,"1":23,"2":11,"3":0,"4":11,"5":0,"6":11,"7":1,"8":23,"9":0,"10":23,"11":6,"12":23,"13":23,"14":23,"15":23,"16":23,"17":23,"18":23,"19":23,"20":23,"21":23,"22":5,"23":5,"24":2,"25":23,"26":5,"27":5,"28":2,"29":23,"30":4,"31":4,"32":2,"33":23,"34":6,"35":6,"36":4,"37":23,"38":4,"39":4,"40":1,"41":23,"42":5,"43":5,"44":2,"45":23,"46":7,"47":7,"48":3,"49":23,"50":8,"51":8,"52":2,"53":23,"54":5,"55":5,"56":2,"57":23,"58":8,"59":8,"60":3,"61":23,"62":5,"63":5,"64":1,"65":23,"66":6,"67":6,"68":4,"69":23,"70":4,"71":4,"72":3,"73":23,"74":4,"75":4,"76":1,"77":23,"78":10,"79":10,"80":3,"81":23,"82":23},"f":{"0":23,"1":23},"b":{"0":[11,12],"1":[0,11],"2":[0,11],"3":[1,10],"4":[0,23],"5":[23,9],"6":[6,17],"7":[23,8],"8":[23,22],"9":[23,18],"10":[5,18],"11":[23,10],"12":[2,3],"13":[5,18],"14":[23,6],"15":[2,3],"16":[4,19],"17":[23,10],"18":[2,2],"19":[6,17],"20":[23,9],"21":[4,2],"22":[4,19],"23":[23,4],"24":[1,3],"25":[5,18],"26":[23,8],"27":[2,3],"28":[7,16],"29":[23,9],"30":[3,4],"31":[8,15],"32":[2,6],"33":[5,18],"34":[23,10],"35":[2,3],"36":[8,15],"37":[23,8],"38":[3,5],"39":[5,18],"40":[23,10],"41":[1,4],"42":[6,17],"43":[23,9],"44":[4,2],"45":[4,19],"46":[23,6],"47":[3,1],"48":[4,19],"49":[23,4],"50":[1,3],"51":[10,13],"52":[3,7]},"meta":{"lastBranch":53,"lastFunction":2,"lastStatement":83,"seen":{"f:39:9:39:Infinity":0,"s:43:19:43:Infinity":0,"b:46:2:50:Infinity:undefined:undefined:undefined:undefined":0,"s:46:2:50:Infinity":1,"b:47:4:47:Infinity:undefined:undefined:undefined:undefined":1,"s:47:4:47:Infinity":2,"s:47:52:47:Infinity":3,"b:48:4:48:Infinity:undefined:undefined:undefined:undefined":2,"s:48:4:48:Infinity":4,"s:48:55:48:Infinity":5,"b:49:4:49:Infinity:undefined:undefined:undefined:undefined":3,"s:49:4:49:Infinity":6,"s:49:52:49:Infinity":7,"b:53:2:55:Infinity:undefined:undefined:undefined:undefined":4,"s:53:2:55:Infinity":8,"b:53:6:53:19:53:19:53:60":5,"s:54:4:54:Infinity":9,"b:58:2:60:Infinity:undefined:undefined:undefined:undefined":6,"s:58:2:60:Infinity":10,"b:58:6:58:19:58:19:58:55":7,"s:59:4:59:Infinity":11,"s:63:24:63:Infinity":12,"b:63:24:63:56:63:56:63:Infinity":8,"s:64:2:64:Infinity":13,"s:66:2:66:Infinity":14,"f:72:16:72:Infinity":1,"s:76:29:76:Infinity":15,"s:77:28:77:Infinity":16,"s:78:25:78:Infinity":17,"s:80:27:83:Infinity":18,"s:85:18:85:Infinity":19,"b:85:18:85:35:85:35:85:Infinity":9,"s:86:8:91:Infinity":20,"b:95:2:98:Infinity:undefined:undefined:undefined:undefined":10,"s:95:2:98:Infinity":21,"b:95:6:95:19:95:19:95:38":11,"s:96:10:96:Infinity":22,"b:97:4:97:Infinity:undefined:undefined:undefined:undefined":12,"s:97:4:97:Infinity":23,"s:97:11:97:Infinity":24,"b:100:2:103:Infinity:undefined:undefined:undefined:undefined":13,"s:100:2:103:Infinity":25,"b:100:6:100:19:100:19:100:38":14,"s:101:10:101:Infinity":26,"b:102:4:102:Infinity:undefined:undefined:undefined:undefined":15,"s:102:4:102:Infinity":27,"s:102:11:102:Infinity":28,"b:105:2:108:Infinity:undefined:undefined:undefined:undefined":16,"s:105:2:108:Infinity":29,"b:105:6:105:27:105:27:105:39":17,"s:106:10:106:Infinity":30,"b:107:4:107:Infinity:undefined:undefined:undefined:undefined":18,"s:107:4:107:Infinity":31,"s:107:11:107:Infinity":32,"b:110:2:113:Infinity:undefined:undefined:undefined:undefined":19,"s:110:2:113:Infinity":33,"b:110:6:110:19:110:19:110:31":20,"s:111:10:111:Infinity":34,"b:112:4:112:Infinity:undefined:undefined:undefined:undefined":21,"s:112:4:112:Infinity":35,"s:112:11:112:Infinity":36,"b:115:2:118:Infinity:undefined:undefined:undefined:undefined":22,"s:115:2:118:Infinity":37,"b:115:6:115:22:115:22:115:34":23,"s:116:10:116:Infinity":38,"b:117:4:117:Infinity:undefined:undefined:undefined:undefined":24,"s:117:4:117:Infinity":39,"s:117:11:117:Infinity":40,"b:120:2:123:Infinity:undefined:undefined:undefined:undefined":25,"s:120:2:123:Infinity":41,"b:120:6:120:19:120:19:120:31":26,"s:121:10:121:Infinity":42,"b:122:4:122:Infinity:undefined:undefined:undefined:undefined":27,"s:122:4:122:Infinity":43,"s:122:11:122:Infinity":44,"b:125:2:128:Infinity:undefined:undefined:undefined:undefined":28,"s:125:2:128:Infinity":45,"b:125:6:125:19:125:19:125:30":29,"s:126:10:126:Infinity":46,"b:127:4:127:Infinity:undefined:undefined:undefined:undefined":30,"s:127:4:127:Infinity":47,"s:127:11:127:Infinity":48,"b:130:2:133:Infinity:undefined:undefined:undefined:undefined":31,"s:130:2:133:Infinity":49,"s:131:10:131:Infinity":50,"b:132:4:132:Infinity:undefined:undefined:undefined:undefined":32,"s:132:4:132:Infinity":51,"s:132:11:132:Infinity":52,"b:135:2:138:Infinity:undefined:undefined:undefined:undefined":33,"s:135:2:138:Infinity":53,"b:135:6:135:27:135:27:135:47":34,"s:136:10:136:Infinity":54,"b:137:4:137:Infinity:undefined:undefined:undefined:undefined":35,"s:137:4:137:Infinity":55,"s:137:11:137:Infinity":56,"b:142:2:145:Infinity:undefined:undefined:undefined:undefined":36,"s:142:2:145:Infinity":57,"b:142:6:142:19:142:19:142:29":37,"s:143:10:143:Infinity":58,"b:144:4:144:Infinity:undefined:undefined:undefined:undefined":38,"s:144:4:144:Infinity":59,"s:144:11:144:Infinity":60,"b:147:2:150:Infinity:undefined:undefined:undefined:undefined":39,"s:147:2:150:Infinity":61,"b:147:6:147:19:147:19:147:38":40,"s:148:10:148:Infinity":62,"b:149:4:149:Infinity:undefined:undefined:undefined:undefined":41,"s:149:4:149:Infinity":63,"s:149:11:149:Infinity":64,"b:152:2:155:Infinity:undefined:undefined:undefined:undefined":42,"s:152:2:155:Infinity":65,"b:152:6:152:19:152:19:152:31":43,"s:153:10:153:Infinity":66,"b:154:4:154:Infinity:undefined:undefined:undefined:undefined":44,"s:154:4:154:Infinity":67,"s:154:11:154:Infinity":68,"b:157:2:160:Infinity:undefined:undefined:undefined:undefined":45,"s:157:2:160:Infinity":69,"b:157:6:157:19:157:19:157:30":46,"s:158:10:158:Infinity":70,"b:159:4:159:Infinity:undefined:undefined:undefined:undefined":47,"s:159:4:159:Infinity":71,"s:159:11:159:Infinity":72,"b:162:2:165:Infinity:undefined:undefined:undefined:undefined":48,"s:162:2:165:Infinity":73,"b:162:6:162:22:162:22:162:34":49,"s:163:10:163:Infinity":74,"b:164:4:164:Infinity:undefined:undefined:undefined:undefined":50,"s:164:4:164:Infinity":75,"s:164:11:164:Infinity":76,"b:167:2:170:Infinity:undefined:undefined:undefined:undefined":51,"s:167:2:170:Infinity":77,"s:168:10:168:Infinity":78,"b:169:4:169:Infinity:undefined:undefined:undefined:undefined":52,"s:169:4:169:Infinity":79,"s:169:11:169:Infinity":80,"s:172:21:172:Infinity":81,"s:174:2:180:Infinity":82}}}
,"/Users/alain/Desktop/PCBuilder/lib/compatibility/power.ts": {"path":"/Users/alain/Desktop/PCBuilder/lib/compatibility/power.ts","statementMap":{"0":{"start":{"line":8,"column":20},"end":{"line":8,"column":null}},"1":{"start":{"line":9,"column":23},"end":{"line":9,"column":null}},"2":{"start":{"line":10,"column":23},"end":{"line":10,"column":null}},"3":{"start":{"line":11,"column":22},"end":{"line":11,"column":null}},"4":{"start":{"line":12,"column":28},"end":{"line":12,"column":null}},"5":{"start":{"line":23,"column":14},"end":{"line":23,"column":null}},"6":{"start":{"line":25,"column":2},"end":{"line":27,"column":null}},"7":{"start":{"line":26,"column":4},"end":{"line":26,"column":null}},"8":{"start":{"line":29,"column":2},"end":{"line":31,"column":null}},"9":{"start":{"line":30,"column":4},"end":{"line":30,"column":null}},"10":{"start":{"line":33,"column":2},"end":{"line":35,"column":null}},"11":{"start":{"line":34,"column":4},"end":{"line":34,"column":null}},"12":{"start":{"line":37,"column":2},"end":{"line":39,"column":null}},"13":{"start":{"line":38,"column":4},"end":{"line":38,"column":null}},"14":{"start":{"line":41,"column":2},"end":{"line":41,"column":null}},"15":{"start":{"line":48,"column":2},"end":{"line":48,"column":null}},"16":{"start":{"line":48,"column":26},"end":{"line":48,"column":null}},"17":{"start":{"line":49,"column":2},"end":{"line":49,"column":null}}},"fnMap":{"0":{"name":"estimateLoad","decl":{"start":{"line":17,"column":16},"end":{"line":17,"column":29}},"loc":{"start":{"line":22,"column":11},"end":{"line":42,"column":null}},"line":22},"1":{"name":"getHeadroom","decl":{"start":{"line":47,"column":16},"end":{"line":47,"column":28}},"loc":{"start":{"line":47,"column":79},"end":{"line":50,"column":null}},"line":47}},"branchMap":{"0":{"loc":{"start":{"line":25,"column":2},"end":{"line":27,"column":null}},"type":"if","locations":[{"start":{"line":25,"column":2},"end":{"line":27,"column":null}},{"start":{},"end":{}}],"line":25},"1":{"loc":{"start":{"line":29,"column":2},"end":{"line":31,"column":null}},"type":"if","locations":[{"start":{"line":29,"column":2},"end":{"line":31,"column":null}},{"start":{},"end":{}}],"line":29},"2":{"loc":{"start":{"line":33,"column":2},"end":{"line":35,"column":null}},"type":"if","locations":[{"start":{"line":33,"column":2},"end":{"line":35,"column":null}},{"start":{},"end":{}}],"line":33},"3":{"loc":{"start":{"line":37,"column":2},"end":{"line":39,"column":null}},"type":"if","locations":[{"start":{"line":37,"column":2},"end":{"line":39,"column":null}},{"start":{},"end":{}}],"line":37},"4":{"loc":{"start":{"line":48,"column":2},"end":{"line":48,"column":null}},"type":"if","locations":[{"start":{"line":48,"column":2},"end":{"line":48,"column":null}},{"start":{},"end":{}}],"line":48}},"s":{"0":2,"1":2,"2":2,"3":2,"4":2,"5":31,"6":31,"7":17,"8":31,"9":14,"10":31,"11":11,"12":31,"13":7,"14":31,"15":5,"16":0,"17":5},"f":{"0":31,"1":5},"b":{"0":[17,14],"1":[14,17],"2":[11,20],"3":[7,24],"4":[0,5]},"meta":{"lastBranch":5,"lastFunction":2,"lastStatement":18,"seen":{"s:8:20:8:Infinity":0,"s:9:23:9:Infinity":1,"s:10:23:10:Infinity":2,"s:11:22:11:Infinity":3,"s:12:28:12:Infinity":4,"f:17:16:17:29":0,"s:23:14:23:Infinity":5,"b:25:2:27:Infinity:undefined:undefined:undefined:undefined":0,"s:25:2:27:Infinity":6,"s:26:4:26:Infinity":7,"b:29:2:31:Infinity:undefined:undefined:undefined:undefined":1,"s:29:2:31:Infinity":8,"s:30:4:30:Infinity":9,"b:33:2:35:Infinity:undefined:undefined:undefined:undefined":2,"s:33:2:35:Infinity":10,"s:34:4:34:Infinity":11,"b:37:2:39:Infinity:undefined:undefined:undefined:undefined":3,"s:37:2:39:Infinity":12,"s:38:4:38:Infinity":13,"s:41:2:41:Infinity":14,"f:47:16:47:28":1,"b:48:2:48:Infinity:undefined:undefined:undefined:undefined":4,"s:48:2:48:Infinity":15,"s:48:26:48:Infinity":16,"s:49:2:49:Infinity":17}}}
,"/Users/alain/Desktop/PCBuilder/lib/compatibility/rules.ts": {"path":"/Users/alain/Desktop/PCBuilder/lib/compatibility/rules.ts","statementMap":{"0":{"start":{"line":21,"column":2},"end":{"line":21,"column":null}},"1":{"start":{"line":25,"column":64},"end":{"line":30,"column":null}},"2":{"start":{"line":34,"column":2},"end":{"line":34,"column":null}},"3":{"start":{"line":34,"column":23},"end":{"line":34,"column":null}},"4":{"start":{"line":35,"column":2},"end":{"line":35,"column":null}},"5":{"start":{"line":35,"column":22},"end":{"line":35,"column":null}},"6":{"start":{"line":36,"column":2},"end":{"line":36,"column":null}},"7":{"start":{"line":36,"column":22},"end":{"line":36,"column":null}},"8":{"start":{"line":37,"column":2},"end":{"line":37,"column":null}},"9":{"start":{"line":37,"column":22},"end":{"line":37,"column":null}},"10":{"start":{"line":38,"column":2},"end":{"line":38,"column":null}},"11":{"start":{"line":43,"column":2},"end":{"line":48,"column":null}},"12":{"start":{"line":44,"column":4},"end":{"line":44,"column":null}},"13":{"start":{"line":44,"column":42},"end":{"line":44,"column":null}},"14":{"start":{"line":45,"column":4},"end":{"line":45,"column":null}},"15":{"start":{"line":45,"column":23},"end":{"line":45,"column":null}},"16":{"start":{"line":46,"column":4},"end":{"line":46,"column":null}},"17":{"start":{"line":46,"column":23},"end":{"line":46,"column":null}},"18":{"start":{"line":47,"column":4},"end":{"line":47,"column":null}},"19":{"start":{"line":68,"column":2},"end":{"line":77,"column":null}},"20":{"start":{"line":69,"column":4},"end":{"line":76,"column":null}},"21":{"start":{"line":78,"column":2},"end":{"line":78,"column":null}},"22":{"start":{"line":82,"column":2},"end":{"line":91,"column":null}},"23":{"start":{"line":83,"column":4},"end":{"line":90,"column":null}},"24":{"start":{"line":92,"column":2},"end":{"line":92,"column":null}},"25":{"start":{"line":99,"column":20},"end":{"line":99,"column":null}},"26":{"start":{"line":100,"column":2},"end":{"line":109,"column":null}},"27":{"start":{"line":101,"column":4},"end":{"line":108,"column":null}},"28":{"start":{"line":110,"column":2},"end":{"line":110,"column":null}},"29":{"start":{"line":114,"column":2},"end":{"line":123,"column":null}},"30":{"start":{"line":115,"column":4},"end":{"line":122,"column":null}},"31":{"start":{"line":124,"column":2},"end":{"line":124,"column":null}},"32":{"start":{"line":128,"column":17},"end":{"line":128,"column":null}},"33":{"start":{"line":129,"column":2},"end":{"line":140,"column":null}},"34":{"start":{"line":130,"column":4},"end":{"line":139,"column":null}},"35":{"start":{"line":131,"column":6},"end":{"line":138,"column":null}},"36":{"start":{"line":141,"column":2},"end":{"line":141,"column":null}},"37":{"start":{"line":149,"column":20},"end":{"line":149,"column":null}},"38":{"start":{"line":150,"column":20},"end":{"line":150,"column":null}},"39":{"start":{"line":151,"column":2},"end":{"line":160,"column":null}},"40":{"start":{"line":152,"column":4},"end":{"line":159,"column":null}},"41":{"start":{"line":161,"column":2},"end":{"line":161,"column":null}},"42":{"start":{"line":169,"column":17},"end":{"line":169,"column":null}},"43":{"start":{"line":170,"column":20},"end":{"line":170,"column":null}},"44":{"start":{"line":171,"column":2},"end":{"line":180,"column":null}},"45":{"start":{"line":172,"column":4},"end":{"line":179,"column":null}},"46":{"start":{"line":181,"column":2},"end":{"line":181,"column":null}},"47":{"start":{"line":185,"column":22},"end":{"line":185,"column":null}},"48":{"start":{"line":186,"column":2},"end":{"line":195,"column":null}},"49":{"start":{"line":187,"column":4},"end":{"line":194,"column":null}},"50":{"start":{"line":196,"column":2},"end":{"line":196,"column":null}},"51":{"start":{"line":203,"column":21},"end":{"line":203,"column":null}},"52":{"start":{"line":203,"column":43},"end":{"line":203,"column":71}},"53":{"start":{"line":204,"column":2},"end":{"line":204,"column":null}},"54":{"start":{"line":204,"column":31},"end":{"line":204,"column":null}},"55":{"start":{"line":205,"column":18},"end":{"line":205,"column":null}},"56":{"start":{"line":206,"column":2},"end":{"line":215,"column":null}},"57":{"start":{"line":207,"column":4},"end":{"line":214,"column":null}},"58":{"start":{"line":212,"column":48},"end":{"line":212,"column":52}},"59":{"start":{"line":216,"column":2},"end":{"line":216,"column":null}},"60":{"start":{"line":222,"column":19},"end":{"line":222,"column":null}},"61":{"start":{"line":223,"column":2},"end":{"line":232,"column":null}},"62":{"start":{"line":224,"column":4},"end":{"line":231,"column":null}},"63":{"start":{"line":233,"column":2},"end":{"line":233,"column":null}},"64":{"start":{"line":237,"column":33},"end":{"line":237,"column":null}},"65":{"start":{"line":243,"column":18},"end":{"line":243,"column":null}},"66":{"start":{"line":244,"column":24},"end":{"line":246,"column":null}},"67":{"start":{"line":245,"column":11},"end":{"line":245,"column":null}},"68":{"start":{"line":247,"column":2},"end":{"line":256,"column":null}},"69":{"start":{"line":248,"column":4},"end":{"line":255,"column":null}},"70":{"start":{"line":257,"column":2},"end":{"line":257,"column":null}},"71":{"start":{"line":261,"column":2},"end":{"line":270,"column":null}},"72":{"start":{"line":262,"column":4},"end":{"line":269,"column":null}},"73":{"start":{"line":271,"column":2},"end":{"line":271,"column":null}},"74":{"start":{"line":275,"column":19},"end":{"line":275,"column":null}},"75":{"start":{"line":276,"column":19},"end":{"line":276,"column":null}},"76":{"start":{"line":277,"column":2},"end":{"line":286,"column":null}},"77":{"start":{"line":278,"column":4},"end":{"line":285,"column":null}},"78":{"start":{"line":287,"column":2},"end":{"line":287,"column":null}},"79":{"start":{"line":291,"column":2},"end":{"line":303,"column":null}},"80":{"start":{"line":292,"column":16},"end":{"line":292,"column":null}},"81":{"start":{"line":293,"column":4},"end":{"line":302,"column":null}},"82":{"start":{"line":294,"column":6},"end":{"line":301,"column":null}},"83":{"start":{"line":304,"column":2},"end":{"line":304,"column":null}},"84":{"start":{"line":312,"column":27},"end":{"line":312,"column":null}},"85":{"start":{"line":313,"column":2},"end":{"line":315,"column":null}},"86":{"start":{"line":314,"column":4},"end":{"line":314,"column":null}},"87":{"start":{"line":316,"column":20},"end":{"line":316,"column":null}},"88":{"start":{"line":316,"column":43},"end":{"line":316,"column":71}},"89":{"start":{"line":317,"column":2},"end":{"line":319,"column":null}},"90":{"start":{"line":318,"column":4},"end":{"line":318,"column":null}},"91":{"start":{"line":320,"column":2},"end":{"line":329,"column":null}},"92":{"start":{"line":321,"column":4},"end":{"line":328,"column":null}},"93":{"start":{"line":330,"column":2},"end":{"line":330,"column":null}}},"fnMap":{"0":{"name":"createIssue","decl":{"start":{"line":13,"column":9},"end":{"line":13,"column":null}},"loc":{"start":{"line":20,"column":9},"end":{"line":22,"column":null}},"line":20},"1":{"name":"inferPsuConnectors","decl":{"start":{"line":33,"column":9},"end":{"line":33,"column":28}},"loc":{"start":{"line":33,"column":53},"end":{"line":39,"column":null}},"line":33},"2":{"name":"gpuConnectorDemand","decl":{"start":{"line":42,"column":9},"end":{"line":42,"column":28}},"loc":{"start":{"line":42,"column":58},"end":{"line":49,"column":null}},"line":42},"3":{"name":"(anonymous_3)","decl":{"start":{"line":43,"column":27},"end":{"line":43,"column":28}},"loc":{"start":{"line":43,"column":39},"end":{"line":48,"column":5}},"line":43},"4":{"name":"socketMismatch","decl":{"start":{"line":64,"column":16},"end":{"line":64,"column":null}},"loc":{"start":{"line":67,"column":16},"end":{"line":79,"column":null}},"line":67},"5":{"name":"ramTypeMismatch","decl":{"start":{"line":81,"column":16},"end":{"line":81,"column":32}},"loc":{"start":{"line":81,"column":82},"end":{"line":93,"column":null}},"line":81},"6":{"name":"formFactorIncompatible","decl":{"start":{"line":95,"column":16},"end":{"line":95,"column":null}},"loc":{"start":{"line":98,"column":16},"end":{"line":111,"column":null}},"line":98},"7":{"name":"gpuTooLong","decl":{"start":{"line":113,"column":16},"end":{"line":113,"column":27}},"loc":{"start":{"line":113,"column":65},"end":{"line":125,"column":null}},"line":113},"8":{"name":"coolerTooTall","decl":{"start":{"line":127,"column":16},"end":{"line":127,"column":30}},"loc":{"start":{"line":127,"column":74},"end":{"line":142,"column":null}},"line":127},"9":{"name":"psuTooLong","decl":{"start":{"line":144,"column":16},"end":{"line":144,"column":null}},"loc":{"start":{"line":148,"column":16},"end":{"line":162,"column":null}},"line":148},"10":{"name":"insufficientPsuConnectors","decl":{"start":{"line":164,"column":16},"end":{"line":164,"column":null}},"loc":{"start":{"line":168,"column":16},"end":{"line":182,"column":null}},"line":168},"11":{"name":"insufficientPower","decl":{"start":{"line":184,"column":16},"end":{"line":184,"column":34}},"loc":{"start":{"line":184,"column":81},"end":{"line":197,"column":null}},"line":184},"12":{"name":"noM2Slots","decl":{"start":{"line":199,"column":16},"end":{"line":199,"column":null}},"loc":{"start":{"line":202,"column":16},"end":{"line":217,"column":null}},"line":202},"13":{"name":"(anonymous_13)","decl":{"start":{"line":203,"column":36},"end":{"line":203,"column":37}},"loc":{"start":{"line":203,"column":43},"end":{"line":203,"column":71}},"line":203},"14":{"name":"(anonymous_14)","decl":{"start":{"line":212,"column":41},"end":{"line":212,"column":42}},"loc":{"start":{"line":212,"column":48},"end":{"line":212,"column":52}},"line":212},"15":{"name":"lowPsuHeadroom","decl":{"start":{"line":221,"column":16},"end":{"line":221,"column":31}},"loc":{"start":{"line":221,"column":78},"end":{"line":234,"column":null}},"line":221},"16":{"name":"biosUpdateNeeded","decl":{"start":{"line":239,"column":16},"end":{"line":239,"column":null}},"loc":{"start":{"line":242,"column":16},"end":{"line":258,"column":null}},"line":242},"17":{"name":"(anonymous_17)","decl":{"start":{"line":245,"column":4},"end":{"line":245,"column":5}},"loc":{"start":{"line":245,"column":11},"end":{"line":245,"column":null}},"line":245},"18":{"name":"gpuThicknessRisk","decl":{"start":{"line":260,"column":16},"end":{"line":260,"column":33}},"loc":{"start":{"line":260,"column":71},"end":{"line":272,"column":null}},"line":260},"19":{"name":"ramSpeedRisk","decl":{"start":{"line":274,"column":16},"end":{"line":274,"column":29}},"loc":{"start":{"line":274,"column":63},"end":{"line":288,"column":null}},"line":274},"20":{"name":"radiatorConflict","decl":{"start":{"line":290,"column":16},"end":{"line":290,"column":33}},"loc":{"start":{"line":290,"column":77},"end":{"line":305,"column":null}},"line":290},"21":{"name":"noUpgradeRoom","decl":{"start":{"line":307,"column":16},"end":{"line":307,"column":null}},"loc":{"start":{"line":311,"column":16},"end":{"line":331,"column":null}},"line":311},"22":{"name":"(anonymous_22)","decl":{"start":{"line":316,"column":36},"end":{"line":316,"column":37}},"loc":{"start":{"line":316,"column":43},"end":{"line":316,"column":71}},"line":316}},"branchMap":{"0":{"loc":{"start":{"line":34,"column":2},"end":{"line":34,"column":null}},"type":"if","locations":[{"start":{"line":34,"column":2},"end":{"line":34,"column":null}},{"start":{},"end":{}}],"line":34},"1":{"loc":{"start":{"line":35,"column":2},"end":{"line":35,"column":null}},"type":"if","locations":[{"start":{"line":35,"column":2},"end":{"line":35,"column":null}},{"start":{},"end":{}}],"line":35},"2":{"loc":{"start":{"line":36,"column":2},"end":{"line":36,"column":null}},"type":"if","locations":[{"start":{"line":36,"column":2},"end":{"line":36,"column":null}},{"start":{},"end":{}}],"line":36},"3":{"loc":{"start":{"line":37,"column":2},"end":{"line":37,"column":null}},"type":"if","locations":[{"start":{"line":37,"column":2},"end":{"line":37,"column":null}},{"start":{},"end":{}}],"line":37},"4":{"loc":{"start":{"line":44,"column":4},"end":{"line":44,"column":null}},"type":"if","locations":[{"start":{"line":44,"column":4},"end":{"line":44,"column":null}},{"start":{},"end":{}}],"line":44},"5":{"loc":{"start":{"line":44,"column":8},"end":{"line":44,"column":42}},"type":"binary-expr","locations":[{"start":{"line":44,"column":8},"end":{"line":44,"column":26}},{"start":{"line":44,"column":26},"end":{"line":44,"column":42}}],"line":44},"6":{"loc":{"start":{"line":45,"column":4},"end":{"line":45,"column":null}},"type":"if","locations":[{"start":{"line":45,"column":4},"end":{"line":45,"column":null}},{"start":{},"end":{}}],"line":45},"7":{"loc":{"start":{"line":46,"column":4},"end":{"line":46,"column":null}},"type":"if","locations":[{"start":{"line":46,"column":4},"end":{"line":46,"column":null}},{"start":{},"end":{}}],"line":46},"8":{"loc":{"start":{"line":68,"column":2},"end":{"line":77,"column":null}},"type":"if","locations":[{"start":{"line":68,"column":2},"end":{"line":77,"column":null}},{"start":{},"end":{}}],"line":68},"9":{"loc":{"start":{"line":82,"column":2},"end":{"line":91,"column":null}},"type":"if","locations":[{"start":{"line":82,"column":2},"end":{"line":91,"column":null}},{"start":{},"end":{}}],"line":82},"10":{"loc":{"start":{"line":100,"column":2},"end":{"line":109,"column":null}},"type":"if","locations":[{"start":{"line":100,"column":2},"end":{"line":109,"column":null}},{"start":{},"end":{}}],"line":100},"11":{"loc":{"start":{"line":114,"column":2},"end":{"line":123,"column":null}},"type":"if","locations":[{"start":{"line":114,"column":2},"end":{"line":123,"column":null}},{"start":{},"end":{}}],"line":114},"12":{"loc":{"start":{"line":129,"column":2},"end":{"line":140,"column":null}},"type":"if","locations":[{"start":{"line":129,"column":2},"end":{"line":140,"column":null}},{"start":{},"end":{}}],"line":129},"13":{"loc":{"start":{"line":129,"column":6},"end":{"line":129,"column":53}},"type":"binary-expr","locations":[{"start":{"line":129,"column":6},"end":{"line":129,"column":37}},{"start":{"line":129,"column":37},"end":{"line":129,"column":53}}],"line":129},"14":{"loc":{"start":{"line":130,"column":4},"end":{"line":139,"column":null}},"type":"if","locations":[{"start":{"line":130,"column":4},"end":{"line":139,"column":null}},{"start":{},"end":{}}],"line":130},"15":{"loc":{"start":{"line":149,"column":20},"end":{"line":149,"column":null}},"type":"binary-expr","locations":[{"start":{"line":149,"column":20},"end":{"line":149,"column":41}},{"start":{"line":149,"column":41},"end":{"line":149,"column":null}}],"line":149},"16":{"loc":{"start":{"line":149,"column":41},"end":{"line":149,"column":null}},"type":"cond-expr","locations":[{"start":{"line":149,"column":75},"end":{"line":149,"column":81}},{"start":{"line":149,"column":81},"end":{"line":149,"column":null}}],"line":149},"17":{"loc":{"start":{"line":151,"column":2},"end":{"line":160,"column":null}},"type":"if","locations":[{"start":{"line":151,"column":2},"end":{"line":160,"column":null}},{"start":{},"end":{}}],"line":151},"18":{"loc":{"start":{"line":151,"column":6},"end":{"line":151,"column":50}},"type":"binary-expr","locations":[{"start":{"line":151,"column":6},"end":{"line":151,"column":27}},{"start":{"line":151,"column":27},"end":{"line":151,"column":50}}],"line":151},"19":{"loc":{"start":{"line":170,"column":20},"end":{"line":170,"column":null}},"type":"binary-expr","locations":[{"start":{"line":170,"column":20},"end":{"line":170,"column":46}},{"start":{"line":170,"column":46},"end":{"line":170,"column":null}}],"line":170},"20":{"loc":{"start":{"line":171,"column":2},"end":{"line":180,"column":null}},"type":"if","locations":[{"start":{"line":171,"column":2},"end":{"line":180,"column":null}},{"start":{},"end":{}}],"line":171},"21":{"loc":{"start":{"line":186,"column":2},"end":{"line":195,"column":null}},"type":"if","locations":[{"start":{"line":186,"column":2},"end":{"line":195,"column":null}},{"start":{},"end":{}}],"line":186},"22":{"loc":{"start":{"line":204,"column":2},"end":{"line":204,"column":null}},"type":"if","locations":[{"start":{"line":204,"column":2},"end":{"line":204,"column":null}},{"start":{},"end":{}}],"line":204},"23":{"loc":{"start":{"line":205,"column":18},"end":{"line":205,"column":null}},"type":"binary-expr","locations":[{"start":{"line":205,"column":18},"end":{"line":205,"column":48}},{"start":{"line":205,"column":48},"end":{"line":205,"column":null}}],"line":205},"24":{"loc":{"start":{"line":206,"column":2},"end":{"line":215,"column":null}},"type":"if","locations":[{"start":{"line":206,"column":2},"end":{"line":215,"column":null}},{"start":{},"end":{}}],"line":206},"25":{"loc":{"start":{"line":206,"column":6},"end":{"line":206,"column":52}},"type":"binary-expr","locations":[{"start":{"line":206,"column":6},"end":{"line":206,"column":23}},{"start":{"line":206,"column":23},"end":{"line":206,"column":52}}],"line":206},"26":{"loc":{"start":{"line":223,"column":2},"end":{"line":232,"column":null}},"type":"if","locations":[{"start":{"line":223,"column":2},"end":{"line":232,"column":null}},{"start":{},"end":{}}],"line":223},"27":{"loc":{"start":{"line":223,"column":6},"end":{"line":223,"column":44}},"type":"binary-expr","locations":[{"start":{"line":223,"column":6},"end":{"line":223,"column":27}},{"start":{"line":223,"column":27},"end":{"line":223,"column":44}}],"line":223},"28":{"loc":{"start":{"line":243,"column":18},"end":{"line":243,"column":null}},"type":"binary-expr","locations":[{"start":{"line":243,"column":18},"end":{"line":243,"column":88}},{"start":{"line":243,"column":88},"end":{"line":243,"column":null}}],"line":243},"29":{"loc":{"start":{"line":247,"column":2},"end":{"line":256,"column":null}},"type":"if","locations":[{"start":{"line":247,"column":2},"end":{"line":256,"column":null}},{"start":{},"end":{}}],"line":247},"30":{"loc":{"start":{"line":247,"column":6},"end":{"line":247,"column":62}},"type":"binary-expr","locations":[{"start":{"line":247,"column":6},"end":{"line":247,"column":23}},{"start":{"line":247,"column":23},"end":{"line":247,"column":62}}],"line":247},"31":{"loc":{"start":{"line":261,"column":2},"end":{"line":270,"column":null}},"type":"if","locations":[{"start":{"line":261,"column":2},"end":{"line":270,"column":null}},{"start":{},"end":{}}],"line":261},"32":{"loc":{"start":{"line":277,"column":2},"end":{"line":286,"column":null}},"type":"if","locations":[{"start":{"line":277,"column":2},"end":{"line":286,"column":null}},{"start":{},"end":{}}],"line":277},"33":{"loc":{"start":{"line":291,"column":2},"end":{"line":303,"column":null}},"type":"if","locations":[{"start":{"line":291,"column":2},"end":{"line":303,"column":null}},{"start":{},"end":{}}],"line":291},"34":{"loc":{"start":{"line":291,"column":6},"end":{"line":291,"column":68}},"type":"binary-expr","locations":[{"start":{"line":291,"column":6},"end":{"line":291,"column":37}},{"start":{"line":291,"column":37},"end":{"line":291,"column":68}}],"line":291},"35":{"loc":{"start":{"line":293,"column":4},"end":{"line":302,"column":null}},"type":"if","locations":[{"start":{"line":293,"column":4},"end":{"line":302,"column":null}},{"start":{},"end":{}}],"line":293},"36":{"loc":{"start":{"line":313,"column":2},"end":{"line":315,"column":null}},"type":"if","locations":[{"start":{"line":313,"column":2},"end":{"line":315,"column":null}},{"start":{},"end":{}}],"line":313},"37":{"loc":{"start":{"line":313,"column":6},"end":{"line":313,"column":63}},"type":"binary-expr","locations":[{"start":{"line":313,"column":6},"end":{"line":313,"column":13}},{"start":{"line":313,"column":13},"end":{"line":313,"column":63}}],"line":313},"38":{"loc":{"start":{"line":316,"column":20},"end":{"line":316,"column":null}},"type":"binary-expr","locations":[{"start":{"line":316,"column":20},"end":{"line":316,"column":83}},{"start":{"line":316,"column":83},"end":{"line":316,"column":null}}],"line":316},"39":{"loc":{"start":{"line":317,"column":2},"end":{"line":319,"column":null}},"type":"if","locations":[{"start":{"line":317,"column":2},"end":{"line":319,"column":null}},{"start":{},"end":{}}],"line":317},"40":{"loc":{"start":{"line":317,"column":6},"end":{"line":317,"column":81}},"type":"binary-expr","locations":[{"start":{"line":317,"column":6},"end":{"line":317,"column":49}},{"start":{"line":317,"column":49},"end":{"line":317,"column":81}}],"line":317},"41":{"loc":{"start":{"line":320,"column":2},"end":{"line":329,"column":null}},"type":"if","locations":[{"start":{"line":320,"column":2},"end":{"line":329,"column":null}},{"start":{},"end":{}}],"line":320}},"s":{"0":35,"1":1,"2":5,"3":0,"4":5,"5":3,"6":2,"7":0,"8":2,"9":0,"10":2,"11":7,"12":9,"13":3,"14":6,"15":6,"16":0,"17":0,"18":0,"19":5,"20":2,"21":3,"22":5,"23":2,"24":3,"25":4,"26":4,"27":2,"28":2,"29":6,"30":4,"31":2,"32":4,"33":4,"34":3,"35":1,"36":3,"37":5,"38":5,"39":5,"40":2,"41":3,"42":7,"43":7,"44":7,"45":3,"46":4,"47":8,"48":8,"49":2,"50":6,"51":5,"52":10,"53":5,"54":0,"55":5,"56":5,"57":2,"58":4,"59":3,"60":8,"61":8,"62":3,"63":5,"64":1,"65":5,"66":5,"67":27,"68":5,"69":1,"70":4,"71":6,"72":4,"73":2,"74":4,"75":4,"76":4,"77":3,"78":1,"79":4,"80":1,"81":1,"82":1,"83":3,"84":10,"85":10,"86":1,"87":10,"88":10,"89":10,"90":3,"91":10,"92":3,"93":7},"f":{"0":35,"1":5,"2":7,"3":9,"4":5,"5":5,"6":4,"7":6,"8":4,"9":5,"10":7,"11":8,"12":5,"13":10,"14":4,"15":8,"16":5,"17":27,"18":6,"19":4,"20":4,"21":10,"22":10},"b":{"0":[0,5],"1":[3,2],"2":[0,2],"3":[0,2],"4":[3,6],"5":[9,6],"6":[6,0],"7":[0,0],"8":[2,3],"9":[2,3],"10":[2,2],"11":[4,2],"12":[3,1],"13":[4,3],"14":[1,2],"15":[5,4],"16":[4,0],"17":[2,3],"18":[5,5],"19":[7,5],"20":[3,4],"21":[2,6],"22":[0,5],"23":[5,0],"24":[2,3],"25":[5,4],"26":[3,5],"27":[8,8],"28":[5,0],"29":[1,4],"30":[5,3],"31":[4,2],"32":[3,1],"33":[1,3],"34":[4,1],"35":[1,0],"36":[1,9],"37":[10,5],"38":[10,0],"39":[3,7],"40":[10,4],"41":[3,7]},"meta":{"lastBranch":42,"lastFunction":23,"lastStatement":94,"seen":{"f:13:9:13:Infinity":0,"s:21:2:21:Infinity":0,"s:25:64:30:Infinity":1,"f:33:9:33:28":1,"b:34:2:34:Infinity:undefined:undefined:undefined:undefined":0,"s:34:2:34:Infinity":2,"s:34:23:34:Infinity":3,"b:35:2:35:Infinity:undefined:undefined:undefined:undefined":1,"s:35:2:35:Infinity":4,"s:35:22:35:Infinity":5,"b:36:2:36:Infinity:undefined:undefined:undefined:undefined":2,"s:36:2:36:Infinity":6,"s:36:22:36:Infinity":7,"b:37:2:37:Infinity:undefined:undefined:undefined:undefined":3,"s:37:2:37:Infinity":8,"s:37:22:37:Infinity":9,"s:38:2:38:Infinity":10,"f:42:9:42:28":2,"s:43:2:48:Infinity":11,"f:43:27:43:28":3,"b:44:4:44:Infinity:undefined:undefined:undefined:undefined":4,"s:44:4:44:Infinity":12,"b:44:8:44:26:44:26:44:42":5,"s:44:42:44:Infinity":13,"b:45:4:45:Infinity:undefined:undefined:undefined:undefined":6,"s:45:4:45:Infinity":14,"s:45:23:45:Infinity":15,"b:46:4:46:Infinity:undefined:undefined:undefined:undefined":7,"s:46:4:46:Infinity":16,"s:46:23:46:Infinity":17,"s:47:4:47:Infinity":18,"f:64:16:64:Infinity":4,"b:68:2:77:Infinity:undefined:undefined:undefined:undefined":8,"s:68:2:77:Infinity":19,"s:69:4:76:Infinity":20,"s:78:2:78:Infinity":21,"f:81:16:81:32":5,"b:82:2:91:Infinity:undefined:undefined:undefined:undefined":9,"s:82:2:91:Infinity":22,"s:83:4:90:Infinity":23,"s:92:2:92:Infinity":24,"f:95:16:95:Infinity":6,"s:99:20:99:Infinity":25,"b:100:2:109:Infinity:undefined:undefined:undefined:undefined":10,"s:100:2:109:Infinity":26,"s:101:4:108:Infinity":27,"s:110:2:110:Infinity":28,"f:113:16:113:27":7,"b:114:2:123:Infinity:undefined:undefined:undefined:undefined":11,"s:114:2:123:Infinity":29,"s:115:4:122:Infinity":30,"s:124:2:124:Infinity":31,"f:127:16:127:30":8,"s:128:17:128:Infinity":32,"b:129:2:140:Infinity:undefined:undefined:undefined:undefined":12,"s:129:2:140:Infinity":33,"b:129:6:129:37:129:37:129:53":13,"b:130:4:139:Infinity:undefined:undefined:undefined:undefined":14,"s:130:4:139:Infinity":34,"s:131:6:138:Infinity":35,"s:141:2:141:Infinity":36,"f:144:16:144:Infinity":9,"s:149:20:149:Infinity":37,"b:149:20:149:41:149:41:149:Infinity":15,"b:149:75:149:81:149:81:149:Infinity":16,"s:150:20:150:Infinity":38,"b:151:2:160:Infinity:undefined:undefined:undefined:undefined":17,"s:151:2:160:Infinity":39,"b:151:6:151:27:151:27:151:50":18,"s:152:4:159:Infinity":40,"s:161:2:161:Infinity":41,"f:164:16:164:Infinity":10,"s:169:17:169:Infinity":42,"s:170:20:170:Infinity":43,"b:170:20:170:46:170:46:170:Infinity":19,"b:171:2:180:Infinity:undefined:undefined:undefined:undefined":20,"s:171:2:180:Infinity":44,"s:172:4:179:Infinity":45,"s:181:2:181:Infinity":46,"f:184:16:184:34":11,"s:185:22:185:Infinity":47,"b:186:2:195:Infinity:undefined:undefined:undefined:undefined":21,"s:186:2:195:Infinity":48,"s:187:4:194:Infinity":49,"s:196:2:196:Infinity":50,"f:199:16:199:Infinity":12,"s:203:21:203:Infinity":51,"f:203:36:203:37":13,"s:203:43:203:71":52,"b:204:2:204:Infinity:undefined:undefined:undefined:undefined":22,"s:204:2:204:Infinity":53,"s:204:31:204:Infinity":54,"s:205:18:205:Infinity":55,"b:205:18:205:48:205:48:205:Infinity":23,"b:206:2:215:Infinity:undefined:undefined:undefined:undefined":24,"s:206:2:215:Infinity":56,"b:206:6:206:23:206:23:206:52":25,"s:207:4:214:Infinity":57,"f:212:41:212:42":14,"s:212:48:212:52":58,"s:216:2:216:Infinity":59,"f:221:16:221:31":15,"s:222:19:222:Infinity":60,"b:223:2:232:Infinity:undefined:undefined:undefined:undefined":26,"s:223:2:232:Infinity":61,"b:223:6:223:27:223:27:223:44":27,"s:224:4:231:Infinity":62,"s:233:2:233:Infinity":63,"s:237:33:237:Infinity":64,"f:239:16:239:Infinity":16,"s:243:18:243:Infinity":65,"b:243:18:243:88:243:88:243:Infinity":28,"s:244:24:246:Infinity":66,"f:245:4:245:5":17,"s:245:11:245:Infinity":67,"b:247:2:256:Infinity:undefined:undefined:undefined:undefined":29,"s:247:2:256:Infinity":68,"b:247:6:247:23:247:23:247:62":30,"s:248:4:255:Infinity":69,"s:257:2:257:Infinity":70,"f:260:16:260:33":18,"b:261:2:270:Infinity:undefined:undefined:undefined:undefined":31,"s:261:2:270:Infinity":71,"s:262:4:269:Infinity":72,"s:271:2:271:Infinity":73,"f:274:16:274:29":19,"s:275:19:275:Infinity":74,"s:276:19:276:Infinity":75,"b:277:2:286:Infinity:undefined:undefined:undefined:undefined":32,"s:277:2:286:Infinity":76,"s:278:4:285:Infinity":77,"s:287:2:287:Infinity":78,"f:290:16:290:33":20,"b:291:2:303:Infinity:undefined:undefined:undefined:undefined":33,"s:291:2:303:Infinity":79,"b:291:6:291:37:291:37:291:68":34,"s:292:16:292:Infinity":80,"b:293:4:302:Infinity:undefined:undefined:undefined:undefined":35,"s:293:4:302:Infinity":81,"s:294:6:301:Infinity":82,"s:304:2:304:Infinity":83,"f:307:16:307:Infinity":21,"s:312:27:312:Infinity":84,"b:313:2:315:Infinity:undefined:undefined:undefined:undefined":36,"s:313:2:315:Infinity":85,"b:313:6:313:13:313:13:313:63":37,"s:314:4:314:Infinity":86,"s:316:20:316:Infinity":87,"b:316:20:316:83:316:83:316:Infinity":38,"f:316:36:316:37":22,"s:316:43:316:71":88,"b:317:2:319:Infinity:undefined:undefined:undefined:undefined":39,"s:317:2:319:Infinity":89,"b:317:6:317:49:317:49:317:81":40,"s:318:4:318:Infinity":90,"b:320:2:329:Infinity:undefined:undefined:undefined:undefined":41,"s:320:2:329:Infinity":91,"s:321:4:328:Infinity":92,"s:330:2:330:Infinity":93}}}
,"/Users/alain/Desktop/PCBuilder/lib/scoring/compatibility-score.ts": {"path":"/Users/alain/Desktop/PCBuilder/lib/scoring/compatibility-score.ts","statementMap":{"0":{"start":{"line":8,"column":48},"end":{"line":12,"column":null}},"1":{"start":{"line":20,"column":42},"end":{"line":20,"column":null}},"2":{"start":{"line":21,"column":14},"end":{"line":21,"column":null}},"3":{"start":{"line":24,"column":2},"end":{"line":40,"column":null}},"4":{"start":{"line":25,"column":4},"end":{"line":25,"column":null}},"5":{"start":{"line":26,"column":4},"end":{"line":32,"column":null}},"6":{"start":{"line":27,"column":6},"end":{"line":31,"column":null}},"7":{"start":{"line":33,"column":4},"end":{"line":39,"column":null}},"8":{"start":{"line":43,"column":2},"end":{"line":51,"column":null}},"9":{"start":{"line":44,"column":20},"end":{"line":44,"column":null}},"10":{"start":{"line":45,"column":4},"end":{"line":45,"column":null}},"11":{"start":{"line":46,"column":4},"end":{"line":50,"column":null}},"12":{"start":{"line":54,"column":2},"end":{"line":62,"column":null}},"13":{"start":{"line":55,"column":20},"end":{"line":55,"column":null}},"14":{"start":{"line":56,"column":4},"end":{"line":56,"column":null}},"15":{"start":{"line":57,"column":4},"end":{"line":61,"column":null}},"16":{"start":{"line":64,"column":16},"end":{"line":64,"column":null}},"17":{"start":{"line":67,"column":2},"end":{"line":75,"column":null}},"18":{"start":{"line":68,"column":16},"end":{"line":71,"column":null}},"19":{"start":{"line":70,"column":18},"end":{"line":70,"column":25}},"20":{"start":{"line":72,"column":4},"end":{"line":72,"column":null}},"21":{"start":{"line":74,"column":4},"end":{"line":74,"column":null}},"22":{"start":{"line":77,"column":2},"end":{"line":83,"column":null}}},"fnMap":{"0":{"name":"calculateCompatibilityScore","decl":{"start":{"line":17,"column":16},"end":{"line":17,"column":null}},"loc":{"start":{"line":19,"column":9},"end":{"line":84,"column":null}},"line":19},"1":{"name":"(anonymous_1)","decl":{"start":{"line":70,"column":11},"end":{"line":70,"column":12}},"loc":{"start":{"line":70,"column":18},"end":{"line":70,"column":25}},"line":70}},"branchMap":{"0":{"loc":{"start":{"line":24,"column":2},"end":{"line":40,"column":null}},"type":"if","locations":[{"start":{"line":24,"column":2},"end":{"line":40,"column":null}},{"start":{},"end":{}}],"line":24},"1":{"loc":{"start":{"line":44,"column":20},"end":{"line":44,"column":null}},"type":"binary-expr","locations":[{"start":{"line":44,"column":20},"end":{"line":44,"column":55}},{"start":{"line":44,"column":55},"end":{"line":44,"column":null}}],"line":44},"2":{"loc":{"start":{"line":67,"column":2},"end":{"line":75,"column":null}},"type":"if","locations":[{"start":{"line":67,"column":2},"end":{"line":75,"column":null}},{"start":{"line":73,"column":9},"end":{"line":75,"column":null}}],"line":67},"3":{"loc":{"start":{"line":67,"column":6},"end":{"line":67,"column":73}},"type":"binary-expr","locations":[{"start":{"line":67,"column":6},"end":{"line":67,"column":42}},{"start":{"line":67,"column":42},"end":{"line":67,"column":73}}],"line":67}},"s":{"0":1,"1":7,"2":7,"3":7,"4":2,"5":2,"6":2,"7":2,"8":5,"9":1,"10":1,"11":1,"12":5,"13":0,"14":0,"15":0,"16":5,"17":5,"18":1,"19":1,"20":1,"21":4,"22":5},"f":{"0":7,"1":1},"b":{"0":[2,5],"1":[1,0],"2":[1,4],"3":[5,4]},"meta":{"lastBranch":4,"lastFunction":2,"lastStatement":23,"seen":{"s:8:48:12:Infinity":0,"f:17:16:17:Infinity":0,"s:20:42:20:Infinity":1,"s:21:14:21:Infinity":2,"b:24:2:40:Infinity:undefined:undefined:undefined:undefined":0,"s:24:2:40:Infinity":3,"s:25:4:25:Infinity":4,"s:26:4:32:Infinity":5,"s:27:6:31:Infinity":6,"s:33:4:39:Infinity":7,"s:43:2:51:Infinity":8,"s:44:20:44:Infinity":9,"b:44:20:44:55:44:55:44:Infinity":1,"s:45:4:45:Infinity":10,"s:46:4:50:Infinity":11,"s:54:2:62:Infinity":12,"s:55:20:55:Infinity":13,"s:56:4:56:Infinity":14,"s:57:4:61:Infinity":15,"s:64:16:64:Infinity":16,"b:67:2:75:Infinity:73:9:75:Infinity":2,"s:67:2:75:Infinity":17,"b:67:6:67:42:67:42:67:73":3,"s:68:16:71:Infinity":18,"f:70:11:70:12":1,"s:70:18:70:25":19,"s:72:4:72:Infinity":20,"s:74:4:74:Infinity":21,"s:77:2:83:Infinity":22}}}
,"/Users/alain/Desktop/PCBuilder/lib/scoring/engine.ts": {"path":"/Users/alain/Desktop/PCBuilder/lib/scoring/engine.ts","statementMap":{"0":{"start":{"line":13,"column":22},"end":{"line":13,"column":null}},"1":{"start":{"line":14,"column":20},"end":{"line":14,"column":null}},"2":{"start":{"line":15,"column":21},"end":{"line":15,"column":null}},"3":{"start":{"line":16,"column":20},"end":{"line":16,"column":null}},"4":{"start":{"line":30,"column":17},"end":{"line":30,"column":null}},"5":{"start":{"line":32,"column":8},"end":{"line":32,"column":null}},"6":{"start":{"line":33,"column":8},"end":{"line":33,"column":null}},"7":{"start":{"line":34,"column":8},"end":{"line":34,"column":null}},"8":{"start":{"line":35,"column":8},"end":{"line":35,"column":null}},"9":{"start":{"line":40,"column":2},"end":{"line":48,"column":null}},"10":{"start":{"line":41,"column":4},"end":{"line":41,"column":null}},"11":{"start":{"line":43,"column":4},"end":{"line":47,"column":null}},"12":{"start":{"line":50,"column":2},"end":{"line":50,"column":null}},"13":{"start":{"line":52,"column":2},"end":{"line":60,"column":null}}},"fnMap":{"0":{"name":"calculateScores","decl":{"start":{"line":25,"column":16},"end":{"line":25,"column":null}},"loc":{"start":{"line":29,"column":15},"end":{"line":61,"column":null}},"line":29}},"branchMap":{"0":{"loc":{"start":{"line":30,"column":17},"end":{"line":30,"column":null}},"type":"binary-expr","locations":[{"start":{"line":30,"column":17},"end":{"line":30,"column":36}},{"start":{"line":30,"column":36},"end":{"line":30,"column":null}}],"line":30},"1":{"loc":{"start":{"line":40,"column":2},"end":{"line":48,"column":null}},"type":"if","locations":[{"start":{"line":40,"column":2},"end":{"line":48,"column":null}},{"start":{"line":42,"column":9},"end":{"line":48,"column":null}}],"line":40}},"s":{"0":1,"1":1,"2":1,"3":1,"4":4,"5":4,"6":4,"7":4,"8":4,"9":4,"10":1,"11":3,"12":4,"13":4},"f":{"0":4},"b":{"0":[4,4],"1":[1,3]},"meta":{"lastBranch":2,"lastFunction":1,"lastStatement":14,"seen":{"s:13:22:13:Infinity":0,"s:14:20:14:Infinity":1,"s:15:21:15:Infinity":2,"s:16:20:16:Infinity":3,"f:25:16:25:Infinity":0,"s:30:17:30:Infinity":4,"b:30:17:30:36:30:36:30:Infinity":0,"s:32:8:32:Infinity":5,"s:33:8:33:Infinity":6,"s:34:8:34:Infinity":7,"s:35:8:35:Infinity":8,"b:40:2:48:Infinity:42:9:48:Infinity":1,"s:40:2:48:Infinity":9,"s:41:4:41:Infinity":10,"s:43:4:47:Infinity":11,"s:50:2:50:Infinity":12,"s:52:2:60:Infinity":13}}}
,"/Users/alain/Desktop/PCBuilder/lib/scoring/explanations.ts": {"path":"/Users/alain/Desktop/PCBuilder/lib/scoring/explanations.ts","statementMap":{"0":{"start":{"line":11,"column":21},"end":{"line":11,"column":null}},"1":{"start":{"line":13,"column":24},"end":{"line":13,"column":null}},"2":{"start":{"line":15,"column":4},"end":{"line":21,"column":null}},"3":{"start":{"line":19,"column":78},"end":{"line":19,"column":86}},"4":{"start":{"line":23,"column":22},"end":{"line":23,"column":null}},"5":{"start":{"line":24,"column":19},"end":{"line":28,"column":null}},"6":{"start":{"line":30,"column":16},"end":{"line":30,"column":null}},"7":{"start":{"line":31,"column":20},"end":{"line":33,"column":null}},"8":{"start":{"line":35,"column":20},"end":{"line":35,"column":null}},"9":{"start":{"line":36,"column":19},"end":{"line":38,"column":null}},"10":{"start":{"line":40,"column":2},"end":{"line":45,"column":null}}},"fnMap":{"0":{"name":"generateExplanations","decl":{"start":{"line":10,"column":16},"end":{"line":10,"column":37}},"loc":{"start":{"line":10,"column":82},"end":{"line":46,"column":null}},"line":10},"1":{"name":"(anonymous_1)","decl":{"start":{"line":19,"column":71},"end":{"line":19,"column":72}},"loc":{"start":{"line":19,"column":78},"end":{"line":19,"column":86}},"line":19}},"branchMap":{"0":{"loc":{"start":{"line":15,"column":4},"end":{"line":21,"column":null}},"type":"cond-expr","locations":[{"start":{"line":16,"column":8},"end":{"line":16,"column":null}},{"start":{"line":17,"column":8},"end":{"line":21,"column":null}}],"line":15},"1":{"loc":{"start":{"line":16,"column":95},"end":{"line":16,"column":140}},"type":"binary-expr","locations":[{"start":{"line":16,"column":95},"end":{"line":16,"column":138}},{"start":{"line":16,"column":138},"end":{"line":16,"column":140}}],"line":16},"2":{"loc":{"start":{"line":18,"column":10},"end":{"line":20,"column":null}},"type":"cond-expr","locations":[{"start":{"line":19,"column":14},"end":{"line":19,"column":null}},{"start":{"line":20,"column":14},"end":{"line":20,"column":null}}],"line":18},"3":{"loc":{"start":{"line":25,"column":4},"end":{"line":27,"column":null}},"type":"cond-expr","locations":[{"start":{"line":26,"column":8},"end":{"line":26,"column":null}},{"start":{"line":27,"column":8},"end":{"line":27,"column":null}}],"line":25},"4":{"loc":{"start":{"line":32,"column":4},"end":{"line":32,"column":null}},"type":"cond-expr","locations":[{"start":{"line":32,"column":33},"end":{"line":32,"column":89}},{"start":{"line":32,"column":89},"end":{"line":32,"column":null}}],"line":32},"5":{"loc":{"start":{"line":37,"column":4},"end":{"line":37,"column":null}},"type":"cond-expr","locations":[{"start":{"line":37,"column":37},"end":{"line":37,"column":86}},{"start":{"line":37,"column":86},"end":{"line":37,"column":null}}],"line":37}},"s":{"0":1,"1":1,"2":1,"3":0,"4":1,"5":1,"6":1,"7":1,"8":1,"9":1,"10":1},"f":{"0":1,"1":0},"b":{"0":[0,1],"1":[0,0],"2":[0,1],"3":[1,0],"4":[1,0],"5":[1,0]},"meta":{"lastBranch":6,"lastFunction":2,"lastStatement":11,"seen":{"f:10:16:10:37":0,"s:11:21:11:Infinity":0,"s:13:24:13:Infinity":1,"s:15:4:21:Infinity":2,"b:16:8:16:Infinity:17:8:21:Infinity":0,"b:16:95:16:138:16:138:16:140":1,"b:19:14:19:Infinity:20:14:20:Infinity":2,"f:19:71:19:72":1,"s:19:78:19:86":3,"s:23:22:23:Infinity":4,"s:24:19:28:Infinity":5,"b:26:8:26:Infinity:27:8:27:Infinity":3,"s:30:16:30:Infinity":6,"s:31:20:33:Infinity":7,"b:32:33:32:89:32:89:32:Infinity":4,"s:35:20:35:Infinity":8,"s:36:19:38:Infinity":9,"b:37:37:37:86:37:86:37:Infinity":5,"s:40:2:45:Infinity":10}}}
,"/Users/alain/Desktop/PCBuilder/lib/scoring/performance-score.ts": {"path":"/Users/alain/Desktop/PCBuilder/lib/scoring/performance-score.ts","statementMap":{"0":{"start":{"line":11,"column":2},"end":{"line":11,"column":null}},"1":{"start":{"line":16,"column":2},"end":{"line":29,"column":null}},"2":{"start":{"line":20,"column":6},"end":{"line":20,"column":null}},"3":{"start":{"line":22,"column":6},"end":{"line":22,"column":null}},"4":{"start":{"line":28,"column":6},"end":{"line":28,"column":null}},"5":{"start":{"line":39,"column":42},"end":{"line":39,"column":null}},"6":{"start":{"line":40,"column":18},"end":{"line":40,"column":null}},"7":{"start":{"line":42,"column":4},"end":{"line":44,"column":null}},"8":{"start":{"line":46,"column":31},"end":{"line":46,"column":null}},"9":{"start":{"line":47,"column":31},"end":{"line":47,"column":null}},"10":{"start":{"line":48,"column":19},"end":{"line":48,"column":null}},"11":{"start":{"line":50,"column":2},"end":{"line":54,"column":null}},"12":{"start":{"line":51,"column":4},"end":{"line":51,"column":null}},"13":{"start":{"line":53,"column":4},"end":{"line":53,"column":null}},"14":{"start":{"line":56,"column":2},"end":{"line":60,"column":null}},"15":{"start":{"line":57,"column":4},"end":{"line":57,"column":null}},"16":{"start":{"line":59,"column":4},"end":{"line":59,"column":null}},"17":{"start":{"line":63,"column":22},"end":{"line":63,"column":null}},"18":{"start":{"line":64,"column":22},"end":{"line":64,"column":null}},"19":{"start":{"line":66,"column":19},"end":{"line":66,"column":null}},"20":{"start":{"line":67,"column":19},"end":{"line":67,"column":null}},"21":{"start":{"line":70,"column":4},"end":{"line":70,"column":null}},"22":{"start":{"line":72,"column":2},"end":{"line":76,"column":null}},"23":{"start":{"line":78,"column":2},"end":{"line":91,"column":null}},"24":{"start":{"line":79,"column":4},"end":{"line":83,"column":null}},"25":{"start":{"line":85,"column":4},"end":{"line":85,"column":null}},"26":{"start":{"line":86,"column":4},"end":{"line":90,"column":null}},"27":{"start":{"line":94,"column":22},"end":{"line":94,"column":null}},"28":{"start":{"line":95,"column":2},"end":{"line":114,"column":null}},"29":{"start":{"line":96,"column":17},"end":{"line":96,"column":null}},"30":{"start":{"line":97,"column":4},"end":{"line":113,"column":null}},"31":{"start":{"line":98,"column":6},"end":{"line":98,"column":null}},"32":{"start":{"line":99,"column":6},"end":{"line":99,"column":null}},"33":{"start":{"line":100,"column":6},"end":{"line":104,"column":null}},"34":{"start":{"line":105,"column":4},"end":{"line":113,"column":null}},"35":{"start":{"line":106,"column":6},"end":{"line":106,"column":null}},"36":{"start":{"line":107,"column":6},"end":{"line":107,"column":null}},"37":{"start":{"line":108,"column":6},"end":{"line":112,"column":null}},"38":{"start":{"line":116,"column":16},"end":{"line":116,"column":null}},"39":{"start":{"line":119,"column":2},"end":{"line":128,"column":null}},"40":{"start":{"line":120,"column":10},"end":{"line":120,"column":null}},"41":{"start":{"line":122,"column":6},"end":{"line":124,"column":null}},"42":{"start":{"line":125,"column":4},"end":{"line":125,"column":null}},"43":{"start":{"line":127,"column":4},"end":{"line":127,"column":null}},"44":{"start":{"line":130,"column":2},"end":{"line":136,"column":null}}},"fnMap":{"0":{"name":"tierToScore","decl":{"start":{"line":10,"column":9},"end":{"line":10,"column":21}},"loc":{"start":{"line":10,"column":43},"end":{"line":12,"column":null}},"line":10},"1":{"name":"getPresetWeights","decl":{"start":{"line":15,"column":9},"end":{"line":15,"column":26}},"loc":{"start":{"line":15,"column":77},"end":{"line":30,"column":null}},"line":15},"2":{"name":"calculatePerformanceScore","decl":{"start":{"line":35,"column":16},"end":{"line":35,"column":null}},"loc":{"start":{"line":38,"column":9},"end":{"line":137,"column":null}},"line":38}},"branchMap":{"0":{"loc":{"start":{"line":16,"column":2},"end":{"line":29,"column":null}},"type":"switch","locations":[{"start":{"line":17,"column":4},"end":{"line":17,"column":null}},{"start":{"line":18,"column":4},"end":{"line":18,"column":null}},{"start":{"line":19,"column":4},"end":{"line":20,"column":null}},{"start":{"line":21,"column":4},"end":{"line":22,"column":null}},{"start":{"line":23,"column":4},"end":{"line":23,"column":null}},{"start":{"line":24,"column":4},"end":{"line":24,"column":null}},{"start":{"line":25,"column":4},"end":{"line":25,"column":null}},{"start":{"line":26,"column":4},"end":{"line":26,"column":null}},{"start":{"line":27,"column":4},"end":{"line":28,"column":null}}],"line":16},"1":{"loc":{"start":{"line":37,"column":2},"end":{"line":37,"column":null}},"type":"default-arg","locations":[{"start":{"line":37,"column":24},"end":{"line":37,"column":null}}],"line":37},"2":{"loc":{"start":{"line":42,"column":4},"end":{"line":44,"column":null}},"type":"binary-expr","locations":[{"start":{"line":42,"column":4},"end":{"line":42,"column":null}},{"start":{"line":43,"column":4},"end":{"line":43,"column":null}},{"start":{"line":44,"column":4},"end":{"line":44,"column":null}}],"line":42},"3":{"loc":{"start":{"line":50,"column":2},"end":{"line":54,"column":null}},"type":"if","locations":[{"start":{"line":50,"column":2},"end":{"line":54,"column":null}},{"start":{"line":52,"column":9},"end":{"line":54,"column":null}}],"line":50},"4":{"loc":{"start":{"line":56,"column":2},"end":{"line":60,"column":null}},"type":"if","locations":[{"start":{"line":56,"column":2},"end":{"line":60,"column":null}},{"start":{"line":58,"column":9},"end":{"line":60,"column":null}}],"line":56},"5":{"loc":{"start":{"line":63,"column":22},"end":{"line":63,"column":null}},"type":"binary-expr","locations":[{"start":{"line":63,"column":22},"end":{"line":63,"column":33}},{"start":{"line":63,"column":33},"end":{"line":63,"column":null}}],"line":63},"6":{"loc":{"start":{"line":64,"column":22},"end":{"line":64,"column":null}},"type":"binary-expr","locations":[{"start":{"line":64,"column":22},"end":{"line":64,"column":34}},{"start":{"line":64,"column":34},"end":{"line":64,"column":null}}],"line":64},"7":{"loc":{"start":{"line":64,"column":34},"end":{"line":64,"column":null}},"type":"cond-expr","locations":[{"start":{"line":64,"column":46},"end":{"line":64,"column":50}},{"start":{"line":64,"column":50},"end":{"line":64,"column":null}}],"line":64},"8":{"loc":{"start":{"line":78,"column":2},"end":{"line":91,"column":null}},"type":"if","locations":[{"start":{"line":78,"column":2},"end":{"line":91,"column":null}},{"start":{"line":84,"column":9},"end":{"line":91,"column":null}}],"line":78},"9":{"loc":{"start":{"line":95,"column":2},"end":{"line":114,"column":null}},"type":"if","locations":[{"start":{"line":95,"column":2},"end":{"line":114,"column":null}},{"start":{},"end":{}}],"line":95},"10":{"loc":{"start":{"line":95,"column":6},"end":{"line":95,"column":54}},"type":"binary-expr","locations":[{"start":{"line":95,"column":6},"end":{"line":95,"column":18}},{"start":{"line":95,"column":18},"end":{"line":95,"column":37}},{"start":{"line":95,"column":37},"end":{"line":95,"column":54}}],"line":95},"11":{"loc":{"start":{"line":97,"column":4},"end":{"line":113,"column":null}},"type":"if","locations":[{"start":{"line":97,"column":4},"end":{"line":113,"column":null}},{"start":{"line":105,"column":4},"end":{"line":113,"column":null}}],"line":97},"12":{"loc":{"start":{"line":105,"column":4},"end":{"line":113,"column":null}},"type":"if","locations":[{"start":{"line":105,"column":4},"end":{"line":113,"column":null}},{"start":{},"end":{}}],"line":105},"13":{"loc":{"start":{"line":119,"column":2},"end":{"line":128,"column":null}},"type":"if","locations":[{"start":{"line":119,"column":2},"end":{"line":128,"column":null}},{"start":{"line":126,"column":9},"end":{"line":128,"column":null}}],"line":119},"14":{"loc":{"start":{"line":120,"column":22},"end":{"line":120,"column":68}},"type":"cond-expr","locations":[{"start":{"line":120,"column":51},"end":{"line":120,"column":59}},{"start":{"line":120,"column":59},"end":{"line":120,"column":68}}],"line":120},"15":{"loc":{"start":{"line":122,"column":6},"end":{"line":124,"column":null}},"type":"cond-expr","locations":[{"start":{"line":123,"column":10},"end":{"line":123,"column":null}},{"start":{"line":124,"column":10},"end":{"line":124,"column":null}}],"line":122},"16":{"loc":{"start":{"line":122,"column":6},"end":{"line":122,"column":null}},"type":"binary-expr","locations":[{"start":{"line":122,"column":6},"end":{"line":122,"column":19}},{"start":{"line":122,"column":6},"end":{"line":122,"column":null}}],"line":122},"17":{"loc":{"start":{"line":122,"column":19},"end":{"line":122,"column":36}},"type":"binary-expr","locations":[{"start":{"line":122,"column":19},"end":{"line":122,"column":30}},{"start":{"line":122,"column":30},"end":{"line":122,"column":36}}],"line":122},"18":{"loc":{"start":{"line":122,"column":36},"end":{"line":122,"column":52}},"type":"binary-expr","locations":[{"start":{"line":122,"column":36},"end":{"line":122,"column":47}},{"start":{"line":122,"column":47},"end":{"line":122,"column":52}}],"line":122}},"s":{"0":18,"1":9,"2":2,"3":1,"4":6,"5":9,"6":9,"7":9,"8":9,"9":9,"10":9,"11":9,"12":9,"13":0,"14":9,"15":7,"16":2,"17":9,"18":9,"19":9,"20":9,"21":9,"22":9,"23":9,"24":7,"25":2,"26":2,"27":9,"28":9,"29":2,"30":2,"31":1,"32":1,"33":1,"34":1,"35":1,"36":1,"37":1,"38":9,"39":9,"40":7,"41":7,"42":7,"43":2,"44":9},"f":{"0":18,"1":9,"2":9},"b":{"0":[0,2,2,1,6,6,6,6,6],"1":[9],"2":[9,9,7],"3":[9,0],"4":[7,2],"5":[9,0],"6":[9,2],"7":[0,2],"8":[7,2],"9":[2,7],"10":[9,2,2],"11":[1,1],"12":[1,0],"13":[7,2],"14":[6,1],"15":[1,6],"16":[7,2],"17":[2,0],"18":[2,0]},"meta":{"lastBranch":19,"lastFunction":3,"lastStatement":45,"seen":{"f:10:9:10:21":0,"s:11:2:11:Infinity":0,"f:15:9:15:26":1,"b:17:4:17:Infinity:18:4:18:Infinity:19:4:20:Infinity:21:4:22:Infinity:23:4:23:Infinity:24:4:24:Infinity:25:4:25:Infinity:26:4:26:Infinity:27:4:28:Infinity":0,"s:16:2:29:Infinity":1,"s:20:6:20:Infinity":2,"s:22:6:22:Infinity":3,"s:28:6:28:Infinity":4,"f:35:16:35:Infinity":2,"b:37:24:37:Infinity":1,"s:39:42:39:Infinity":5,"s:40:18:40:Infinity":6,"s:42:4:44:Infinity":7,"b:42:4:42:Infinity:43:4:43:Infinity:44:4:44:Infinity":2,"s:46:31:46:Infinity":8,"s:47:31:47:Infinity":9,"s:48:19:48:Infinity":10,"b:50:2:54:Infinity:52:9:54:Infinity":3,"s:50:2:54:Infinity":11,"s:51:4:51:Infinity":12,"s:53:4:53:Infinity":13,"b:56:2:60:Infinity:58:9:60:Infinity":4,"s:56:2:60:Infinity":14,"s:57:4:57:Infinity":15,"s:59:4:59:Infinity":16,"s:63:22:63:Infinity":17,"b:63:22:63:33:63:33:63:Infinity":5,"s:64:22:64:Infinity":18,"b:64:22:64:34:64:34:64:Infinity":6,"b:64:46:64:50:64:50:64:Infinity":7,"s:66:19:66:Infinity":19,"s:67:19:67:Infinity":20,"s:70:4:70:Infinity":21,"s:72:2:76:Infinity":22,"b:78:2:91:Infinity:84:9:91:Infinity":8,"s:78:2:91:Infinity":23,"s:79:4:83:Infinity":24,"s:85:4:85:Infinity":25,"s:86:4:90:Infinity":26,"s:94:22:94:Infinity":27,"b:95:2:114:Infinity:undefined:undefined:undefined:undefined":9,"s:95:2:114:Infinity":28,"b:95:6:95:18:95:18:95:37:95:37:95:54":10,"s:96:17:96:Infinity":29,"b:97:4:113:Infinity:105:4:113:Infinity":11,"s:97:4:113:Infinity":30,"s:98:6:98:Infinity":31,"s:99:6:99:Infinity":32,"s:100:6:104:Infinity":33,"b:105:4:113:Infinity:undefined:undefined:undefined:undefined":12,"s:105:4:113:Infinity":34,"s:106:6:106:Infinity":35,"s:107:6:107:Infinity":36,"s:108:6:112:Infinity":37,"s:116:16:116:Infinity":38,"b:119:2:128:Infinity:126:9:128:Infinity":13,"s:119:2:128:Infinity":39,"s:120:10:120:Infinity":40,"b:120:51:120:59:120:59:120:68":14,"s:122:6:124:Infinity":41,"b:123:10:123:Infinity:124:10:124:Infinity":15,"b:122:6:122:19:122:6:122:Infinity":16,"b:122:19:122:30:122:30:122:36":17,"b:122:36:122:47:122:47:122:52":18,"s:125:4:125:Infinity":42,"s:127:4:127:Infinity":43,"s:130:2:136:Infinity":44}}}
,"/Users/alain/Desktop/PCBuilder/lib/scoring/usability-score.ts": {"path":"/Users/alain/Desktop/PCBuilder/lib/scoring/usability-score.ts","statementMap":{"0":{"start":{"line":13,"column":42},"end":{"line":13,"column":null}},"1":{"start":{"line":14,"column":14},"end":{"line":14,"column":null}},"2":{"start":{"line":16,"column":8},"end":{"line":21,"column":null}},"3":{"start":{"line":24,"column":2},"end":{"line":64,"column":null}},"4":{"start":{"line":25,"column":10},"end":{"line":25,"column":null}},"5":{"start":{"line":26,"column":4},"end":{"line":47,"column":null}},"6":{"start":{"line":27,"column":6},"end":{"line":27,"column":null}},"7":{"start":{"line":28,"column":6},"end":{"line":32,"column":null}},"8":{"start":{"line":33,"column":4},"end":{"line":47,"column":null}},"9":{"start":{"line":34,"column":6},"end":{"line":34,"column":null}},"10":{"start":{"line":35,"column":6},"end":{"line":39,"column":null}},"11":{"start":{"line":41,"column":6},"end":{"line":41,"column":null}},"12":{"start":{"line":42,"column":6},"end":{"line":46,"column":null}},"13":{"start":{"line":50,"column":4},"end":{"line":57,"column":null}},"14":{"start":{"line":51,"column":6},"end":{"line":51,"column":null}},"15":{"start":{"line":52,"column":6},"end":{"line":56,"column":null}},"16":{"start":{"line":58,"column":2},"end":{"line":64,"column":null}},"17":{"start":{"line":59,"column":4},"end":{"line":63,"column":null}},"18":{"start":{"line":67,"column":2},"end":{"line":98,"column":null}},"19":{"start":{"line":69,"column":6},"end":{"line":69,"column":null}},"20":{"start":{"line":71,"column":6},"end":{"line":71,"column":null}},"21":{"start":{"line":71,"column":35},"end":{"line":71,"column":63}},"22":{"start":{"line":72,"column":19},"end":{"line":72,"column":null}},"23":{"start":{"line":74,"column":4},"end":{"line":88,"column":null}},"24":{"start":{"line":75,"column":6},"end":{"line":75,"column":null}},"25":{"start":{"line":76,"column":6},"end":{"line":80,"column":null}},"26":{"start":{"line":81,"column":4},"end":{"line":88,"column":null}},"27":{"start":{"line":82,"column":6},"end":{"line":82,"column":null}},"28":{"start":{"line":83,"column":6},"end":{"line":87,"column":null}},"29":{"start":{"line":90,"column":4},"end":{"line":97,"column":null}},"30":{"start":{"line":91,"column":6},"end":{"line":91,"column":null}},"31":{"start":{"line":92,"column":6},"end":{"line":96,"column":null}},"32
[...]
,"end":{"line":57,"column":null}},"12":{"start":{"line":61,"column":13},"end":{"line":61,"column":null}},"13":{"start":{"line":62,"column":2},"end":{"line":62,"column":null}},"14":{"start":{"line":66,"column":14},"end":{"line":66,"column":null}},"15":{"start":{"line":68,"column":2},"end":{"line":68,"column":null}},"16":{"start":{"line":68,"column":17},"end":{"line":68,"column":null}},"17":{"start":{"line":69,"column":2},"end":{"line":69,"column":null}},"18":{"start":{"line":69,"column":17},"end":{"line":69,"column":null}},"19":{"start":{"line":70,"column":2},"end":{"line":70,"column":null}},"20":{"start":{"line":70,"column":17},"end":{"line":70,"column":null}},"21":{"start":{"line":71,"column":2},"end":{"line":73,"column":null}},"22":{"start":{"line":72,"column":4},"end":{"line":72,"column":null}},"23":{"start":{"line":72,"column":46},"end":{"line":72,"column":72}},"24":{"start":{"line":75,"column":2},"end":{"line":75,"column":null}},"25":{"start":{"line":80,"column":20},"end":{"line":80,"column":null}},"26":{"start":{"line":81,"column":24},"end":{"line":81,"column":null}},"27":{"start":{"line":106,"column":13},"end":{"line":241,"column":null}},"28":{"start":{"line":108,"column":19},"end":{"line":235,"column":null}},"29":{"start":{"line":111,"column":30},"end":{"line":111,"column":null}},"30":{"start":{"line":114,"column":34},"end":{"line":114,"column":null}},"31":{"start":{"line":115,"column":77},"end":{"line":115,"column":null}},"32":{"start":{"line":116,"column":43},"end":{"line":125,"column":null}},"33":{"start":{"line":126,"column":8},"end":{"line":135,"column":null}},"34":{"start":{"line":127,"column":24},"end":{"line":127,"column":null}},"35":{"start":{"line":128,"column":10},"end":{"line":134,"column":null}},"36":{"start":{"line":129,"column":12},"end":{"line":131,"column":null}},"37":{"start":{"line":130,"column":14},"end":{"line":130,"column":null}},"38":{"start":{"line":132,"column":10},"end":{"line":134,"column":null}},"39":{"start":{"line":133,"column":12},"end":{"line":133,"column":null}},"40":{"start":{"line":136,"column":8},"end":{"line":136,"column":null}},"41":{"start":{"line":139,"column":29},"end":{"line":139,"column":null}},"42":{"start":{"line":142,"column":8},"end":{"line":157,"column":null}},"43":{"start":{"line":143,"column":23},"end":{"line":143,"column":null}},"44":{"start":{"line":144,"column":10},"end":{"line":155,"column":null}},"45":{"start":{"line":145,"column":24},"end":{"line":145,"column":null}},"46":{"start":{"line":146,"column":32},"end":{"line":146,"column":null}},"47":{"start":{"line":147,"column":12},"end":{"line":151,"column":null}},"48":{"start":{"line":148,"column":14},"end":{"line":148,"column":null}},"49":{"start":{"line":150,"column":14},"end":{"line":150,"column":null}},"50":{"start":{"line":152,"column":12},"end":{"line":152,"column":null}},"51":{"start":{"line":154,"column":12},"end":{"line":154,"column":null}},"52":{"start":{"line":156,"column":10},"end":{"line":156,"column":null}},"53":{"start":{"line":161,"column":8},"end":{"line":175,"column":null}},"54":{"start":{"line":162,"column":23},"end":{"line":162,"column":null}},"55":{"start":{"line":163,"column":10},"end":{"line":173,"column":null}},"56":{"start":{"line":164,"column":24},"end":{"line":164,"column":null}},"57":{"start":{"line":165,"column":12},"end":{"line":169,"column":null}},"58":{"start":{"line":166,"column":14},"end":{"line":166,"column":null}},"59":{"start":{"line":168,"column":14},"end":{"line":168,"column":null}},"60":{"start":{"line":170,"column":12},"end":{"line":170,"column":null}},"61":{"start":{"line":172,"column":12},"end":{"line":172,"column":null}},"62":{"start":{"line":174,"column":10},"end":{"line":174,"column":null}},"63":{"start":{"line":179,"column":8},"end":{"line":191,"column":null}},"64":{"start":{"line":180,"column":26},"end":{"line":180,"column":null}},"65":{"start":{"line":182,"column":12},"end":{"line":184,"column":null}},"66":{"start":{"line":185,"column":10},"end":{"line":190,"column":null}},"67":{"start":{"line":195,"column":8},"end":{"line":198,"column":null}},"68":{"start":{"line":201,"column":8},"end":{"line":201,"column":null}},"69":{"start":{"line":206,"column":22},"end":{"line":206,"column":null}},"70":{"start":{"line":207,"column":24},"end":{"line":213,"column":null}},"71":{"start":{"line":214,"column":8},"end":{"line":214,"column":null}},"72":{"start":{"line":218,"column":8},"end":{"line":233,"column":null}},"73":{"start":{"line":219,"column":25},"end":{"line":219,"column":null}},"74":{"start":{"line":225,"column":10},"end":{"line":230,"column":null}},"75":{"start":{"line":232,"column":10},"end":{"line":232,"column":null}}},"fnMap":{"0":{"name":"getPartTdp","decl":{"start":{"line":47,"column":9},"end":{"line":47,"column":20}},"loc":{"start":{"line":47,"column":47},"end":{"line":54,"column":null}},"line":47},"1":{"name":"getStoragePower","decl":{"start":{"line":56,"column":9},"end":{"line":56,"column":25}},"loc":{"start":{"line":56,"column":52},"end":{"line":58,"column":null}},"line":56},"2":{"name":"getRamPower","decl":{"start":{"line":60,"column":9},"end":{"line":60,"column":21}},"loc":{"start":{"line":60,"column":39},"end":{"line":63,"column":null}},"line":60},"3":{"name":"calculateEstimatedLoad","decl":{"start":{"line":65,"column":9},"end":{"line":65,"column":32}},"loc":{"start":{"line":65,"column":62},"end":{"line":76,"column":null}},"line":65},"4":{"name":"(anonymous_4)","decl":{"start":{"line":72,"column":34},"end":{"line":72,"column":35}},"loc":{"start":{"line":72,"column":46},"end":{"line":72,"column":72}},"line":72},"5":{"name":"(anonymous_5)","decl":{"start":{"line":108,"column":4},"end":{"line":108,"column":5}},"loc":{"start":{"line":108,"column":19},"end":{"line":235,"column":null}},"line":108},"6":{"name":"(anonymous_6)","decl":{"start":{"line":111,"column":24},"end":{"line":111,"column":30}},"loc":{"start":{"line":111,"column":30},"end":{"line":111,"column":null}},"line":111},"7":{"name":"(anonymous_7)","decl":{"start":{"line":113,"column":27},"end":{"line":113,"column":33}},"loc":{"start":{"line":113,"column":33},"end":{"line":137,"column":null}},"line":113},"8":{"name":"(anonymous_8)","decl":{"start":{"line":139,"column":17},"end":{"line":139,"column":18}},"loc":{"start":{"line":139,"column":29},"end":{"line":139,"column":null}},"line":139},"9":{"name":"(anonymous_9)","decl":{"start":{"line":141,"column":15},"end":{"line":141,"column":16}},"loc":{"start":{"line":141,"column":42},"end":{"line":158,"column":null}},"line":141},"10":{"name":"(anonymous_10)","decl":{"start":{"line":142,"column":12},"end":{"line":142,"column":13}},"loc":{"start":{"line":142,"column":23},"end":{"line":157,"column":9}},"line":142},"11":{"name":"(anonymous_11)","decl":{"start":{"line":160,"column":18},"end":{"line":160,"column":19}},"loc":{"start":{"line":160,"column":39},"end":{"line":176,"column":null}},"line":160},"12":{"name":"(anonymous_12)","decl":{"start":{"line":161,"column":12},"end":{"line":161,"column":13}},"loc":{"start":{"line":161,"column":23},"end":{"line":175,"column":9}},"line":161},"13":{"name":"(anonymous_13)","decl":{"start":{"line":178,"column":28},"end":{"line":178,"column":29}},"loc":{"start":{"line":178,"column":53},"end":{"line":192,"column":null}},"line":178},"14":{"name":"(anonymous_14)","decl":{"start":{"line":179,"column":12},"end":{"line":179,"column":13}},"loc":{"start":{"line":179,"column":23},"end":{"line":191,"column":9}},"line":179},"15":{"name":"(anonymous_15)","decl":{"start":{"line":194,"column":18},"end":{"line":194,"column":null}},"loc":{"start":{"line":195,"column":8},"end":{"line":198,"column":null}},"line":195},"16":{"name":"(anonymous_16)","decl":{"start":{"line":200,"column":17},"end":{"line":200,"column":18}},"loc":{"start":{"line":200,"column":30},"end":{"line":203,"column":null}},"line":200},"17":{"name":"(anonymous_17)","decl":{"start":{"line":205,"column":19},"end":{"line":205,"column":25}},"loc":{"start":{"line":205,"column":25},"end":{"line":215,"column":null}},"line":205},"18":{"name":"(anonymous_18)","decl":{"start":{"line":217,"column":19},"end":{"line":217,"column":20}},"loc":{"start":{"line":217,"column":29},"end":{"line":234,"column":null}},"line":217}},"branchMap":{"0":{"loc":{"start":{"line":48,"column":2},"end":{"line":52,"column":null}},"type":"if","locations":[{"start":{"line":48,"column":2},"end":{"line":52,"column":null}},{"start":{},"end":{}}],"line":48},"1":{"loc":{"start":{"line":48,"column":6},"end":{"line":48,"column":71}},"type":"binary-expr","locations":[{"start":{"line":48,"column":6},"end":{"line":48,"column":25}},{"start":{"line":48,"column":25},"end":{"line":48,"column":39}},{"start":{"line":48,"column":39},"end":{"line":48,"column":71}}],"line":48},"2":{"loc":{"start":{"line":50,"column":4},"end":{"line":50,"column":null}},"type":"if","locations":[{"start":{"line":50,"column":4},"end":{"line":50,"column":null}},{"start":{},"end":{}}],"line":50},"3":{"loc":{"start":{"line":51,"column":4},"end":{"line":51,"column":null}},"type":"if","locations":[{"start":{"line":51,"column":4},"end":{"line":51,"column":null}},{"start":{},"end":{}}],"line":51},"4":{"loc":{"start":{"line":61,"column":13},"end":{"line":61,"column":null}},"type":"binary-expr","locations":[{"start":{"line":61,"column":13},"end":{"line":61,"column":39}},{"start":{"line":61,"column":39},"end":{"line":61,"column":null}}],"line":61},"5":{"loc":{"start":{"line":68,"column":2},"end":{"line":68,"column":null}},"type":"if","locations":[{"start":{"line":68,"column":2},"end":{"line":68,"column":null}},{"start":{},"end":{}}],"line":68},"6":{"loc":{"start":{"line":69,"column":2},"end":{"line":69,"column":null}},"type":"if","locations":[{"start":{"line":69,"column":2},"end":{"line":69,"column":null}},{"start":{},"end":{}}],"line":69},"7":{"loc":{"start":{"line":70,"column":2},"end":{"line":70,"column":null}},"type":"if","locations":[{"start":{"line":70,"column":2},"end":{"line":70,"column":null}},{"start":{},"end":{}}],"line":70},"8":{"loc":{"start":{"line":71,"column":2},"end":{"line":73,"column":null}},"type":"if","locations":[{"start":{"line":71,"column":2},"end":{"line":73,"column":null}},{"start":{},"end":{}}],"line":71},"9":{"loc":{"start":{"line":128,"column":10},"end":{"line":134,"column":null}},"type":"if","locations":[{"start":{"line":128,"column":10},"end":{"line":134,"column":null}},{"start":{"line":132,"column":10},"end":{"line":134,"column":null}}],"line":128},"10":{"loc":{"start":{"line":128,"column":14},"end":{"line":128,"column":57}},"type":"binary-expr","locations":[{"start":{"line":128,"column":14},"end":{"line":128,"column":35}},{"start":{"line":128,"column":35},"end":{"line":128,"column":57}}],"line":128},"11":{"loc":{"start":{"line":132,"column":10},"end":{"line":134,"column":null}},"type":"if","locations":[{"start":{"line":132,"column":10},"end":{"line":134,"column":null}},{"start":{},"end":{}}],"line":132},"12":{"loc":{"start":{"line":132,"column":21},"end":{"line":132,"column":82}},"type":"binary-expr","locations":[{"start":{"line":132,"column":21},"end":{"line":132,"column":30}},{"start":{"line":132,"column":30},"end":{"line":132,"column":59}},{"start":{"line":132,"column":59},"end":{"line":132,"column":82}}],"line":132},"13":{"loc":{"start":{"line":144,"column":10},"end":{"line":155,"column":null}},"type":"if","locations":[{"start":{"line":144,"column":10},"end":{"line":155,"column":null}},{"start":{"line":153,"column":17},"end":{"line":155,"column":null}}],"line":144},"14":{"loc":{"start":{"line":145,"column":29},"end":{"line":145,"column":48}},"type":"binary-expr","locations":[{"start":{"line":145,"column":29},"end":{"line":145,"column":45}},{"start":{"line":145,"column":45},"end":{"line":145,"column":48}}],"line":145},"15":{"loc":{"start":{"line":147,"column":12},"end":{"line":151,"column":null}},"type":"if","locations":[{"start":{"line":147,"column":12},"end":{"line":151,"column":null}},{"start":{"line":149,"column":19},"end":{"line":151,"column":null}}],"line":147},"16":{"loc":{"start":{"line":147,"column":16},"end":{"line":147,"column":80}},"type":"binary-expr","locations":[{"start":{"line":147,"column":16},"end":{"line":147,"column":45}},{"start":{"line":147,"column":45},"end":{"line":147,"column":59}},{"start":{"line":147,"column":59},"end":{"line":147,"column":80}}],"line":147},"17":{"loc":{"start":{"line":163,"column":10},"end":{"line":173,"column":null}},"type":"if","locations":[{"start":{"line":163,"column":10},"end":{"line":173,"column":null}},{"start":{"line":171,"column":17},"end":{"line":173,"column":null}}],"line":163},"18":{"loc":{"start":{"line":164,"column":29},"end":{"line":164,"column":48}},"type":"binary-expr","locations":[{"start":{"line":164,"column":29},"end":{"line":164,"column":45}},{"start":{"line":164,"column":45},"end":{"line":164,"column":48}}],"line":164},"19":{"loc":{"start":{"line":165,"column":12},"end":{"line":169,"column":null}},"type":"if","locations":[{"start":{"line":165,"column":12},"end":{"line":169,"column":null}},{"start":{"line":167,"column":19},"end":{"line":169,"column":null}}],"line":165},"20":{"loc":{"start":{"line":165,"column":16},"end":{"line":165,"column":79}},"type":"binary-expr","locations":[{"start":{"line":165,"column":16},"end":{"line":165,"column":45}},{"start":{"line":165,"column":45},"end":{"line":165,"column":59}},{"start":{"line":165,"column":59},"end":{"line":165,"column":79}}],"line":165},"21":{"loc":{"start":{"line":180,"column":26},"end":{"line":180,"column":null}},"type":"binary-expr","locations":[{"start":{"line":180,"column":26},"end":{"line":180,"column":61}},{"start":{"line":180,"column":61},"end":{"line":180,"column":null}}],"line":180},"22":{"loc":{"start":{"line":182,"column":12},"end":{"line":184,"column":null}},"type":"cond-expr","locations":[{"start":{"line":183,"column":16},"end":{"line":183,"column":null}},{"start":{"line":184,"column":16},"end":{"line":184,"column":null}}],"line":182},"23":{"loc":{"start":{"line":182,"column":12},"end":{"line":182,"column":null}},"type":"binary-expr","locations":[{"start":{"line":182,"column":12},"end":{"line":182,"column":43}},{"start":{"line":182,"column":43},"end":{"line":182,"column":null}}],"line":182},"24":{"loc":{"start":{"line":226,"column":21},"end":{"line":226,"column":null}},"type":"binary-expr","locations":[{"start":{"line":226,"column":21},"end":{"line":226,"column":39}},{"start":{"line":226,"column":39},"end":{"line":226,"column":null}}],"line":226},"25":{"loc":{"start":{"line":227,"column":20},"end":{"line":227,"column":null}},"type":"binary-expr","locations":[{"start":{"line":227,"column":20},"end":{"line":227,"column":37}},{"start":{"line":227,"column":37},"end":{"line":227,"column":null}}],"line":227},"26":{"loc":{"start":{"line":228,"column":29},"end":{"line":228,"column":null}},"type":"binary-expr","locations":[{"start":{"line":228,"column":29},"end":{"line":228,"column":55}},{"start":{"line":228,"column":55},"end":{"line":228,"column":null}}],"line":228},"27":{"loc":{"start":{"line":229,"column":27},"end":{"line":229,"column":null}},"type":"binary-expr","locations":[{"start":{"line":229,"column":27},"end":{"line":229,"column":51}},{"start":{"line":229,"column":51},"end":{"line":229,"column":null}}],"line":229}},"s":{"0":1,"1":1,"2":1,"3":1,"4":3,"5":3,"6":3,"7":3,"8":0,"9":0,"10":0,"11":2,"12":1,"13":1,"14":4,"15":4,"16":2,"17":4,"18":1,"19":4,"20":1,"21":4,"22":1,"23":2,"24":4,"25":1,"26":1,"27":1,"28":1,"29":4,"30":2,"31":2,"32":2,"33":2,"34":16,"35":16,"36":2,"37":2,"38":14,"39":1,"40":2,"41":4,"42":31,"43":31,"44":31,"45":18,"46":18,"47":18,"48":1,"49":17,"50":18,"51":13,"52":31,"53":5,"54":5,"55":5,"56":3,"57":3,"58":2,"59":1,"60":3,"61":2,"62":5,"63":5,"64":5,"65":5,"66":5,"67":26,"68":2,"69":3,"70":3,"71":3,"72":4,"73":4,"74":4,"75":2},"f":{"0":3,"1":2,"2":1,"3":4,"4":2,"5":1,"6":4,"7":2,"8":4,"9":31,"10":31,"11":5,"12":5,"13":5,"14":5,"15":26,"16":2,"17":3,"18":4},"b":{"0":[3,0],"1":[3,3,3],"2":[3,0],"3":[0,0],"4":[1,0],"5":[2,2],"6":[1,3],"7":[1,3],"8":[1,3],"9":[2,14],"10":[16,2],"11":[1,13],"12":[14,1,1],"13":[18,13],"14":[18,0],"15":[1,17],"16":[18,1,1],"17":[3,2],"18":[3,0],"19":[2,1],"20":[3,2,2],"21":[5,3],"22":[5,0],"23":[5,5],"24":[4,2],"25":[4,0],"26":[4,0],"27":[4,0]},"meta":{"lastBranch":28,"lastFunction":19,"lastStatement":76,"seen":{"s:25:33:39:Infinity":0,"s:43:27:43:Infinity":1,"s:44:22:44:Infinity":2,"s:45:28:45:Infinity":3,"f:47:9:47:20":0,"b:48:2:52:Infinity:undefined:undefined:undefined:undefined":0,"s:48:2:52:Infinity":4,"b:48:6:48:25:48:25:48:39:48:39:48:71":1,"s:49:18:49:Infinity":5,"b:50:4:50:Infinity:undefined:undefined:undefined:undefined":2,"s:50:4:50:Infinity":6,"s:50:41:50:Infinity":7,"b:51:4:51:Infinity:undefined:undefined:undefined:undefined":3,"s:51:4:51:Infinity":8,"s:51:45:51:Infinity":9,"s:53:2:53:Infinity":10,"f:56:9:56:25":1,"s:57:2:57:Infinity":11,"f:60:9:60:21":2,"s:61:13:61:Infinity":12,"b:61:13:61:39:61:39:61:Infinity":4,"s:62:2:62:Infinity":13,"f:65:9:65:32":3,"s:66:14:66:Infinity":14,"b:68:2:68:Infinity:undefined:undefined:undefined:undefined":5,"s:68:2:68:Infinity":15,"s:68:17:68:Infinity":16,"b:69:2:69:Infinity:undefined:undefined:undefined:undefined":6,"s:69:2:69:Infinity":17,"s:69:17:69:Infinity":18,"b:70:2:70:Infinity:undefined:undefined:undefined:undefined":7,"s:70:2:70:Infinity":19,"s:70:17:70:Infinity":20,"b:71:2:73:Infinity:undefined:undefined:undefined:undefined":8,"s:71:2:73:Infinity":21,"s:72:4:72:Infinity":22,"f:72:34:72:35":4,"s:72:46:72:72":23,"s:75:2:75:Infinity":24,"s:80:20:80:Infinity":25,"s:81:24:81:Infinity":26,"s:106:13:241:Infinity":27,"f:108:4:108:5":5,"s:108:19:235:Infinity":28,"f:111:24:111:30":6,"s:111:30:111:Infinity":29,"f:113:27:113:33":7,"s:114:34:114:Infinity":30,"s:115:77:115:Infinity":31,"s:116:43:125:Infinity":32,"s:126:8:135:Infinity":33,"s:127:24:127:Infinity":34,"b:128:10:134:Infinity:132:10:134:Infinity":9,"s:128:10:134:Infinity":35,"b:128:14:128:35:128:35:128:57":10,"s:129:12:131:Infinity":36,"s:130:14:130:Infinity":37,"b:132:10:134:Infinity:undefined:undefined:undefined:undefined":11,"s:132:10:134:Infinity":38,"b:132:21:132:30:132:30:132:59:132:59:132:82":12,"s:133:12:133:Infinity":39,"s:136:8:136:Infinity":40,"f:139:17:139:18":8,"s:139:29:139:Infinity":41,"f:141:15:141:16":9,"s:142:8:157:Infinity":42,"f:142:12:142:13":10,"s:143:23:143:Infinity":43,"b:144:10:155:Infinity:153:17:155:Infinity":13,"s:144:10:155:Infinity":44,"s:145:24:145:Infinity":45,"b:145:29:145:45:145:45:145:48":14,"s:146:32:146:Infinity":46,"b:147:12:151:Infinity:149:19:151:Infinity":15,"s:147:12:151:Infinity":47,"b:147:16:147:45:147:45:147:59:147:59:147:80":16,"s:148:14:148:Infinity":48,"s:150:14:150:Infinity":49,"s:152:12:152:Infinity":50,"s:154:12:154:Infinity":51,"s:156:10:156:Infinity":52,"f:160:18:160:19":11,"s:161:8:175:Infinity":53,"f:161:12:161:13":12,"s:162:23:162:Infinity":54,"b:163:10:173:Infinity:171:17:173:Infinity":17,"s:163:10:173:Infinity":55,"s:164:24:164:Infinity":56,"b:164:29:164:45:164:45:164:48":18,"b:165:12:169:Infinity:167:19:169:Infinity":19,"s:165:12:169:Infinity":57,"b:165:16:165:45:165:45:165:59:165:59:165:79":20,"s:166:14:166:Infinity":58,"s:168:14:168:Infinity":59,"s:170:12:170:Infinity":60,"s:172:12:172:Infinity":61,"s:174:10:174:Infinity":62,"f:178:28:178:29":13,"s:179:8:191:Infinity":63,"f:179:12:179:13":14,"s:180:26:180:Infinity":64,"b:180:26:180:61:180:61:180:Infinity":21,"s:182:12:184:Infinity":65,"b:183:16:183:Infinity:184:16:184:Infinity":22,"b:182:12:182:43:182:43:182:Infinity":23,"s:185:10:190:Infinity":66,"f:194:18:194:Infinity":15,"s:195:8:198:Infinity":67,"f:200:17:200:18":16,"s:201:8:201:Infinity":68,"f:205:19:205:25":17,"s:206:22:206:Infinity":69,"s:207:24:213:Infinity":70,"s:214:8:214:Infinity":71,"f:217:19:217:20":18,"s:218:8:233:Infinity":72,"s:219:25:219:Infinity":73,"s:225:10:230:Infinity":74,"b:226:21:226:39:226:39:226:Infinity":24,"b:227:20:227:37:227:37:227:Infinity":25,"b:228:29:228:55:228:55:228:Infinity":26,"b:229:27:229:51:229:51:229:Infinity":27,"s:232:10:232:Infinity":75}}}
}
