{"/Users/alain/Desktop/PCBuilder/lib/compatibility/engine.ts": {"path":"/Users/alain/Desktop/PCBuilder/lib/compatibility/engine.ts","statementMap":{"0":{"start":{"line":46,"column":19},"end":{"line":46,"column":null}},"1":{"start":{"line":47,"column":16},"end":{"line":47,"column":null}},"2":{"start":{"line":49,"column":2},"end":{"line":55,"column":null}},"3":{"start":{"line":50,"column":4},"end":{"line":50,"column":null}},"4":{"start":{"line":50,"column":52},"end":{"line":50,"column":null}},"5":{"start":{"line":51,"column":4},"end":{"line":51,"column":null}},"6":{"start":{"line":51,"column":55},"end":{"line":51,"column":null}},"7":{"start":{"line":52,"column":4},"end":{"line":52,"column":null}},"8":{"start":{"line":52,"column":52},"end":{"line":52,"column":null}},"9":{"start":{"line":53,"column":22},"end":{"line":53,"column":null}},"10":{"start":{"line":54,"column":4},"end":{"line":54,"column":null}},"11":{"start":{"line":54,"column":51},"end":{"line":54,"column":null}},"12":{"start":{"line":57,"column":2},"end":{"line":61,"column":null}},"13":{"start":{"line":58,"column":4},"end":{"line":58,"column":null}},"14":{"start":{"line":58,"column":49},"end":{"line":58,"column":null}},"15":{"start":{"line":59,"column":21},"end":{"line":59,"column":null}},"16":{"start":{"line":60,"column":4},"end":{"line":60,"column":null}},"17":{"start":{"line":60,"column":36},"end":{"line":60,"column":null}},"18":{"start":{"line":63,"column":2},"end":{"line":65,"column":null}},"19":{"start":{"line":64,"column":4},"end":{"line":64,"column":null}},"20":{"start":{"line":67,"column":22},"end":{"line":67,"column":null}},"21":{"start":{"line":71,"column":20},"end":{"line":71,"column":null}},"22":{"start":{"line":75,"column":2},"end":{"line":83,"column":null}},"23":{"start":{"line":82,"column":4},"end":{"line":82,"column":null}},"24":{"start":{"line":84,"column":2},"end":{"line":91,"column":null}},"25":{"start":{"line":90,"column":4},"end":{"line":90,"column":null}},"26":{"start":{"line":93,"column":24},"end":{"line":93,"column":null}},"27":{"start":{"line":94,"column":2},"end":{"line":94,"column":null}},"28":{"start":{"line":96,"column":2},"end":{"line":96,"column":null}},"29":{"start":{"line":106,"column":29},"end":{"line":106,"column":null}},"30":{"start":{"line":107,"column":28},"end":{"line":107,"column":null}},"31":{"start":{"line":108,"column":25},"end":{"line":108,"column":null}},"32":{"start":{"line":109,"column":18},"end":{"line":109,"column":null}},"33":{"start":{"line":111,"column":27},"end":{"line":114,"column":null}},"34":{"start":{"line":116,"column":18},"end":{"line":116,"column":null}},"35":{"start":{"line":117,"column":8},"end":{"line":122,"column":null}},"36":{"start":{"line":126,"column":2},"end":{"line":130,"column":null}},"37":{"start":{"line":127,"column":4},"end":{"line":127,"column":null}},"38":{"start":{"line":128,"column":10},"end":{"line":128,"column":null}},"39":{"start":{"line":129,"column":4},"end":{"line":129,"column":null}},"40":{"start":{"line":129,"column":11},"end":{"line":129,"column":null}},"41":{"start":{"line":132,"column":2},"end":{"line":136,"column":null}},"42":{"start":{"line":133,"column":4},"end":{"line":133,"column":null}},"43":{"start":{"line":134,"column":10},"end":{"line":134,"column":null}},"44":{"start":{"line":135,"column":4},"end":{"line":135,"column":null}},"45":{"start":{"line":135,"column":11},"end":{"line":135,"column":null}},"46":{"start":{"line":138,"column":2},"end":{"line":142,"column":null}},"47":{"start":{"line":139,"column":4},"end":{"line":139,"column":null}},"48":{"start":{"line":140,"column":10},"end":{"line":140,"column":null}},"49":{"start":{"line":141,"column":4},"end":{"line":141,"column":null}},"50":{"start":{"line":141,"column":11},"end":{"line":141,"column":null}},"51":{"start":{"line":144,"column":2},"end":{"line":151,"column":null}},"52":{"start":{"line":145,"column":4},"end":{"line":145,"column":null}},"53":{"start":{"line":146,"column":10},"end":{"line":146,"column":null}},"54":{"start":{"line":147,"column":4},"end":{"line":147,"column":null}},"55":{"start":{"line":147,"column":11},"end":{"line":147,"column":null}},"56":{"start":{"line":148,"column":4},"end":{"line":148,"column":null}},"57":{"start":{"line":149,"column":10},"end":{"line":149,"column":null}},"58":{"start":{"line":150,"column":4},"end":{"line":150,"column":null}},"59":{"start":{"line":150,"column":12},"end":{"line":150,"column":null}},"60":{"start":{"line":153,"column":2},"end":{"line":163,"column":null}},"61":{"start":{"line":154,"column":4},"end":{"line":154,"column":null}},"62":{"start":{"line":155,"column":10},"end":{"line":155,"column":null}},"63":{"start":{"line":156,"column":4},"end":{"line":156,"column":null}},"64":{"start":{"line":156,"column":11},"end":{"line":156,"column":null}},"65":{"start":{"line":157,"column":4},"end":{"line":157,"column":null}},"66":{"start":{"line":158,"column":10},"end":{"line":158,"column":null}},"67":{"start":{"line":159,"column":4},"end":{"line":159,"column":null}},"68":{"start":{"line":159,"column":14},"end":{"line":159,"column":null}},"69":{"start":{"line":160,"column":4},"end":{"line":160,"column":null}},"70":{"start":{"line":161,"column":10},"end":{"line":161,"column":null}},"71":{"start":{"line":162,"column":4},"end":{"line":162,"column":null}},"72":{"start":{"line":162,"column":16},"end":{"line":162,"column":null}},"73":{"start":{"line":165,"column":2},"end":{"line":169,"column":null}},"74":{"start":{"line":166,"column":4},"end":{"line":166,"column":null}},"75":{"start":{"line":167,"column":10},"end":{"line":167,"column":null}},"76":{"start":{"line":168,"column":4},"end":{"line":168,"column":null}},"77":{"start":{"line":168,"column":11},"end":{"line":168,"column":null}},"78":{"start":{"line":171,"column":2},"end":{"line":175,"column":null}},"79":{"start":{"line":172,"column":4},"end":{"line":172,"column":null}},"80":{"start":{"line":173,"column":10},"end":{"line":173,"column":null}},"81":{"start":{"line":174,"column":4},"end":{"line":174,"column":null}},"82":{"start":{"line":174,"column":11},"end":{"line":174,"column":null}},"83":{"start":{"line":177,"column":2},"end":{"line":181,"column":null}},"84":{"start":{"line":178,"column":4},"end":{"line":178,"column":null}},"85":{"start":{"line":179,"column":10},"end":{"line":179,"column":null}},"86":{"start":{"line":180,"column":4},"end":{"line":180,"column":null}},"87":{"start":{"line":180,"column":11},"end":{"line":180,"column":null}},"88":{"start":{"line":183,"column":2},"end":{"line":187,"column":null}},"89":{"start":{"line":184,"column":4},"end":{"line":184,"column":null}},"90":{"start":{"line":185,"column":10},"end":{"line":185,"column":null}},"91":{"start":{"line":186,"column":4},"end":{"line":186,"column":null}},"92":{"start":{"line":186,"column":11},"end":{"line":186,"column":null}},"93":{"start":{"line":191,"column":2},"end":{"line":195,"column":null}},"94":{"start":{"line":192,"column":4},"end":{"line":192,"column":null}},"95":{"start":{"line":193,"column":10},"end":{"line":193,"column":null}},"96":{"start":{"line":194,"column":4},"end":{"line":194,"column":null}},"97":{"start":{"line":194,"column":11},"end":{"line":194,"column":null}},"98":{"start":{"line":197,"column":2},"end":{"line":201,"column":null}},"99":{"start":{"line":198,"column":4},"end":{"line":198,"column":null}},"100":{"start":{"line":199,"column":10},"end":{"line":199,"column":null}},"101":{"start":{"line":200,"column":4},"end":{"line":200,"column":null}},"102":{"start":{"line":200,"column":11},"end":{"line":200,"column":null}},"103":{"start":{"line":203,"column":2},"end":{"line":207,"column":null}},"104":{"start":{"line":204,"column":4},"end":{"line":204,"column":null}},"105":{"start":{"line":205,"column":10},"end":{"line":205,"column":null}},"106":{"start":{"line":206,"column":4},"end":{"line":206,"column":null}},"107":{"start":{"line":206,"column":11},"end":{"line":206,"column":null}},"108":{"start":{"line":209,"column":2},"end":{"line":213,"column":null}},"109":{"start":{"line":210,"column":4},"end":{"line":210,"column":null}},"110":{"start":{"line":211,"column":10},"end":{"line":211,"column":null}},"111":{"start":{"line":212,"column":4},"end":{"line":212,"column":null}},"112":{"start":{"line":212,"column":11},"end":{"line":212,"column":null}},"113":{"start":{"line":215,"column":2},"end":{"line":219,"column":null}},"114":{"start":{"line":216,"column":4},"end":{"line":216,"column":null}},"115":{"start":{"line":217,"column":10},"end":{"line":217,"column":null}},"116":{"start":{"line":218,"column":4},"end":{"line":218,"column":null}},"117":{"start":{"line":218,"column":11},"end":{"line":218,"column":null}},"118":{"start":{"line":221,"column":2},"end":{"line":225,"column":null}},"119":{"start":{"line":222,"column":4},"end":{"line":222,"column":null}},"120":{"start":{"line":223,"column":10},"end":{"line":223,"column":null}},"121":{"start":{"line":224,"column":4},"end":{"line":224,"column":null}},"122":{"start":{"line":224,"column":11},"end":{"line":224,"column":null}},"123":{"start":{"line":227,"column":21},"end":{"line":227,"column":null}},"124":{"start":{"line":229,"column":2},"end":{"line":236,"column":null}}},"fnMap":{"0":{"name":"calculateConfidence","decl":{"start":{"line":42,"column":9},"end":{"line":42,"column":null}},"loc":{"start":{"line":45,"column":10},"end":{"line":97,"column":null}},"line":45},"1":{"name":"checkCompatibility","decl":{"start":{"line":102,"column":16},"end":{"line":102,"column":null}},"loc":{"start":{"line":105,"column":41},"end":{"line":237,"column":null}},"line":105}},"branchMap":{"0":{"loc":{"start":{"line":49,"column":2},"end":{"line":55,"column":null}},"type":"if","locations":[{"start":{"line":49,"column":2},"end":{"line":55,"column":null}},{"start":{},"end":{}}],"line":49},"1":{"loc":{"start":{"line":50,"column":4},"end":{"line":50,"column":null}},"type":"if","locations":[{"start":{"line":50,"column":4},"end":{"line":50,"column":null}},{"start":{},"end":{}}],"line":50},"2":{"loc":{"start":{"line":51,"column":4},"end":{"line":51,"column":null}},"type":"if","locations":[{"start":{"line":51,"column":4},"end":{"line":51,"column":null}},{"start":{},"end":{}}],"line":51},"3":{"loc":{"start":{"line":52,"column":4},"end":{"line":52,"column":null}},"type":"if","locations":[{"start":{"line":52,"column":4},"end":{"line":52,"column":null}},{"start":{},"end":{}}],"line":52},"4":{"loc":{"start":{"line":54,"column":4},"end":{"line":54,"column":null}},"type":"if","locations":[{"start":{"line":54,"column":4},"end":{"line":54,"column":null}},{"start":{},"end":{}}],"line":54},"5":{"loc":{"start":{"line":57,"column":2},"end":{"line":61,"column":null}},"type":"if","locations":[{"start":{"line":57,"column":2},"end":{"line":61,"column":null}},{"start":{},"end":{}}],"line":57},"6":{"loc":{"start":{"line":58,"column":4},"end":{"line":58,"column":null}},"type":"if","locations":[{"start":{"line":58,"column":4},"end":{"line":58,"column":null}},{"start":{},"end":{}}],"line":58},"7":{"loc":{"start":{"line":60,"column":4},"end":{"line":60,"column":null}},"type":"if","locations":[{"start":{"line":60,"column":4},"end":{"line":60,"column":null}},{"start":{},"end":{}}],"line":60},"8":{"loc":{"start":{"line":63,"column":2},"end":{"line":65,"column":null}},"type":"if","locations":[{"start":{"line":63,"column":2},"end":{"line":65,"column":null}},{"start":{},"end":{}}],"line":63},"9":{"loc":{"start":{"line":63,"column":6},"end":{"line":63,"column":55}},"type":"binary-expr","locations":[{"start":{"line":63,"column":6},"end":{"line":63,"column":19}},{"start":{"line":63,"column":19},"end":{"line":63,"column":55}}],"line":63},"10":{"loc":{"start":{"line":75,"column":2},"end":{"line":83,"column":null}},"type":"if","locations":[{"start":{"line":75,"column":2},"end":{"line":83,"column":null}},{"start":{},"end":{}}],"line":75},"11":{"loc":{"start":{"line":76,"column":4},"end":{"line":80,"column":null}},"type":"binary-expr","locations":[{"start":{"line":76,"column":4},"end":{"line":76,"column":null}},{"start":{"line":77,"column":4},"end":{"line":77,"column":null}},{"start":{"line":78,"column":5},"end":{"line":78,"column":null}},{"start":{"line":79,"column":7},"end":{"line":79,"column":null}},{"start":{"line":80,"column":8},"end":{"line":80,"column":null}}],"line":76},"12":{"loc":{"start":{"line":84,"column":2},"end":{"line":91,"column":null}},"type":"if","locations":[{"start":{"line":84,"column":2},"end":{"line":91,"column":null}},{"start":{},"end":{}}],"line":84},"13":{"loc":{"start":{"line":85,"column":4},"end":{"line":88,"column":null}},"type":"binary-expr","locations":[{"start":{"line":85,"column":4},"end":{"line":85,"column":null}},{"start":{"line":86,"column":4},"end":{"line":86,"column":null}},{"start":{"line":87,"column":5},"end":{"line":87,"column":null}},{"start":{"line":88,"column":6},"end":{"line":88,"column":null}}],"line":85},"14":{"loc":{"start":{"line":93,"column":24},"end":{"line":93,"column":null}},"type":"binary-expr","locations":[{"start":{"line":93,"column":24},"end":{"line":93,"column":56}},{"start":{"line":93,"column":56},"end":{"line":93,"column":null}}],"line":93},"15":{"loc":{"start":{"line":116,"column":18},"end":{"line":116,"column":null}},"type":"binary-expr","locations":[{"start":{"line":116,"column":18},"end":{"line":116,"column":35}},{"start":{"line":116,"column":35},"end":{"line":116,"column":null}}],"line":116},"16":{"loc":{"start":{"line":126,"column":2},"end":{"line":130,"column":null}},"type":"if","locations":[{"start":{"line":126,"column":2},"end":{"line":130,"column":null}},{"start":{},"end":{}}],"line":126},"17":{"loc":{"start":{"line":126,"column":6},"end":{"line":126,"column":38}},"type":"binary-expr","locations":[{"start":{"line":126,"column":6},"end":{"line":126,"column":19}},{"start":{"line":126,"column":19},"end":{"line":126,"column":38}}],"line":126},"18":{"loc":{"start":{"line":129,"column":4},"end":{"line":129,"column":null}},"type":"if","locations":[{"start":{"line":129,"column":4},"end":{"line":129,"column":null}},{"start":{},"end":{}}],"line":129},"19":{"loc":{"start":{"line":132,"column":2},"end":{"line":136,"column":null}},"type":"if","locations":[{"start":{"line":132,"column":2},"end":{"line":136,"column":null}},{"start":{},"end":{}}],"line":132},"20":{"loc":{"start":{"line":132,"column":6},"end":{"line":132,"column":38}},"type":"binary-expr","locations":[{"start":{"line":132,"column":6},"end":{"line":132,"column":19}},{"start":{"line":132,"column":19},"end":{"line":132,"column":38}}],"line":132},"21":{"loc":{"start":{"line":135,"column":4},"end":{"line":135,"column":null}},"type":"if","locations":[{"start":{"line":135,"column":4},"end":{"line":135,"column":null}},{"start":{},"end":{}}],"line":135},"22":{"loc":{"start":{"line":138,"column":2},"end":{"line":142,"column":null}},"type":"if","locations":[{"start":{"line":138,"column":2},"end":{"line":142,"column":null}},{"start":{},"end":{}}],"line":138},"23":{"loc":{"start":{"line":138,"column":6},"end":{"line":138,"column":39}},"type":"binary-expr","locations":[{"start":{"line":138,"column":6},"end":{"line":138,"column":27}},{"start":{"line":138,"column":27},"end":{"line":138,"column":39}}],"line":138},"24":{"loc":{"start":{"line":141,"column":4},"end":{"line":141,"column":null}},"type":"if","locations":[{"start":{"line":141,"column":4},"end":{"line":141,"column":null}},{"start":{},"end":{}}],"line":141},"25":{"loc":{"start":{"line":144,"column":2},"end":{"line":151,"column":null}},"type":"if","locations":[{"start":{"line":144,"column":2},"end":{"line":151,"column":null}},{"start":{},"end":{}}],"line":144},"26":{"loc":{"start":{"line":144,"column":6},"end":{"line":144,"column":31}},"type":"binary-expr","locations":[{"start":{"line":144,"column":6},"end":{"line":144,"column":19}},{"start":{"line":144,"column":19},"end":{"line":144,"column":31}}],"line":144},"27":{"loc":{"start":{"line":147,"column":4},"end":{"line":147,"column":null}},"type":"if","locations":[{"start":{"line":147,"column":4},"end":{"line":147,"column":null}},{"start":{},"end":{}}],"line":147},"28":{"loc":{"start":{"line":150,"column":4},"end":{"line":150,"column":null}},"type":"if","locations":[{"start":{"line":150,"column":4},"end":{"line":150,"column":null}},{"start":{},"end":{}}],"line":150},"29":{"loc":{"start":{"line":153,"column":2},"end":{"line":163,"column":null}},"type":"if","locations":[{"start":{"line":153,"column":2},"end":{"line":163,"column":null}},{"start":{},"end":{}}],"line":153},"30":{"loc":{"start":{"line":153,"column":6},"end":{"line":153,"column":34}},"type":"binary-expr","locations":[{"start":{"line":153,"column":6},"end":{"line":153,"column":22}},{"start":{"line":153,"column":22},"end":{"line":153,"column":34}}],"line":153},"31":{"loc":{"start":{"line":156,"column":4},"end":{"line":156,"column":null}},"type":"if","locations":[{"start":{"line":156,"column":4},"end":{"line":156,"column":null}},{"start":{},"end":{}}],"line":156},"32":{"loc":{"start":{"line":159,"column":4},"end":{"line":159,"column":null}},"type":"if","locations":[{"start":{"line":159,"column":4},"end":{"line":159,"column":null}},{"start":{},"end":{}}],"line":159},"33":{"loc":{"start":{"line":162,"column":4},"end":{"line":162,"column":null}},"type":"if","locations":[{"start":{"line":162,"column":4},"end":{"line":162,"column":null}},{"start":{},"end":{}}],"line":162},"34":{"loc":{"start":{"line":165,"column":2},"end":{"line":169,"column":null}},"type":"if","locations":[{"start":{"line":165,"column":2},"end":{"line":169,"column":null}},{"start":{},"end":{}}],"line":165},"35":{"loc":{"start":{"line":165,"column":6},"end":{"line":165,"column":31}},"type":"binary-expr","locations":[{"start":{"line":165,"column":6},"end":{"line":165,"column":19}},{"start":{"line":165,"column":19},"end":{"line":165,"column":31}}],"line":165},"36":{"loc":{"start":{"line":168,"column":4},"end":{"line":168,"column":null}},"type":"if","locations":[{"start":{"line":168,"column":4},"end":{"line":168,"column":null}},{"start":{},"end":{}}],"line":168},"37":{"loc":{"start":{"line":171,"column":2},"end":{"line":175,"column":null}},"type":"if","locations":[{"start":{"line":171,"column":2},"end":{"line":175,"column":null}},{"start":{},"end":{}}],"line":171},"38":{"loc":{"start":{"line":171,"column":6},"end":{"line":171,"column":30}},"type":"binary-expr","locations":[{"start":{"line":171,"column":6},"end":{"line":171,"column":19}},{"start":{"line":171,"column":19},"end":{"line":171,"column":30}}],"line":171},"39":{"loc":{"start":{"line":174,"column":4},"end":{"line":174,"column":null}},"type":"if","locations":[{"start":{"line":174,"column":4},"end":{"line":174,"column":null}},{"start":{},"end":{}}],"line":174},"40":{"loc":{"start":{"line":177,"column":2},"end":{"line":181,"column":null}},"type":"if","locations":[{"start":{"line":177,"column":2},"end":{"line":181,"column":null}},{"start":{},"end":{}}],"line":177},"41":{"loc":{"start":{"line":180,"column":4},"end":{"line":180,"column":null}},"type":"if","locations":[{"start":{"line":180,"column":4},"end":{"line":180,"column":null}},{"start":{},"end":{}}],"line":180},"42":{"loc":{"start":{"line":183,"column":2},"end":{"line":187,"column":null}},"type":"if","locations":[{"start":{"line":183,"column":2},"end":{"line":187,"column":null}},{"start":{},"end":{}}],"line":183},"43":{"loc":{"start":{"line":183,"column":6},"end":{"line":183,"column":47}},"type":"binary-expr","locations":[{"start":{"line":183,"column":6},"end":{"line":183,"column":27}},{"start":{"line":183,"column":27},"end":{"line":183,"column":47}}],"line":183},"44":{"loc":{"start":{"line":186,"column":4},"end":{"line":186,"column":null}},"type":"if","locations":[{"start":{"line":186,"column":4},"end":{"line":186,"column":null}},{"start":{},"end":{}}],"line":186},"45":{"loc":{"start":{"line":191,"column":2},"end":{"line":195,"column":null}},"type":"if","locations":[{"start":{"line":191,"column":2},"end":{"line":195,"column":null}},{"start":{},"end":{}}],"line":191},"46":{"loc":{"start":{"line":191,"column":6},"end":{"line":191,"column":29}},"type":"binary-expr","locations":[{"start":{"line":191,"column":6},"end":{"line":191,"column":19}},{"start":{"line":191,"column":19},"end":{"line":191,"column":29}}],"line":191},"47":{"loc":{"start":{"line":194,"column":4},"end":{"line":194,"column":null}},"type":"if","locations":[{"start":{"line":194,"column":4},"end":{"line":194,"column":null}},{"start":{},"end":{}}],"line":194},"48":{"loc":{"start":{"line":197,"column":2},"end":{"line":201,"column":null}},"type":"if","locations":[{"start":{"line":197,"column":2},"end":{"line":201,"column":null}},{"start":{},"end":{}}],"line":197},"49":{"loc":{"start":{"line":197,"column":6},"end":{"line":197,"column":38}},"type":"binary-expr","locations":[{"start":{"line":197,"column":6},"end":{"line":197,"column":19}},{"start":{"line":197,"column":19},"end":{"line":197,"column":38}}],"line":197},"50":{"loc":{"start":{"line":200,"column":4},"end":{"line":200,"column":null}},"type":"if","locations":[{"start":{"line":200,"column":4},"end":{"line":200,"column":null}},{"start":{},"end":{}}],"line":200},"51":{"loc":{"start":{"line":203,"column":2},"end":{"line":207,"column":null}},"type":"if","locations":[{"start":{"line":203,"column":2},"end":{"line":207,"column":null}},{"start":{},"end":{}}],"line":203},"52":{"loc":{"start":{"line":203,"column":6},"end":{"line":203,"column":31}},"type":"binary-expr","locations":[{"start":{"line":203,"column":6},"end":{"line":203,"column":19}},{"start":{"line":203,"column":19},"end":{"line":203,"column":31}}],"line":203},"53":{"loc":{"start":{"line":206,"column":4},"end":{"line":206,"column":null}},"type":"if","locations":[{"start":{"line":206,"column":4},"end":{"line":206,"column":null}},{"start":{},"end":{}}],"line":206},"54":{"loc":{"start":{"line":209,"column":2},"end":{"line":213,"column":null}},"type":"if","locations":[{"start":{"line":209,"column":2},"end":{"line":213,"column":null}},{"start":{},"end":{}}],"line":209},"55":{"loc":{"start":{"line":209,"column":6},"end":{"line":209,"column":30}},"type":"binary-expr","locations":[{"start":{"line":209,"column":6},"end":{"line":209,"column":19}},{"start":{"line":209,"column":19},"end":{"line":209,"column":30}}],"line":209},"56":{"loc":{"start":{"line":212,"column":4},"end":{"line":212,"column":null}},"type":"if","locations":[{"start":{"line":212,"column":4},"end":{"line":212,"column":null}},{"start":{},"end":{}}],"line":212},"57":{"loc":{"start":{"line":215,"column":2},"end":{"line":219,"column":null}},"type":"if","locations":[{"start":{"line":215,"column":2},"end":{"line":219,"column":null}},{"start":{},"end":{}}],"line":215},"58":{"loc":{"start":{"line":215,"column":6},"end":{"line":215,"column":34}},"type":"binary-expr","locations":[{"start":{"line":215,"column":6},"end":{"line":215,"column":22}},{"start":{"line":215,"column":22},"end":{"line":215,"column":34}}],"line":215},"59":{"loc":{"start":{"line":218,"column":4},"end":{"line":218,"column":null}},"type":"if","locations":[{"start":{"line":218,"column":4},"end":{"line":218,"column":null}},{"start":{},"end":{}}],"line":218},"60":{"loc":{"start":{"line":221,"column":2},"end":{"line":225,"column":null}},"type":"if","locations":[{"start":{"line":221,"column":2},"end":{"line":225,"column":null}},{"start":{},"end":{}}],"line":221},"61":{"loc":{"start":{"line":224,"column":4},"end":{"line":224,"column":null}},"type":"if","locations":[{"start":{"line":224,"column":4},"end":{"line":224,"column":null}},{"start":{},"end":{}}],"line":224}},"s":{"0":26,"1":26,"2":26,"3":14,"4":0,"5":14,"6":0,"7":14,"8":1,"9":14,"10":14,"11":12,"12":26,"13":10,"14":0,"15":10,"16":10,"17":0,"18":26,"19":6,"20":26,"21":26,"22":26,"23":2,"24":26,"25":2,"26":26,"27":26,"28":26,"29":26,"30":26,"31":26,"32":26,"33":26,"34":26,"35":26,"36":26,"37":5,"38":5,"39":5,"40":2,"41":26,"42":5,"43":5,"44":5,"45":2,"46":26,"47":4,"48":4,"49":4,"50":2,"51":26,"52":7,"53":7,"54":7,"55":5,"56":7,"57":7,"58":7,"59":1,"60":26,"61":6,"62":6,"63":6,"64":1,"65":6,"66":6,"67":6,"68":1,"69":6,"70":6,"71":6,"72":1,"73":26,"74":5,"75":5,"76":5,"77":2,"78":26,"79":7,"80":7,"81":7,"82":3,"83":26,"84":8,"85":8,"86":8,"87":2,"88":26,"89":5,"90":5,"91":5,"92":2,"93":26,"94":8,"95":8,"96":8,"97":3,"98":26,"99":5,"100":5,"101":5,"102":1,"103":26,"104":7,"105":7,"106":7,"107":5,"108":26,"109":4,"110":4,"111":4,"112":3,"113":26,"114":6,"115":6,"116":6,"117":3,"118":26,"119":10,"120":10,"121":10,"122":3,"123":26,"124":26},"f":{"0":26,"1":26},"b":{"0":[14,12],"1":[0,14],"2":[0,14],"3":[1,13],"4":[12,2],"5":[10,16],"6":[0,10],"7":[0,10],"8":[6,20],"9":[26,8],"10":[2,24],"11":[26,3,3,1,1],"12":[2,24],"13":[26,3,3,1],"14":[26,25],"15":[26,21],"16":[5,21],"17":[26,10],"18":[2,3],"19":[5,21],"20":[26,6],"21":[2,3],"22":[4,22],"23":[26,10],"24":[2,2],"25":[7,19],"26":[26,10],"27":[5,2],"28":[1,6],"29":[6,20],"30":[26,6],"31":[1,5],"32":[1,5],"33":[1,5],"34":[5,21],"35":[26,8],"36":[2,3],"37":[7,19],"38":[26,10],"39":[3,4],"40":[8,18],"41":[2,6],"42":[5,21],"43":[26,10],"44":[2,3],"45":[8,18],"46":[26,8],"47":[3,5],"48":[5,21],"49":[26,10],"50":[1,4],"51":[7,19],"52":[26,10],"53":[5,2],"54":[4,22],"55":[26,6],"56":[3,1],"57":[6,20],"58":[26,6],"59":[3,3],"60":[10,16],"61":[3,7]},"meta":{"lastBranch":62,"lastFunction":2,"lastStatement":125,"seen":{"f:42:9:42:Infinity":0,"s:46:19:46:Infinity":0,"s:47:16:47:Infinity":1,"b:49:2:55:Infinity:undefined:undefined:undefined:undefined":0,"s:49:2:55:Infinity":2,"b:50:4:50:Infinity:undefined:undefined:undefined:undefined":1,"s:50:4:50:Infinity":3,"s:50:52:50:Infinity":4,"b:51:4:51:Infinity:undefined:undefined:undefined:undefined":2,"s:51:4:51:Infinity":5,"s:51:55:51:Infinity":6,"b:52:4:52:Infinity:undefined:undefined:undefined:undefined":3,"s:52:4:52:Infinity":7,"s:52:52:52:Infinity":8,"s:53:22:53:Infinity":9,"b:54:4:54:Infinity:undefined:undefined:undefined:undefined":4,"s:54:4:54:Infinity":10,"s:54:51:54:Infinity":11,"b:57:2:61:Infinity:undefined:undefined:undefined:undefined":5,"s:57:2:61:Infinity":12,"b:58:4:58:Infinity:undefined:undefined:undefined:undefined":6,"s:58:4:58:Infinity":13,"s:58:49:58:Infinity":14,"s:59:21:59:Infinity":15,"b:60:4:60:Infinity:undefined:undefined:undefined:undefined":7,"s:60:4:60:Infinity":16,"s:60:36:60:Infinity":17,"b:63:2:65:Infinity:undefined:undefined:undefined:undefined":8,"s:63:2:65:Infinity":18,"b:63:6:63:19:63:19:63:55":9,"s:64:4:64:Infinity":19,"s:67:22:67:Infinity":20,"s:71:20:71:Infinity":21,"b:75:2:83:Infinity:undefined:undefined:undefined:undefined":10,"s:75:2:83:Infinity":22,"b:76:4:76:Infinity:77:4:77:Infinity:78:5:78:Infinity:79:7:79:Infinity:80:8:80:Infinity":11,"s:82:4:82:Infinity":23,"b:84:2:91:Infinity:undefined:undefined:undefined:undefined":12,"s:84:2:91:Infinity":24,"b:85:4:85:Infinity:86:4:86:Infinity:87:5:87:Infinity:88:6:88:Infinity":13,"s:90:4:90:Infinity":25,"s:93:24:93:Infinity":26,"b:93:24:93:56:93:56:93:Infinity":14,"s:94:2:94:Infinity":27,"s:96:2:96:Infinity":28,"f:102:16:102:Infinity":1,"s:106:29:106:Infinity":29,"s:107:28:107:Infinity":30,"s:108:25:108:Infinity":31,"s:109:18:109:Infinity":32,"s:111:27:114:Infinity":33,"s:116:18:116:Infinity":34,"b:116:18:116:35:116:35:116:Infinity":15,"s:117:8:122:Infinity":35,"b:126:2:130:Infinity:undefined:undefined:undefined:undefined":16,"s:126:2:130:Infinity":36,"b:126:6:126:19:126:19:126:38":17,"s:127:4:127:Infinity":37,"s:128:10:128:Infinity":38,"b:129:4:129:Infinity:undefined:undefined:undefined:undefined":18,"s:129:4:129:Infinity":39,"s:129:11:129:Infinity":40,"b:132:2:136:Infinity:undefined:undefined:undefined:undefined":19,"s:132:2:136:Infinity":41,"b:132:6:132:19:132:19:132:38":20,"s:133:4:133:Infinity":42,"s:134:10:134:Infinity":43,"b:135:4:135:Infinity:undefined:undefined:undefined:undefined":21,"s:135:4:135:Infinity":44,"s:135:11:135:Infinity":45,"b:138:2:142:Infinity:undefined:undefined:undefined:undefined":22,"s:138:2:142:Infinity":46,"b:138:6:138:27:138:27:138:39":23,"s:139:4:139:Infinity":47,"s:140:10:140:Infinity":48,"b:141:4:141:Infinity:undefined:undefined:undefined:undefined":24,"s:141:4:141:Infinity":49,"s:141:11:141:Infinity":50,"b:144:2:151:Infinity:undefined:undefined:undefined:undefined":25,"s:144:2:151:Infinity":51,"b:144:6:144:19:144:19:144:31":26,"s:145:4:145:Infinity":52,"s:146:10:146:Infinity":53,"b:147:4:147:Infinity:undefined:undefined:undefined:undefined":27,"s:147:4:147:Infinity":54,"s:147:11:147:Infinity":55,"s:148:4:148:Infinity":56,"s:149:10:149:Infinity":57,"b:150:4:150:Infinity:undefined:undefined:undefined:undefined":28,"s:150:4:150:Infinity":58,"s:150:12:150:Infinity":59,"b:153:2:163:Infinity:undefined:undefined:undefined:undefined":29,"s:153:2:163:Infinity":60,"b:153:6:153:22:153:22:153:34":30,"s:154:4:154:Infinity":61,"s:155:10:155:Infinity":62,"b:156:4:156:Infinity:undefined:undefined:undefined:undefined":31,"s:156:4:156:Infinity":63,"s:156:11:156:Infinity":64,"s:157:4:157:Infinity":65,"s:158:10:158:Infinity":66,"b:159:4:159:Infinity:undefined:undefined:undefined:undefined":32,"s:159:4:159:Infinity":67,"s:159:14:159:Infinity":68,"s:160:4:160:Infinity":69,"s:161:10:161:Infinity":70,"b:162:4:162:Infinity:undefined:undefined:undefined:undefined":33,"s:162:4:162:Infinity":71,"s:162:16:162:Infinity":72,"b:165:2:169:Infinity:undefined:undefined:undefined:undefined":34,"s:165:2:169:Infinity":73,"b:165:6:165:19:165:19:165:31":35,"s:166:4:166:Infinity":74,"s:167:10:167:Infinity":75,"b:168:4:168:Infinity:undefined:undefined:undefined:undefined":36,"s:168:4:168:Infinity":76,"s:168:11:168:Infinity":77,"b:171:2:175:Infinity:undefined:undefined:undefined:undefined":37,"s:171:2:175:Infinity":78,"b:171:6:171:19:171:19:171:30":38,"s:172:4:172:Infinity":79,"s:173:10:173:Infinity":80,"b:174:4:174:Infinity:undefined:undefined:undefined:undefined":39,"s:174:4:174:Infinity":81,"s:174:11:174:Infinity":82,"b:177:2:181:Infinity:undefined:undefined:undefined:undefined":40,"s:177:2:181:Infinity":83,"s:178:4:178:Infinity":84,"s:179:10:179:Infinity":85,"b:180:4:180:Infinity:undefined:undefined:undefined:undefined":41,"s:180:4:180:Infinity":86,"s:180:11:180:Infinity":87,"b:183:2:187:Infinity:undefined:undefined:undefined:undefined":42,"s:183:2:187:Infinity":88,"b:183:6:183:27:183:27:183:47":43,"s:184:4:184:Infinity":89,"s:185:10:185:Infinity":90,"b:186:4:186:Infinity:undefined:undefined:undefined:undefined":44,"s:186:4:186:Infinity":91,"s:186:11:186:Infinity":92,"b:191:2:195:Infinity:undefined:undefined:undefined:undefined":45,"s:191:2:195:Infinity":93,"b:191:6:191:19:191:19:191:29":46,"s:192:4:192:Infinity":94,"s:193:10:193:Infinity":95,"b:194:4:194:Infinity:undefined:undefined:undefined:undefined":47,"s:194:4:194:Infinity":96,"s:194:11:194:Infinity":97,"b:197:2:201:Infinity:undefined:undefined:undefined:undefined":48,"s:197:2:201:Infinity":98,"b:197:6:197:19:197:19:197:38":49,"s:198:4:198:Infinity":99,"s:199:10:199:Infinity":100,"b:200:4:200:Infinity:undefined:undefined:undefined:undefined":50,"s:200:4:200:Infinity":101,"s:200:11:200:Infinity":102,"b:203:2:207:Infinity:undefined:undefined:undefined:undefined":51,"s:203:2:207:Infinity":103,"b:203:6:203:19:203:19:203:31":52,"s:204:4:204:Infinity":104,"s:205:10:205:Infinity":105,"b:206:4:206:Infinity:undefined:undefined:undefined:undefined":53,"s:206:4:206:Infinity":106,"s:206:11:206:Infinity":107,"b:209:2:213:Infinity:undefined:undefined:undefined:undefined":54,"s:209:2:213:Infinity":108,"b:209:6:209:19:209:19:209:30":55,"s:210:4:210:Infinity":109,"s:211:10:211:Infinity":110,"b:212:4:212:Infinity:undefined:undefined:undefined:undefined":56,"s:212:4:212:Infinity":111,"s:212:11:212:Infinity":112,"b:215:2:219:Infinity:undefined:undefined:undefined:undefined":57,"s:215:2:219:Infinity":113,"b:215:6:215:22:215:22:215:34":58,"s:216:4:216:Infinity":114,"s:217:10:217:Infinity":115,"b:218:4:218:Infinity:undefined:undefined:undefined:undefined":59,"s:218:4:218:Infinity":116,"s:218:11:218:Infinity":117,"b:221:2:225:Infinity:undefined:undefined:undefined:undefined":60,"s:221:2:225:Infinity":118,"s:222:4:222:Infinity":119,"s:223:10:223:Infinity":120,"b:224:4:224:Infinity:undefined:undefined:undefined:undefined":61,"s:224:4:224:Infinity":121,"s:224:11:224:Infinity":122,"s:227:21:227:Infinity":123,"s:229:2:236:Infinity":124}}}
,"/Users/alain/Desktop/PCBuilder/lib/compatibility/power.ts": {"path":"/Users/alain/Desktop/PCBuilder/lib/compatibility/power.ts","statementMap":{"0":{"start":{"line":8,"column":20},"end":{"line":8,"column":null}},"1":{"start":{"line":9,"column":23},"end":{"line":9,"column":null}},"2":{"start":{"line":10,"column":23},"end":{"line":10,"column":null}},"3":{"start":{"line":11,"column":22},"end":{"line":11,"column":null}},"4":{"start":{"line":12,"column":28},"end":{"line":12,"column":null}},"5":{"start":{"line":23,"column":14},"end":{"line":23,"column":null}},"6":{"start":{"line":25,"column":2},"end":{"line":27,"column":null}},"7":{"start":{"line":26,"column":4},"end":{"line":26,"column":null}},"8":{"start":{"line":29,"column":2},"end":{"line":31,"column":null}},"9":{"start":{"line":30,"column":4},"end":{"line":30,"column":null}},"10":{"start":{"line":33,"column":2},"end":{"line":35,"column":null}},"11":{"start":{"line":34,"column":4},"end":{"line":34,"column":null}},"12":{"start":{"line":37,"column":2},"end":{"line":39,"column":null}},"13":{"start":{"line":38,"column":4},"end":{"line":38,"column":null}},"14":{"start":{"line":41,"column":2},"end":{"line":41,"column":null}},"15":{"start":{"line":48,"column":2},"end":{"line":48,"column":null}},"16":{"start":{"line":48,"column":26},"end":{"line":48,"column":null}},"17":{"start":{"line":49,"column":2},"end":{"line":49,"column":null}}},"fnMap":{"0":{"name":"estimateLoad","decl":{"start":{"line":17,"column":16},"end":{"line":17,"column":29}},"loc":{"start":{"line":22,"column":11},"end":{"line":42,"column":null}},"line":22},"1":{"name":"getHeadroom","decl":{"start":{"line":47,"column":16},"end":{"line":47,"column":28}},"loc":{"start":{"line":47,"column":79},"end":{"line":50,"column":null}},"line":47}},"branchMap":{"0":{"loc":{"start":{"line":25,"column":2},"end":{"line":27,"column":null}},"type":"if","locations":[{"start":{"line":25,"column":2},"end":{"line":27,"column":null}},{"start":{},"end":{}}],"line":25},"1":{"loc":{"start":{"line":29,"column":2},"end":{"line":31,"column":null}},"type":"if","locations":[{"start":{"line":29,"column":2},"end":{"line":31,"column":null}},{"start":{},"end":{}}],"line":29},"2":{"loc":{"start":{"line":33,"column":2},"end":{"line":35,"column":null}},"type":"if","locations":[{"start":{"line":33,"column":2},"end":{"line":35,"column":null}},{"start":{},"end":{}}],"line":33},"3":{"loc":{"start":{"line":37,"column":2},"end":{"line":39,"column":null}},"type":"if","locations":[{"start":{"line":37,"column":2},"end":{"line":39,"column":null}},{"start":{},"end":{}}],"line":37},"4":{"loc":{"start":{"line":48,"column":2},"end":{"line":48,"column":null}},"type":"if","locations":[{"start":{"line":48,"column":2},"end":{"line":48,"column":null}},{"start":{},"end":{}}],"line":48}},"s":{"0":2,"1":2,"2":2,"3":2,"4":2,"5":36,"6":36,"7":18,"8":36,"9":15,"10":36,"11":11,"12":36,"13":7,"14":36,"15":5,"16":0,"17":5},"f":{"0":36,"1":5},"b":{"0":[18,18],"1":[15,21],"2":[11,25],"3":[7,29],"4":[0,5]},"meta":{"lastBranch":5,"lastFunction":2,"lastStatement":18,"seen":{"s:8:20:8:Infinity":0,"s:9:23:9:Infinity":1,"s:10:23:10:Infinity":2,"s:11:22:11:Infinity":3,"s:12:28:12:Infinity":4,"f:17:16:17:29":0,"s:23:14:23:Infinity":5,"b:25:2:27:Infinity:undefined:undefined:undefined:undefined":0,"s:25:2:27:Infinity":6,"s:26:4:26:Infinity":7,"b:29:2:31:Infinity:undefined:undefined:undefined:undefined":1,"s:29:2:31:Infinity":8,"s:30:4:30:Infinity":9,"b:33:2:35:Infinity:undefined:undefined:undefined:undefined":2,"s:33:2:35:Infinity":10,"s:34:4:34:Infinity":11,"b:37:2:39:Infinity:undefined:undefined:undefined:undefined":3,"s:37:2:39:Infinity":12,"s:38:4:38:Infinity":13,"s:41:2:41:Infinity":14,"f:47:16:47:28":1,"b:48:2:48:Infinity:undefined:undefined:undefined:undefined":4,"s:48:2:48:Infinity":15,"s:48:26:48:Infinity":16,"s:49:2:49:Infinity":17}}}
,"/Users/alain/Desktop/PCBuilder/lib/compatibility/rules.ts": {"path":"/Users/alain/Desktop/PCBuilder/lib/compatibility/rules.ts","statementMap":{"0":{"start":{"line":21,"column":2},"end":{"line":21,"column":null}},"1":{"start":{"line":25,"column":64},"end":{"line":30,"column":null}},"2":{"start":{"line":34,"column":2},"end":{"line":34,"column":null}},"3":{"start":{"line":34,"column":23},"end":{"line":34,"column":null}},"4":{"start":{"line":35,"column":2},"end":{"line":35,"column":null}},"5":{"start":{"line":35,"column":22},"end":{"line":35,"column":null}},"6":{"start":{"line":36,"column":2},"end":{"line":36,"column":null}},"7":{"start":{"line":36,"column":22},"end":{"line":36,"column":null}},"8":{"start":{"line":37,"column":2},"end":{"line":37,"column":null}},"9":{"start":{"line":37,"column":22},"end":{"line":37,"column":null}},"10":{"start":{"line":38,"column":2},"end":{"line":38,"column":null}},"11":{"start":{"line":43,"column":2},"end":{"line":48,"column":null}},"12":{"start":{"line":44,"column":4},"end":{"line":44,"column":null}},"13":{"start":{"line":44,"column":42},"end":{"line":44,"column":null}},"14":{"start":{"line":45,"column":4},"end":{"line":45,"column":null}},"15":{"start":{"line":45,"column":23},"end":{"line":45,"column":null}},"16":{"start":{"line":46,"column":4},"end":{"line":46,"column":null}},"17":{"start":{"line":46,"column":23},"end":{"line":46,"column":null}},"18":{"start":{"line":47,"column":4},"end":{"line":47,"column":null}},"19":{"start":{"line":68,"column":2},"end":{"line":86,"column":null}},"20":{"start":{"line":69,"column":22},"end":{"line":69,"column":null}},"21":{"start":{"line":70,"column":21},"end":{"line":70,"column":null}},"22":{"start":{"line":71,"column":4},"end":{"line":85,"column":null}},"23":{"start":{"line":87,"column":2},"end":{"line":87,"column":null}},"24":{"start":{"line":91,"column":2},"end":{"line":109,"column":null}},"25":{"start":{"line":92,"column":20},"end":{"line":92,"column":null}},"26":{"start":{"line":93,"column":19},"end":{"line":93,"column":null}},"27":{"start":{"line":94,"column":4},"end":{"line":108,"column":null}},"28":{"start":{"line":110,"column":2},"end":{"line":110,"column":null}},"29":{"start":{"line":117,"column":20},"end":{"line":117,"column":null}},"30":{"start":{"line":118,"column":15},"end":{"line":118,"column":null}},"31":{"start":{"line":119,"column":17},"end":{"line":119,"column":null}},"32":{"start":{"line":120,"column":2},"end":{"line":137,"column":null}},"33":{"start":{"line":121,"column":4},"end":{"line":136,"column":null}},"34":{"start":{"line":138,"column":2},"end":{"line":138,"column":null}},"35":{"start":{"line":143,"column":23},"end":{"line":143,"column":null}},"36":{"start":{"line":144,"column":2},"end":{"line":144,"column":null}},"37":{"start":{"line":144,"column":28},"end":{"line":144,"column":null}},"38":{"start":{"line":145,"column":19},"end":{"line":145,"column":null}},"39":{"start":{"line":146,"column":2},"end":{"line":165,"column":null}},"40":{"start":{"line":147,"column":4},"end":{"line":164,"column":null}},"41":{"start":{"line":166,"column":2},"end":{"line":166,"column":null}},"42":{"start":{"line":170,"column":20},"end":{"line":170,"column":null}},"43":{"start":{"line":171,"column":24},"end":{"line":171,"column":null}},"44":{"start":{"line":172,"column":2},"end":{"line":194,"column":null}},"45":{"start":{"line":173,"column":17},"end":{"line":173,"column":null}},"46":{"start":{"line":174,"column":4},"end":{"line":193,"column":null}},"47":{"start":{"line":195,"column":2},"end":{"line":195,"column":null}},"48":{"start":{"line":199,"column":17},"end":{"line":199,"column":null}},"49":{"start":{"line":200,"column":18},"end":{"line":200,"column":null}},"50":{"start":{"line":201,"column":2},"end":{"line":225,"column":null}},"51":{"start":{"line":202,"column":4},"end":{"line":224,"column":null}},"52":{"start":{"line":203,"column":19},"end":{"line":203,"column":null}},"53":{"start":{"line":204,"column":6},"end":{"line":223,"column":null}},"54":{"start":{"line":226,"column":2},"end":{"line":226,"column":null}},"55":{"start":{"line":235,"column":4},"end":{"line":237,"column":null}},"56":{"start":{"line":238,"column":20},"end":{"line":238,"column":null}},"57":{"start":{"line":239,"column":2},"end":{"line":257,"column":null}},"58":{"start":{"line":240,"column":17},"end":{"line":240,"column":null}},"59":{"start":{"line":241,"column":4},"end":{"line":256,"column":null}},"60":{"start":{"line":258,"column":2},"end":{"line":258,"column":null}},"61":{"start":{"line":266,"column":17},"end":{"line":266,"column":null}},"62":{"start":{"line":267,"column":20},"end":{"line":267,"column":null}},"63":{"start":{"line":268,"column":2},"end":{"line":287,"column":null}},"64":{"start":{"line":269,"column":23},"end":{"line":269,"column":null}},"65":{"start":{"line":270,"column":4},"end":{"line":286,"column":null}},"66":{"start":{"line":288,"column":2},"end":{"line":288,"column":null}},"67":{"start":{"line":292,"column":15},"end":{"line":292,"column":null}},"68":{"start":{"line":293,"column":15},"end":{"line":293,"column":null}},"69":{"start":{"line":294,"column":22},"end":{"line":294,"column":null}},"70":{"start":{"line":295,"column":2},"end":{"line":314,"column":null}},"71":{"start":{"line":296,"column":4},"end":{"line":313,"column":null}},"72":{"start":{"line":315,"column":2},"end":{"line":315,"column":null}},"73":{"start":{"line":322,"column":21},"end":{"line":322,"column":null}},"74":{"start":{"line":322,"column":43},"end":{"line":322,"column":71}},"75":{"start":{"line":323,"column":2},"end":{"line":323,"column":null}},"76":{"start":{"line":323,"column":31},"end":{"line":323,"column":null}},"77":{"start":{"line":324,"column":18},"end":{"line":324,"column":null}},"78":{"start":{"line":325,"column":2},"end":{"line":343,"column":null}},"79":{"start":{"line":326,"column":17},"end":{"line":326,"column":null}},"80":{"start":{"line":327,"column":4},"end":{"line":342,"column":null}},"81":{"start":{"line":332,"column":48},"end":{"line":332,"column":52}},"82":{"start":{"line":344,"column":2},"end":{"line":344,"column":null}},"83":{"start":{"line":350,"column":15},"end":{"line":350,"column":null}},"84":{"start":{"line":351,"column":15},"end":{"line":351,"column":null}},"85":{"start":{"line":352,"column":19},"end":{"line":352,"column":null}},"86":{"start":{"line":353,"column":8},"end":{"line":353,"column":null}},"87":{"start":{"line":354,"column":2},"end":{"line":373,"column":null}},"88":{"start":{"line":355,"column":4},"end":{"line":372,"column":null}},"89":{"start":{"line":374,"column":2},"end":{"line":374,"column":null}},"90":{"start":{"line":378,"column":33},"end":{"line":378,"column":null}},"91":{"start":{"line":384,"column":18},"end":{"line":384,"column":null}},"92":{"start":{"line":385,"column":22},"end":{"line":385,"column":null}},"93":{"start":{"line":386,"column":24},"end":{"line":388,"column":null}},"94":{"start":{"line":387,"column":11},"end":{"line":387,"column":null}},"95":{"start":{"line":389,"column":2},"end":{"line":406,"column":null}},"96":{"start":{"line":390,"column":4},"end":{"line":405,"column":null}},"97":{"start":{"line":407,"column":2},"end":{"line":407,"column":null}},"98":{"start":{"line":411,"column":16},"end":{"line":411,"column":null}},"99":{"start":{"line":412,"column":2},"end":{"line":428,"column":null}},"100":{"start":{"line":413,"column":4},"end":{"line":427,"column":null}},"101":{"start":{"line":429,"column":2},"end":{"line":429,"column":null}},"102":{"start":{"line":433,"column":19},"end":{"line":433,"column":null}},"103":{"start":{"line":434,"column":19},"end":{"line":434,"column":null}},"104":{"start":{"line":435,"column":2},"end":{"line":452,"column":null}},"105":{"start":{"line":436,"column":4},"end":{"line":451,"column":null}},"106":{"start":{"line":453,"column":2},"end":{"line":453,"column":null}},"107":{"start":{"line":458,"column":2},"end":{"line":459,"column":null}},"108":{"start":{"line":459,"column":4},"end":{"line":459,"column":null}},"109":{"start":{"line":460,"column":20},"end":{"line":460,"column":null}},"110":{"start":{"line":461,"column":2},"end":{"line":462,"column":null}},"111":{"start":{"line":462,"column":4},"end":{"line":462,"column":null}},"112":{"start":{"line":463,"column":14},"end":{"line":463,"column":null}},"113":{"start":{"line":464,"column":2},"end":{"line":464,"column":null}},"114":{"start":{"line":464,"column":31},"end":{"line":464,"column":null}},"115":{"start":{"line":465,"column":23},"end":{"line":465,"column":null}},"116":{"start":{"line":466,"column":2},"end":{"line":482,"column":null}},"117":{"start":{"line":487,"column":2},"end":{"line":487,"column":null}},"118":{"start":{"line":487,"column":35},"end":{"line":487,"column":null}},"119":{"start":{"line":488,"column":18},"end":{"line":488,"column":null}},"120":{"start":{"line":489,"column":26},"end":{"line":489,"column":null}},"121":{"start":{"line":490,"column":2},"end":{"line":490,"column":null}},"122":{"start":{"line":490,"column":50},"end":{"line":490,"column":null}},"123":{"start":{"line":491,"column":2},"end":{"line":491,"column":null}},"124":{"start":{"line":491,"column":34},"end":{"line":491,"column":null}},"125":{"start":{"line":492,"column":15},"end":{"line":492,"column":null}},"126":{"start":{"line":493,"column":2},"end":{"line":510,"column":null}},"127":{"start":{"line":514,"column":2},"end":{"line":535,"column":null}},"128":{"start":{"line":515,"column":16},"end":{"line":515,"column":null}},"129":{"start":{"line":516,"column":23},"end":{"line":516,"column":null}},"130":{"start":{"line":517,"column":4},"end":{"line":534,"column":null}},"131":{"start":{"line":518,"column":6},"end":{"line":533,"column":null}},"132":{"start":{"line":536,"column":2},"end":{"line":536,"column":null}},"133":{"start":{"line":544,"column":27},"end":{"line":544,"column":null}},"134":{"start":{"line":545,"column":19},"end":{"line":545,"column":null}},"135":{"start":{"line":546,"column":18},"end":{"line":546,"column":null}},"136":{"start":{"line":547,"column":20},"end":{"line":547,"column":null}},"137":{"start":{"line":548,"column":20},"end":{"line":548,"column":null}},"138":{"start":{"line":548,"column":43},"end":{"line":548,"column":71}},"139":{"start":{"line":549,"column":19},"end":{"line":549,"column":null}},"140":{"start":{"line":550,"column":2},"end":{"line":550,"column":null}},"141":{"start":{"line":550,"column":17},"end":{"line":550,"column":null}},"142":{"start":{"line":551,"column":2},"end":{"line":551,"column":null}},"143":{"start":{"line":551,"column":16},"end":{"line":551,"column":null}},"144":{"start":{"line":552,"column":2},"end":{"line":571,"column":null}},"145":{"start":{"line":553,"column":52},"end":{"line":558,"column":null}},"146":{"start":{"line":559,"column":4},"end":{"line":570,"column":null}},"147":{"start":{"line":572,"column":2},"end":{"line":572,"column":null}}},"fnMap":{"0":{"name":"createIssue","decl":{"start":{"line":12,"column":9},"end":{"line":12,"column":null}},"loc":{"start":{"line":20,"column":9},"end":{"line":22,"column":null}},"line":20},"1":{"name":"inferPsuConnectors","decl":{"start":{"line":33,"column":9},"end":{"line":33,"column":28}},"loc":{"start":{"line":33,"column":53},"end":{"line":39,"column":null}},"line":33},"2":{"name":"gpuConnectorDemand","decl":{"start":{"line":42,"column":9},"end":{"line":42,"column":28}},"loc":{"start":{"line":42,"column":58},"end":{"line":49,"column":null}},"line":42},"3":{"name":"(anonymous_3)","decl":{"start":{"line":43,"column":27},"end":{"line":43,"column":28}},"loc":{"start":{"line":43,"column":39},"end":{"line":48,"column":5}},"line":43},"4":{"name":"socketMismatch","decl":{"start":{"line":64,"column":16},"end":{"line":64,"column":null}},"loc":{"start":{"line":67,"column":16},"end":{"line":88,"column":null}},"line":67},"5":{"name":"ramTypeMismatch","decl":{"start":{"line":90,"column":16},"end":{"line":90,"column":32}},"loc":{"start":{"line":90,"column":82},"end":{"line":111,"column":null}},"line":90},"6":{"name":"formFactorIncompatible","decl":{"start":{"line":113,"column":16},"end":{"line":113,"column":null}},"loc":{"start":{"line":116,"column":16},"end":{"line":139,"column":null}},"line":116},"7":{"name":"gpuTooThick","decl":{"start":{"line":142,"column":16},"end":{"line":142,"column":28}},"loc":{"start":{"line":142,"column":66},"end":{"line":167,"column":null}},"line":142},"8":{"name":"gpuTooLong","decl":{"start":{"line":169,"column":16},"end":{"line":169,"column":27}},"loc":{"start":{"line":169,"column":65},"end":{"line":196,"column":null}},"line":169},"9":{"name":"coolerTooTall","decl":{"start":{"line":198,"column":16},"end":{"line":198,"column":30}},"loc":{"start":{"line":198,"column":74},"end":{"line":227,"column":null}},"line":198},"10":{"name":"psuTooLong","decl":{"start":{"line":229,"column":16},"end":{"line":229,"column":null}},"loc":{"start":{"line":233,"column":16},"end":{"line":259,"column":null}},"line":233},"11":{"name":"insufficientPsuConnectors","decl":{"start":{"line":261,"column":16},"end":{"line":261,"column":null}},"loc":{"start":{"line":265,"column":16},"end":{"line":289,"column":null}},"line":265},"12":{"name":"insufficientPower","decl":{"start":{"line":291,"column":16},"end":{"line":291,"column":34}},"loc":{"start":{"line":291,"column":81},"end":{"line":316,"column":null}},"line":291},"13":{"name":"noM2Slots","decl":{"start":{"line":318,"column":16},"end":{"line":318,"column":null}},"loc":{"start":{"line":321,"column":16},"end":{"line":345,"column":null}},"line":321},"14":{"name":"(anonymous_14)","decl":{"start":{"line":322,"column":36},"end":{"line":322,"column":37}},"loc":{"start":{"line":322,"column":43},"end":{"line":322,"column":71}},"line":322},"15":{"name":"(anonymous_15)","decl":{"start":{"line":332,"column":41},"end":{"line":332,"column":42}},"loc":{"start":{"line":332,"column":48},"end":{"line":332,"column":52}},"line":332},"16":{"name":"lowPsuHeadroom","decl":{"start":{"line":349,"column":16},"end":{"line":349,"column":31}},"loc":{"start":{"line":349,"column":78},"end":{"line":375,"column":null}},"line":349},"17":{"name":"biosUpdateNeeded","decl":{"start":{"line":380,"column":16},"end":{"line":380,"column":null}},"loc":{"start":{"line":383,"column":16},"end":{"line":408,"column":null}},"line":383},"18":{"name":"(anonymous_18)","decl":{"start":{"line":387,"column":4},"end":{"line":387,"column":5}},"loc":{"start":{"line":387,"column":11},"end":{"line":387,"column":null}},"line":387},"19":{"name":"gpuThicknessRisk","decl":{"start":{"line":410,"column":16},"end":{"line":410,"column":33}},"loc":{"start":{"line":410,"column":71},"end":{"line":430,"column":null}},"line":410},"20":{"name":"ramSpeedRisk","decl":{"start":{"line":432,"column":16},"end":{"line":432,"column":29}},"loc":{"start":{"line":432,"column":63},"end":{"line":454,"column":null}},"line":432},"21":{"name":"radiatorNotSupported","decl":{"start":{"line":457,"column":16},"end":{"line":457,"column":37}},"loc":{"start":{"line":457,"column":81},"end":{"line":483,"column":null}},"line":457},"22":{"name":"radiatorTooThick","decl":{"start":{"line":486,"column":16},"end":{"line":486,"column":33}},"loc":{"start":{"line":486,"column":77},"end":{"line":511,"column":null}},"line":486},"23":{"name":"radiatorConflict","decl":{"start":{"line":513,"column":16},"end":{"line":513,"column":33}},"loc":{"start":{"line":513,"column":77},"end":{"line":537,"column":null}},"line":513},"24":{"name":"noUpgradeRoom","decl":{"start":{"line":539,"column":16},"end":{"line":539,"column":null}},"loc":{"start":{"line":543,"column":16},"end":{"line":573,"column":null}},"line":543},"25":{"name":"(anonymous_25)","decl":{"start":{"line":548,"column":36},"end":{"line":548,"column":37}},"loc":{"start":{"line":548,"column":43},"end":{"line":548,"column":71}},"line":548}},"branchMap":{"0":{"loc":{"start":{"line":34,"column":2},"end":{"line":34,"column":null}},"type":"if","locations":[{"start":{"line":34,"column":2},"end":{"line":34,"column":null}},{"start":{},"end":{}}],"line":34},"1":{"loc":{"start":{"line":35,"column":2},"end":{"line":35,"column":null}},"type":"if","locations":[{"start":{"line":35,"column":2},"end":{"line":35,"column":null}},{"start":{},"end":{}}],"line":35},"2":{"loc":{"start":{"line":36,"column":2},"end":{"line":36,"column":null}},"type":"if","locations":[{"start":{"line":36,"column":2},"end":{"line":36,"column":null}},{"start":{},"end":{}}],"line":36},"3":{"loc":{"start":{"line":37,"column":2},"end":{"line":37,"column":null}},"type":"if","locations":[{"start":{"line":37,"column":2},"end":{"line":37,"column":null}},{"start":{},"end":{}}],"line":37},"4":{"loc":{"start":{"line":44,"column":4},"end":{"line":44,"column":null}},"type":"if","locations":[{"start":{"line":44,"column":4},"end":{"line":44,"column":null}},{"start":{},"end":{}}],"line":44},"5":{"loc":{"start":{"line":44,"column":8},"end":{"line":44,"column":42}},"type":"binary-expr","locations":[{"start":{"line":44,"column":8},"end":{"line":44,"column":26}},{"start":{"line":44,"column":26},"end":{"line":44,"column":42}}],"line":44},"6":{"loc":{"start":{"line":45,"column":4},"end":{"line":45,"column":null}},"type":"if","locations":[{"start":{"line":45,"column":4},"end":{"line":45,"column":null}},{"start":{},"end":{}}],"line":45},"7":{"loc":{"start":{"line":46,"column":4},"end":{"line":46,"column":null}},"type":"if","locations":[{"start":{"line":46,"column":4},"end":{"line":46,"column":null}},{"start":{},"end":{}}],"line":46},"8":{"loc":{"start":{"line":68,"column":2},"end":{"line":86,"column":null}},"type":"if","locations":[{"start":{"line":68,"column":2},"end":{"line":86,"column":null}},{"start":{},"end":{}}],"line":68},"9":{"loc":{"start":{"line":91,"column":2},"end":{"line":109,"column":null}},"type":"if","locations":[{"start":{"line":91,"column":2},"end":{"line":109,"column":null}},{"start":{},"end":{}}],"line":91},"10":{"loc":{"start":{"line":120,"column":2},"end":{"line":137,"column":null}},"type":"if","locations":[{"start":{"line":120,"column":2},"end":{"line":137,"column":null}},{"start":{},"end":{}}],"line":120},"11":{"loc":{"start":{"line":132,"column":27},"end":{"line":132,"column":null}},"type":"binary-expr","locations":[{"start":{"line":132,"column":27},"end":{"line":132,"column":52}},{"start":{"line":132,"column":52},"end":{"line":132,"column":null}}],"line":132},"12":{"loc":{"start":{"line":144,"column":2},"end":{"line":144,"column":null}},"type":"if","locations":[{"start":{"line":144,"column":2},"end":{"line":144,"column":null}},{"start":{},"end":{}}],"line":144},"13":{"loc":{"start":{"line":146,"column":2},"end":{"line":165,"column":null}},"type":"if","locations":[{"start":{"line":146,"column":2},"end":{"line":165,"column":null}},{"start":{},"end":{}}],"line":146},"14":{"loc":{"start":{"line":172,"column":2},"end":{"line":194,"column":null}},"type":"if","locations":[{"start":{"line":172,"column":2},"end":{"line":194,"column":null}},{"start":{},"end":{}}],"line":172},"15":{"loc":{"start":{"line":201,"column":2},"end":{"line":225,"column":null}},"type":"if","locations":[{"start":{"line":201,"column":2},"end":{"line":225,"column":null}},{"start":{},"end":{}}],"line":201},"16":{"loc":{"start":{"line":201,"column":6},"end":{"line":201,"column":72}},"type":"binary-expr","locations":[{"start":{"line":201,"column":6},"end":{"line":201,"column":37}},{"start":{"line":201,"column":37},"end":{"line":201,"column":55}},{"start":{"line":201,"column":55},"end":{"line":201,"column":72}}],"line":201},"17":{"loc":{"start":{"line":202,"column":4},"end":{"line":224,"column":null}},"type":"if","locations":[{"start":{"line":202,"column":4},"end":{"line":224,"column":null}},{"start":{},"end":{}}],"line":202},"18":{"loc":{"start":{"line":235,"column":4},"end":{"line":237,"column":null}},"type":"binary-expr","locations":[{"start":{"line":235,"column":4},"end":{"line":235,"column":null}},{"start":{"line":236,"column":4},"end":{"line":236,"column":null}},{"start":{"line":237,"column":5},"end":{"line":237,"column":null}}],"line":235},"19":{"loc":{"start":{"line":237,"column":5},"end":{"line":237,"column":null}},"type":"cond-expr","locations":[{"start":{"line":237,"column":39},"end":{"line":237,"column":45}},{"start":{"line":237,"column":45},"end":{"line":237,"column":null}}],"line":237},"20":{"loc":{"start":{"line":239,"column":2},"end":{"line":257,"column":null}},"type":"if","locations":[{"start":{"line":239,"column":2},"end":{"line":257,"column":null}},{"start":{},"end":{}}],"line":239},"21":{"loc":{"start":{"line":239,"column":6},"end":{"line":239,"column":50}},"type":"binary-expr","locations":[{"start":{"line":239,"column":6},"end":{"line":239,"column":27}},{"start":{"line":239,"column":27},"end":{"line":239,"column":50}}],"line":239},"22":{"loc":{"start":{"line":267,"column":20},"end":{"line":267,"column":null}},"type":"binary-expr","locations":[{"start":{"line":267,"column":20},"end":{"line":267,"column":46}},{"start":{"line":267,"column":46},"end":{"line":267,"column":null}}],"line":267},"23":{"loc":{"start":{"line":268,"column":2},"end":{"line":287,"column":null}},"type":"if","locations":[{"start":{"line":268,"column":2},"end":{"line":287,"column":null}},{"start":{},"end":{}}],"line":268},"24":{"loc":{"start":{"line":269,"column":23},"end":{"line":269,"column":null}},"type":"binary-expr","locations":[{"start":{"line":269,"column":23},"end":{"line":269,"column":65}},{"start":{"line":269,"column":65},"end":{"line":269,"column":null}}],"line":269},"25":{"loc":{"start":{"line":295,"column":2},"end":{"line":314,"column":null}},"type":"if","locations":[{"start":{"line":295,"column":2},"end":{"line":314,"column":null}},{"start":{},"end":{}}],"line":295},"26":{"loc":{"start":{"line":323,"column":2},"end":{"line":323,"column":null}},"type":"if","locations":[{"start":{"line":323,"column":2},"end":{"line":323,"column":null}},{"start":{},"end":{}}],"line":323},"27":{"loc":{"start":{"line":324,"column":18},"end":{"line":324,"column":null}},"type":"binary-expr","locations":[{"start":{"line":324,"column":18},"end":{"line":324,"column":48}},{"start":{"line":324,"column":48},"end":{"line":324,"column":null}}],"line":324},"28":{"loc":{"start":{"line":325,"column":2},"end":{"line":343,"column":null}},"type":"if","locations":[{"start":{"line":325,"column":2},"end":{"line":343,"column":null}},{"start":{},"end":{}}],"line":325},"29":{"loc":{"start":{"line":325,"column":6},"end":{"line":325,"column":52}},"type":"binary-expr","locations":[{"start":{"line":325,"column":6},"end":{"line":325,"column":23}},{"start":{"line":325,"column":23},"end":{"line":325,"column":52}}],"line":325},"30":{"loc":{"start":{"line":338,"column":26},"end":{"line":338,"column":null}},"type":"cond-expr","locations":[{"start":{"line":338,"column":47},"end":{"line":338,"column":74}},{"start":{"line":338,"column":74},"end":{"line":338,"column":null}}],"line":338},"31":{"loc":{"start":{"line":354,"column":2},"end":{"line":373,"column":null}},"type":"if","locations":[{"start":{"line":354,"column":2},"end":{"line":373,"column":null}},{"start":{},"end":{}}],"line":354},"32":{"loc":{"start":{"line":354,"column":6},"end":{"line":354,"column":44}},"type":"binary-expr","locations":[{"start":{"line":354,"column":6},"end":{"line":354,"column":27}},{"start":{"line":354,"column":27},"end":{"line":354,"column":44}}],"line":354},"33":{"loc":{"start":{"line":384,"column":18},"end":{"line":384,"column":null}},"type":"binary-expr","locations":[{"start":{"line":384,"column":18},"end":{"line":384,"column":47}},{"start":{"line":384,"column":47},"end":{"line":384,"column":null}}],"line":384},"34":{"loc":{"start":{"line":389,"column":2},"end":{"line":406,"column":null}},"type":"if","locations":[{"start":{"line":389,"column":2},"end":{"line":406,"column":null}},{"start":{},"end":{}}],"line":389},"35":{"loc":{"start":{"line":389,"column":6},"end":{"line":389,"column":62}},"type":"binary-expr","locations":[{"start":{"line":389,"column":6},"end":{"line":389,"column":23}},{"start":{"line":389,"column":23},"end":{"line":389,"column":62}}],"line":389},"36":{"loc":{"start":{"line":401,"column":28},"end":{"line":401,"column":null}},"type":"cond-expr","locations":[{"start":{"line":401,"column":67},"end":{"line":401,"column":75}},{"start":{"line":401,"column":75},"end":{"line":401,"column":null}}],"line":401},"37":{"loc":{"start":{"line":412,"column":2},"end":{"line":428,"column":null}},"type":"if","locations":[{"start":{"line":412,"column":2},"end":{"line":428,"column":null}},{"start":{},"end":{}}],"line":412},"38":{"loc":{"start":{"line":435,"column":2},"end":{"line":452,"column":null}},"type":"if","locations":[{"start":{"line":435,"column":2},"end":{"line":452,"column":null}},{"start":{},"end":{}}],"line":435},"39":{"loc":{"start":{"line":458,"column":2},"end":{"line":459,"column":null}},"type":"if","locations":[{"start":{"line":458,"column":2},"end":{"line":459,"column":null}},{"start":{},"end":{}}],"line":458},"40":{"loc":{"start":{"line":458,"column":6},"end":{"line":458,"column":null}},"type":"binary-expr","locations":[{"start":{"line":458,"column":6},"end":{"line":458,"column":37}},{"start":{"line":458,"column":37},"end":{"line":458,"column":null}}],"line":458},"41":{"loc":{"start":{"line":461,"column":2},"end":{"line":462,"column":null}},"type":"if","locations":[{"start":{"line":461,"column":2},"end":{"line":462,"column":null}},{"start":{},"end":{}}],"line":461},"42":{"loc":{"start":{"line":461,"column":6},"end":{"line":461,"column":null}},"type":"binary-expr","locations":[{"start":{"line":461,"column":6},"end":{"line":461,"column":27}},{"start":{"line":461,"column":27},"end":{"line":461,"column":56}},{"start":{"line":461,"column":56},"end":{"line":461,"column":null}}],"line":461},"43":{"loc":{"start":{"line":464,"column":2},"end":{"line":464,"column":null}},"type":"if","locations":[{"start":{"line":464,"column":2},"end":{"line":464,"column":null}},{"start":{},"end":{}}],"line":464},"44":{"loc":{"start":{"line":487,"column":2},"end":{"line":487,"column":null}},"type":"if","locations":[{"start":{"line":487,"column":2},"end":{"line":487,"column":null}},{"start":{},"end":{}}],"line":487},"45":{"loc":{"start":{"line":490,"column":2},"end":{"line":490,"column":null}},"type":"if","locations":[{"start":{"line":490,"column":2},"end":{"line":490,"column":null}},{"start":{},"end":{}}],"line":490},"46":{"loc":{"start":{"line":490,"column":6},"end":{"line":490,"column":50}},"type":"binary-expr","locations":[{"start":{"line":490,"column":6},"end":{"line":490,"column":25}},{"start":{"line":490,"column":25},"end":{"line":490,"column":50}}],"line":490},"47":{"loc":{"start":{"line":491,"column":2},"end":{"line":491,"column":null}},"type":"if","locations":[{"start":{"line":491,"column":2},"end":{"line":491,"column":null}},{"start":{},"end":{}}],"line":491},"48":{"loc":{"start":{"line":514,"column":2},"end":{"line":535,"column":null}},"type":"if","locations":[{"start":{"line":514,"column":2},"end":{"line":535,"column":null}},{"start":{},"end":{}}],"line":514},"49":{"loc":{"start":{"line":514,"column":6},"end":{"line":514,"column":68}},"type":"binary-expr","locations":[{"start":{"line":514,"column":6},"end":{"line":514,"column":37}},{"start":{"line":514,"column":37},"end":{"line":514,"column":68}}],"line":514},"50":{"loc":{"start":{"line":517,"column":4},"end":{"line":534,"column":null}},"type":"if","locations":[{"start":{"line":517,"column":4},"end":{"line":534,"column":null}},{"start":{},"end":{}}],"line":517},"51":{"loc":{"start":{"line":528,"column":37},"end":{"line":528,"column":null}},"type":"cond-expr","locations":[{"start":{"line":528,"column":58},"end":{"line":528,"column":78}},{"start":{"line":528,"column":78},"end":{"line":528,"column":null}}],"line":528},"52":{"loc":{"start":{"line":546,"column":18},"end":{"line":546,"column":null}},"type":"binary-expr","locations":[{"start":{"line":546,"column":18},"end":{"line":546,"column":48}},{"start":{"line":546,"column":48},"end":{"line":546,"column":null}}],"line":546},"53":{"loc":{"start":{"line":547,"column":20},"end":{"line":547,"column":null}},"type":"binary-expr","locations":[{"start":{"line":547,"column":20},"end":{"line":547,"column":27}},{"start":{"line":547,"column":27},"end":{"line":547,"column":null}}],"line":547},"54":{"loc":{"start":{"line":548,"column":20},"end":{"line":548,"column":null}},"type":"binary-expr","locations":[{"start":{"line":548,"column":20},"end":{"line":548,"column":83}},{"start":{"line":548,"column":83},"end":{"line":548,"column":null}}],"line":548},"55":{"loc":{"start":{"line":549,"column":19},"end":{"line":549,"column":null}},"type":"binary-expr","locations":[{"start":{"line":549,"column":19},"end":{"line":549,"column":34}},{"start":{"line":549,"column":34},"end":{"line":549,"column":null}}],"line":549},"56":{"loc":{"start":{"line":550,"column":2},"end":{"line":550,"column":null}},"type":"if","locations":[{"start":{"line":550,"column":2},"end":{"line":550,"column":null}},{"start":{},"end":{}}],"line":550},"57":{"loc":{"start":{"line":551,"column":2},"end":{"line":551,"column":null}},"type":"if","locations":[{"start":{"line":551,"column":2},"end":{"line":551,"column":null}},{"start":{},"end":{}}],"line":551},"58":{"loc":{"start":{"line":552,"column":2},"end":{"line":571,"column":null}},"type":"if","locations":[{"start":{"line":552,"column":2},"end":{"line":571,"column":null}},{"start":{},"end":{}}],"line":552},"59":{"loc":{"start":{"line":555,"column":24},"end":{"line":555,"column":null}},"type":"binary-expr","locations":[{"start":{"line":555,"column":24},"end":{"line":555,"column":46}},{"start":{"line":555,"column":46},"end":{"line":555,"column":null}}],"line":555}},"s":{"0":42,"1":1,"2":5,"3":0,"4":5,"5":3,"6":2,"7":0,"8":2,"9":0,"10":2,"11":7,"12":9,"13":3,"14":6,"15":6,"16":0,"17":0,"18":0,"19":5,"20":2,"21":2,"22":2,"23":3,"24":5,"25":2,"26":2,"27":2,"28":3,"29":4,"30":4,"31":4,"32":4,"33":2,"34":2,"35":7,"36":7,"37":5,"38":2,"39":2,"40":1,"41":1,"42":7,"43":7,"44":7,"45":5,"46":5,"47":2,"48":6,"49":6,"50":6,"51":3,"52":1,"53":1,"54":5,"55":5,"56":5,"57":5,"58":2,"59":2,"60":3,"61":7,"62":7,"63":7,"64":3,"65":3,"66":4,"67":8,"68":8,"69":8,"70":8,"71":2,"72":6,"73":5,"74":10,"75":5,"76":0,"77":5,"78":5,"79":2,"80":2,"81":4,"82":3,"83":8,"84":8,"85":8,"86":8,"87":8,"88":3,"89":5,"90":1,"91":5,"92":5,"93":5,"94":27,"95":5,"96":1,"97":4,"98":7,"99":7,"100":5,"101":2,"102":4,"103":4,"104":4,"105":3,"106":1,"107":6,"108":3,"109":3,"110":3,"111":2,"112":1,"113":1,"114":0,"115":1,"116":1,"117":6,"118":3,"119":3,"120":3,"121":3,"122":2,"123":1,"124":0,"125":1,"126":1,"127":6,"128":3,"129":3,"130":3,"131":3,"132":3,"133":10,"134":10,"135":10,"136":10,"137":10,"138":10,"139":10,"140":10,"141":1,"142":10,"143":3,"144":10,"145":3,"146":3,"147":7},"f":{"0":42,"1":5,"2":7,"3":9,"4":5,"5":5,"6":4,"7":7,"8":7,"9":6,"10":5,"11":7,"12":8,"13":5,"14":10,"15":4,"16":8,"17":5,"18":27,"19":7,"20":4,"21":6,"22":6,"23":6,"24":10,"25":10},"b":{"0":[0,5],"1":[3,2],"2":[0,2],"3":[0,2],"4":[3,6],"5":[9,6],"6":[6,0],"7":[0,0],"8":[2,3],"9":[2,3],"10":[2,2],"11":[2,0],"12":[5,2],"13":[1,1],"14":[5,2],"15":[3,3],"16":[6,3,3],"17":[1,2],"18":[5,4,4],"19":[4,0],"20":[2,3],"21":[5,5],"22":[7,5],"23":[3,4],"24":[3,0],"25":[2,6],"26":[0,5],"27":[5,0],"28":[2,3],"29":[5,4],"30":[2,0],"31":[3,5],"32":[8,8],"33":[5,0],"34":[1,4],"35":[5,3],"36":[0,1],"37":[5,2],"38":[3,1],"39":[3,3],"40":[6,3],"41":[2,1],"42":[3,1,1],"43":[0,1],"44":[3,3],"45":[2,1],"46":[3,1],"47":[0,1],"48":[3,3],"49":[6,3],"50":[3,0],"51":[3,0],"52":[10,0],"53":[10,5],"54":[10,0],"55":[10,9],"56":[1,9],"57":[3,7],"58":[3,7],"59":[3,1]},"meta":{"lastBranch":60,"lastFunction":26,"lastStatement":148,"seen":{"f:12:9:12:Infinity":0,"s:21:2:21:Infinity":0,"s:25:64:30:Infinity":1,"f:33:9:33:28":1,"b:34:2:34:Infinity:undefined:undefined:undefined:undefined":0,"s:34:2:34:Infinity":2,"s:34:23:34:Infinity":3,"b:35:2:35:Infinity:undefined:undefined:undefined:undefined":1,"s:35:2:35:Infinity":4,"s:35:22:35:Infinity":5,"b:36:2:36:Infinity:undefined:undefined:undefined:undefined":2,"s:36:2:36:Infinity":6,"s:36:22:36:Infinity":7,"b:37:2:37:Infinity:undefined:undefined:undefined:undefined":3,"s:37:2:37:Infinity":8,"s:37:22:37:Infinity":9,"s:38:2:38:Infinity":10,"f:42:9:42:28":2,"s:43:2:48:Infinity":11,"f:43:27:43:28":3,"b:44:4:44:Infinity:undefined:undefined:undefined:undefined":4,"s:44:4:44:Infinity":12,"b:44:8:44:26:44:26:44:42":5,"s:44:42:44:Infinity":13,"b:45:4:45:Infinity:undefined:undefined:undefined:undefined":6,"s:45:4:45:Infinity":14,"s:45:23:45:Infinity":15,"b:46:4:46:Infinity:undefined:undefined:undefined:undefined":7,"s:46:4:46:Infinity":16,"s:46:23:46:Infinity":17,"s:47:4:47:Infinity":18,"f:64:16:64:Infinity":4,"b:68:2:86:Infinity:undefined:undefined:undefined:undefined":8,"s:68:2:86:Infinity":19,"s:69:22:69:Infinity":20,"s:70:21:70:Infinity":21,"s:71:4:85:Infinity":22,"s:87:2:87:Infinity":23,"f:90:16:90:32":5,"b:91:2:109:Infinity:undefined:undefined:undefined:undefined":9,"s:91:2:109:Infinity":24,"s:92:20:92:Infinity":25,"s:93:19:93:Infinity":26,"s:94:4:108:Infinity":27,"s:110:2:110:Infinity":28,"f:113:16:113:Infinity":6,"s:117:20:117:Infinity":29,"s:118:15:118:Infinity":30,"s:119:17:119:Infinity":31,"b:120:2:137:Infinity:undefined:undefined:undefined:undefined":10,"s:120:2:137:Infinity":32,"s:121:4:136:Infinity":33,"b:132:27:132:52:132:52:132:Infinity":11,"s:138:2:138:Infinity":34,"f:142:16:142:28":7,"s:143:23:143:Infinity":35,"b:144:2:144:Infinity:undefined:undefined:undefined:undefined":12,"s:144:2:144:Infinity":36,"s:144:28:144:Infinity":37,"s:145:19:145:Infinity":38,"b:146:2:165:Infinity:undefined:undefined:undefined:undefined":13,"s:146:2:165:Infinity":39,"s:147:4:164:Infinity":40,"s:166:2:166:Infinity":41,"f:169:16:169:27":8,"s:170:20:170:Infinity":42,"s:171:24:171:Infinity":43,"b:172:2:194:Infinity:undefined:undefined:undefined:undefined":14,"s:172:2:194:Infinity":44,"s:173:17:173:Infinity":45,"s:174:4:193:Infinity":46,"s:195:2:195:Infinity":47,"f:198:16:198:30":9,"s:199:17:199:Infinity":48,"s:200:18:200:Infinity":49,"b:201:2:225:Infinity:undefined:undefined:undefined:undefined":15,"s:201:2:225:Infinity":50,"b:201:6:201:37:201:37:201:55:201:55:201:72":16,"b:202:4:224:Infinity:undefined:undefined:undefined:undefined":17,"s:202:4:224:Infinity":51,"s:203:19:203:Infinity":52,"s:204:6:223:Infinity":53,"s:226:2:226:Infinity":54,"f:229:16:229:Infinity":10,"s:235:4:237:Infinity":55,"b:235:4:235:Infinity:236:4:236:Infinity:237:5:237:Infinity":18,"b:237:39:237:45:237:45:237:Infinity":19,"s:238:20:238:Infinity":56,"b:239:2:257:Infinity:undefined:undefined:undefined:undefined":20,"s:239:2:257:Infinity":57,"b:239:6:239:27:239:27:239:50":21,"s:240:17:240:Infinity":58,"s:241:4:256:Infinity":59,"s:258:2:258:Infinity":60,"f:261:16:261:Infinity":11,"s:266:17:266:Infinity":61,"s:267:20:267:Infinity":62,"b:267:20:267:46:267:46:267:Infinity":22,"b:268:2:287:Infinity:undefined:undefined:undefined:undefined":23,"s:268:2:287:Infinity":63,"s:269:23:269:Infinity":64,"b:269:23:269:65:269:65:269:Infinity":24,"s:270:4:286:Infinity":65,"s:288:2:288:Infinity":66,"f:291:16:291:34":12,"s:292:15:292:Infinity":67,"s:293:15:293:Infinity":68,"s:294:22:294:Infinity":69,"b:295:2:314:Infinity:undefined:undefined:undefined:undefined":25,"s:295:2:314:Infinity":70,"s:296:4:313:Infinity":71,"s:315:2:315:Infinity":72,"f:318:16:318:Infinity":13,"s:322:21:322:Infinity":73,"f:322:36:322:37":14,"s:322:43:322:71":74,"b:323:2:323:Infinity:undefined:undefined:undefined:undefined":26,"s:323:2:323:Infinity":75,"s:323:31:323:Infinity":76,"s:324:18:324:Infinity":77,"b:324:18:324:48:324:48:324:Infinity":27,"b:325:2:343:Infinity:undefined:undefined:undefined:undefined":28,"s:325:2:343:Infinity":78,"b:325:6:325:23:325:23:325:52":29,"s:326:17:326:Infinity":79,"s:327:4:342:Infinity":80,"f:332:41:332:42":15,"s:332:48:332:52":81,"b:338:47:338:74:338:74:338:Infinity":30,"s:344:2:344:Infinity":82,"f:349:16:349:31":16,"s:350:15:350:Infinity":83,"s:351:15:351:Infinity":84,"s:352:19:352:Infinity":85,"s:353:8:353:Infinity":86,"b:354:2:373:Infinity:undefined:undefined:undefined:undefined":31,"s:354:2:373:Infinity":87,"b:354:6:354:27:354:27:354:44":32,"s:355:4:372:Infinity":88,"s:374:2:374:Infinity":89,"s:378:33:378:Infinity":90,"f:380:16:380:Infinity":17,"s:384:18:384:Infinity":91,"b:384:18:384:47:384:47:384:Infinity":33,"s:385:22:385:Infinity":92,"s:386:24:388:Infinity":93,"f:387:4:387:5":18,"s:387:11:387:Infinity":94,"b:389:2:406:Infinity:undefined:undefined:undefined:undefined":34,"s:389:2:406:Infinity":95,"b:389:6:389:23:389:23:389:62":35,"s:390:4:405:Infinity":96,"b:401:67:401:75:401:75:401:Infinity":36,"s:407:2:407:Infinity":97,"f:410:16:410:33":19,"s:411:16:411:Infinity":98,"b:412:2:428:Infinity:undefined:undefined:undefined:undefined":37,"s:412:2:428:Infinity":99,"s:413:4:427:Infinity":100,"s:429:2:429:Infinity":101,"f:432:16:432:29":20,"s:433:19:433:Infinity":102,"s:434:19:434:Infinity":103,"b:435:2:452:Infinity:undefined:undefined:undefined:undefined":38,"s:435:2:452:Infinity":104,"s:436:4:451:Infinity":105,"s:453:2:453:Infinity":106,"f:457:16:457:37":21,"b:458:2:459:Infinity:undefined:undefined:undefined:undefined":39,"s:458:2:459:Infinity":107,"b:458:6:458:37:458:37:458:Infinity":40,"s:459:4:459:Infinity":108,"s:460:20:460:Infinity":109,"b:461:2:462:Infinity:undefined:undefined:undefined:undefined":41,"s:461:2:462:Infinity":110,"b:461:6:461:27:461:27:461:56:461:56:461:Infinity":42,"s:462:4:462:Infinity":111,"s:463:14:463:Infinity":112,"b:464:2:464:Infinity:undefined:undefined:undefined:undefined":43,"s:464:2:464:Infinity":113,"s:464:31:464:Infinity":114,"s:465:23:465:Infinity":115,"s:466:2:482:Infinity":116,"f:486:16:486:33":22,"b:487:2:487:Infinity:undefined:undefined:undefined:undefined":44,"s:487:2:487:Infinity":117,"s:487:35:487:Infinity":118,"s:488:18:488:Infinity":119,"s:489:26:489:Infinity":120,"b:490:2:490:Infinity:undefined:undefined:undefined:undefined":45,"s:490:2:490:Infinity":121,"b:490:6:490:25:490:25:490:50":46,"s:490:50:490:Infinity":122,"b:491:2:491:Infinity:undefined:undefined:undefined:undefined":47,"s:491:2:491:Infinity":123,"s:491:34:491:Infinity":124,"s:492:15:492:Infinity":125,"s:493:2:510:Infinity":126,"f:513:16:513:33":23,"b:514:2:535:Infinity:undefined:undefined:undefined:undefined":48,"s:514:2:535:Infinity":127,"b:514:6:514:37:514:37:514:68":49,"s:515:16:515:Infinity":128,"s:516:23:516:Infinity":129,"b:517:4:534:Infinity:undefined:undefined:undefined:undefined":50,"s:517:4:534:Infinity":130,"s:518:6:533:Infinity":131,"b:528:58:528:78:528:78:528:Infinity":51,"s:536:2:536:Infinity":132,"f:539:16:539:Infinity":24,"s:544:27:544:Infinity":133,"s:545:19:545:Infinity":134,"s:546:18:546:Infinity":135,"b:546:18:546:48:546:48:546:Infinity":52,"s:547:20:547:Infinity":136,"b:547:20:547:27:547:27:547:Infinity":53,"s:548:20:548:Infinity":137,"b:548:20:548:83:548:83:548:Infinity":54,"f:548:36:548:37":25,"s:548:43:548:71":138,"s:549:19:549:Infinity":139,"b:549:19:549:34:549:34:549:Infinity":55,"b:550:2:550:Infinity:undefined:undefined:undefined:undefined":56,"s:550:2:550:Infinity":140,"s:550:17:550:Infinity":141,"b:551:2:551:Infinity:undefined:undefined:undefined:undefined":57,"s:551:2:551:Infinity":142,"s:551:16:551:Infinity":143,"b:552:2:571:Infinity:undefined:undefined:undefined:undefined":58,"s:552:2:571:Infinity":144,"s:553:52:558:Infinity":145,"b:555:24:555:46:555:46:555:Infinity":59,"s:559:4:570:Infinity":146,"s:572:2:572:Infinity":147}}}
,"/Users/alain/Desktop/PCBuilder/lib/scoring/compatibility-score.ts": {"path":"/Users/alain/Desktop/PCBuilder/lib/scoring/compatibility-score.ts","statementMap":{"0":{"start":{"line":8,"column":48},"end":{"line":12,"column":null}},"1":{"start":{"line":20,"column":42},"end":{"line":20,"column":null}},"2":{"start":{"line":21,"column":14},"end":{"line":21,"column":null}},"3":{"start":{"line":24,"column":2},"end":{"line":40,"column":null}},"4":{"start":{"line":25,"column":4},"end":{"line":25,"column":null}},"5":{"start":{"line":26,"column":4},"end":{"line":32,"column":null}},"6":{"start":{"line":27,"column":6},"end":{"line":31,"column":null}},"7":{"start":{"line":33,"column":4},"end":{"line":39,"column":null}},"8":{"start":{"line":43,"column":2},"end":{"line":51,"column":null}},"9":{"start":{"line":44,"column":20},"end":{"line":44,"column":null}},"10":{"start":{"line":45,"column":4},"end":{"line":45,"column":null}},"11":{"start":{"line":46,"column":4},"end":{"line":50,"column":null}},"12":{"start":{"line":54,"column":2},"end":{"line":62,"column":null}},"13":{"start":{"line":55,"column":20},"end":{"line":55,"column":null}},"14":{"start":{"line":56,"column":4},"end":{"line":56,"column":null}},"15":{"start":{"line":57,"column":4},"end":{"line":61,"column":null}},"16":{"start":{"line":64,"column":16},"end":{"line":64,"column":null}},"17":{"start":{"line":67,"column":2},"end":{"line":75,"column":null}},"18":{"start":{"line":68,"column":16},"end":{"line":71,"column":null}},"19":{"start":{"line":70,"column":18},"end":{"line":70,"column":25}},"20":{"start":{"line":72,"column":4},"end":{"line":72,"column":null}},"21":{"start":{"line":74,"column":4},"end":{"line":74,"column":null}},"22":{"start":{"line":77,"column":2},"end":{"line":83,"column":null}}},"fnMap":{"0":{"name":"calculateCompatibilityScore","decl":{"start":{"line":17,"column":16},"end":{"line":17,"column":null}},"loc":{"start":{"line":19,"column":9},"end":{"line":84,"column":null}},"line":19},"1":{"name":"(anonymous_1)","decl":{"start":{"line":70,"column":11},"end":{"line":70,"column":12}},"loc":{"start":{"line":70,"column":18},"end":{"line":70,"column":25}},"line":70}},"branchMap":{"0":{"loc":{"start":{"line":24,"column":2},"end":{"line":40,"column":null}},"type":"if","locations":[{"start":{"line":24,"column":2},"end":{"line":40,"column":null}},{"start":{},"end":{}}],"line":24},"1":{"loc":{"start":{"line":44,"column":20},"end":{"line":44,"column":null}},"type":"binary-expr","locations":[{"start":{"line":44,"column":20},"end":{"line":44,"column":55}},{"start":{"line":44,"column":55},"end":{"line":44,"column":null}}],"line":44},"2":{"loc":{"start":{"line":67,"column":2},"end":{"line":75,"column":null}},"type":"if","locations":[{"start":{"line":67,"column":2},"end":{"line":75,"column":null}},{"start":{"line":73,"column":9},"end":{"line":75,"column":null}}],"line":67},"3":{"loc":{"start":{"line":67,"column":6},"end":{"line":67,"column":73}},"type":"binary-expr","locations":[{"start":{"line":67,"column":6},"end":{"line":67,"column":42}},{"start":{"line":67,"column":42},"end":{"line":67,"column":73}}],"line":67}},"s":{"0":1,"1":9,"2":9,"3":9,"4":2,"5":2,"6":2,"7":2,"8":7,"9":1,"10":1,"11":1,"12":7,"13":0,"14":0,"15":0,"16":7,"17":7,"18":1,"19":1,"20":1,"21":6,"22":7},"f":{"0":9,"1":1},"b":{"0":[2,7],"1":[1,0],"2":[1,6],"3":[7,6]},"meta":{"lastBranch":4,"lastFunction":2,"lastStatement":23,"seen":{"s:8:48:12:Infinity":0,"f:17:16:17:Infinity":0,"s:20:42:20:Infinity":1,"s:21:14:21:Infinity":2,"b:24:2:40:Infinity:undefined:undefined:undefined:undefined":0,"s:24:2:40:Infinity":3,"s:25:4:25:Infinity":4,"s:26:4:32:Infinity":5,"s:27:6:31:Infinity":6,"s:33:4:39:Infinity":7,"s:43:2:51:Infinity":8,"s:44:20:44:Infinity":9,"b:44:20:44:55:44:55:44:Infinity":1,"s:45:4:45:Infinity":10,"s:46:4:50:Infinity":11,"s:54:2:62:Infinity":12,"s:55:20:55:Infinity":13,"s:56:4:56:Infinity":14,"s:57:4:61:Infinity":15,"s:64:16:64:Infinity":16,"b:67:2:75:Infinity:73:9:75:Infinity":2,"s:67:2:75:Infinity":17,"b:67:6:67:42:67:42:67:73":3,"s:68:16:71:Infinity":18,"f:70:11:70:12":1,"s:70:18:70:25":19,"s:72:4:72:Infinity":20,"s:74:4:74:Infinity":21,"s:77:2:83:Infinity":22}}}
[...]
column":2},"end":{"line":57,"column":null}},"14":{"start":{"line":61,"column":14},"end":{"line":61,"column":null}},"15":{"start":{"line":63,"column":2},"end":{"line":63,"column":null}},"16":{"start":{"line":63,"column":17},"end":{"line":63,"column":null}},"17":{"start":{"line":64,"column":2},"end":{"line":64,"column":null}},"18":{"start":{"line":64,"column":17},"end":{"line":64,"column":null}},"19":{"start":{"line":65,"column":2},"end":{"line":65,"column":null}},"20":{"start":{"line":65,"column":17},"end":{"line":65,"column":null}},"21":{"start":{"line":66,"column":2},"end":{"line":68,"column":null}},"22":{"start":{"line":67,"column":4},"end":{"line":67,"column":null}},"23":{"start":{"line":67,"column":43},"end":{"line":67,"column":68}},"24":{"start":{"line":70,"column":2},"end":{"line":70,"column":null}},"25":{"start":{"line":75,"column":71},"end":{"line":75,"column":null}},"26":{"start":{"line":76,"column":37},"end":{"line":85,"column":null}},"27":{"start":{"line":86,"column":2},"end":{"line":95,"column":null}},"28":{"start":{"line":87,"column":18},"end":{"line":87,"column":null}},"29":{"start":{"line":88,"column":4},"end":{"line":94,"column":null}},"30":{"start":{"line":89,"column":6},"end":{"line":91,"column":null}},"31":{"start":{"line":90,"column":8},"end":{"line":90,"column":null}},"32":{"start":{"line":92,"column":4},"end":{"line":94,"column":null}},"33":{"start":{"line":93,"column":6},"end":{"line":93,"column":null}},"34":{"start":{"line":96,"column":2},"end":{"line":96,"column":null}},"35":{"start":{"line":101,"column":20},"end":{"line":101,"column":null}},"36":{"start":{"line":102,"column":24},"end":{"line":102,"column":null}},"37":{"start":{"line":127,"column":13},"end":{"line":245,"column":null}},"38":{"start":{"line":129,"column":19},"end":{"line":232,"column":null}},"39":{"start":{"line":132,"column":30},"end":{"line":132,"column":null}},"40":{"start":{"line":134,"column":29},"end":{"line":134,"column":null}},"41":{"start":{"line":137,"column":8},"end":{"line":152,"column":null}},"42":{"start":{"line":138,"column":23},"end":{"line":138,"column":null}},"43":{"start":{"line":139,"column":10},"end":{"line":150,"column":null}},"44":{"start":{"line":140,"column":24},"end":{"line":140,"column":null}},"45":{"start":{"line":141,"column":32},"end":{"line":141,"column":null}},"46":{"start":{"line":142,"column":12},"end":{"line":146,"column":null}},"47":{"start":{"line":143,"column":14},"end":{"line":143,"column":null}},"48":{"start":{"line":145,"column":14},"end":{"line":145,"column":null}},"49":{"start":{"line":147,"column":12},"end":{"line":147,"column":null}},"50":{"start":{"line":149,"column":12},"end":{"line":149,"column":null}},"51":{"start":{"line":151,"column":10},"end":{"line":151,"column":null}},"52":{"start":{"line":156,"column":8},"end":{"line":170,"column":null}},"53":{"start":{"line":157,"column":23},"end":{"line":157,"column":null}},"54":{"start":{"line":158,"column":10},"end":{"line":168,"column":null}},"55":{"start":{"line":159,"column":24},"end":{"line":159,"column":null}},"56":{"start":{"line":160,"column":12},"end":{"line":164,"column":null}},"57":{"start":{"line":161,"column":14},"end":{"line":161,"column":null}},"58":{"start":{"line":163,"column":14},"end":{"line":163,"column":null}},"59":{"start":{"line":165,"column":12},"end":{"line":165,"column":null}},"60":{"start":{"line":167,"column":12},"end":{"line":167,"column":null}},"61":{"start":{"line":169,"column":10},"end":{"line":169,"column":null}},"62":{"start":{"line":174,"column":8},"end":{"line":187,"column":null}},"63":{"start":{"line":175,"column":26},"end":{"line":175,"column":null}},"64":{"start":{"line":177,"column":12},"end":{"line":179,"column":null}},"65":{"start":{"line":180,"column":10},"end":{"line":186,"column":null}},"66":{"start":{"line":191,"column":8},"end":{"line":194,"column":null}},"67":{"start":{"line":197,"column":8},"end":{"line":197,"column":null}},"68":{"start":{"line":202,"column":22},"end":{"line":202,"column":null}},"69":{"start":{"line":203,"column":24},"end":{"line":209,"column":null}},"70":{"start":{"line":210,"column":8},"end":{"line":210,"column":null}},"71":{"start":{"line":214,"column":8},"end":{"line":230,"column":null}},"72":{"start":{"line":215,"column":25},"end":{"line":215,"column":null}},"73":{"start":{"line":221,"column":10},"end":{"line":227,"column":null}},"74":{"start":{"line":229,"column":10},"end":{"line":229,"column":null}},"75":{"start":{"line":237,"column":26},"end":{"line":242,"column":null}}},"fnMap":{"0":{"name":"getPartTdp","decl":{"start":{"line":42,"column":9},"end":{"line":42,"column":20}},"loc":{"start":{"line":42,"column":47},"end":{"line":49,"column":null}},"line":42},"1":{"name":"getStoragePower","decl":{"start":{"line":51,"column":9},"end":{"line":51,"column":35}},"loc":{"start":{"line":51,"column":35},"end":{"line":53,"column":null}},"line":51},"2":{"name":"getRamPower","decl":{"start":{"line":55,"column":9},"end":{"line":55,"column":21}},"loc":{"start":{"line":55,"column":39},"end":{"line":58,"column":null}},"line":55},"3":{"name":"calculateEstimatedLoad","decl":{"start":{"line":60,"column":9},"end":{"line":60,"column":32}},"loc":{"start":{"line":60,"column":62},"end":{"line":71,"column":null}},"line":60},"4":{"name":"(anonymous_4)","decl":{"start":{"line":67,"column":34},"end":{"line":67,"column":35}},"loc":{"start":{"line":67,"column":43},"end":{"line":67,"column":68}},"line":67},"5":{"name":"getAllSelectedPartsFromState","decl":{"start":{"line":74,"column":16},"end":{"line":74,"column":45}},"loc":{"start":{"line":74,"column":129},"end":{"line":97,"column":null}},"line":74},"6":{"name":"(anonymous_6)","decl":{"start":{"line":129,"column":4},"end":{"line":129,"column":5}},"loc":{"start":{"line":129,"column":19},"end":{"line":232,"column":null}},"line":129},"7":{"name":"(anonymous_7)","decl":{"start":{"line":132,"column":24},"end":{"line":132,"column":30}},"loc":{"start":{"line":132,"column":30},"end":{"line":132,"column":null}},"line":132},"8":{"name":"(anonymous_8)","decl":{"start":{"line":134,"column":17},"end":{"line":134,"column":18}},"loc":{"start":{"line":134,"column":29},"end":{"line":134,"column":null}},"line":134},"9":{"name":"(anonymous_9)","decl":{"start":{"line":136,"column":15},"end":{"line":136,"column":16}},"loc":{"start":{"line":136,"column":42},"end":{"line":153,"column":null}},"line":136},"10":{"name":"(anonymous_10)","decl":{"start":{"line":137,"column":12},"end":{"line":137,"column":13}},"loc":{"start":{"line":137,"column":23},"end":{"line":152,"column":9}},"line":137},"11":{"name":"(anonymous_11)","decl":{"start":{"line":155,"column":18},"end":{"line":155,"column":19}},"loc":{"start":{"line":155,"column":39},"end":{"line":171,"column":null}},"line":155},"12":{"name":"(anonymous_12)","decl":{"start":{"line":156,"column":12},"end":{"line":156,"column":13}},"loc":{"start":{"line":156,"column":23},"end":{"line":170,"column":9}},"line":156},"13":{"name":"(anonymous_13)","decl":{"start":{"line":173,"column":28},"end":{"line":173,"column":29}},"loc":{"start":{"line":173,"column":53},"end":{"line":188,"column":null}},"line":173},"14":{"name":"(anonymous_14)","decl":{"start":{"line":174,"column":12},"end":{"line":174,"column":13}},"loc":{"start":{"line":174,"column":23},"end":{"line":187,"column":9}},"line":174},"15":{"name":"(anonymous_15)","decl":{"start":{"line":190,"column":18},"end":{"line":190,"column":null}},"loc":{"start":{"line":191,"column":8},"end":{"line":194,"column":null}},"line":191},"16":{"name":"(anonymous_16)","decl":{"start":{"line":196,"column":17},"end":{"line":196,"column":18}},"loc":{"start":{"line":196,"column":30},"end":{"line":199,"column":null}},"line":196},"17":{"name":"(anonymous_17)","decl":{"start":{"line":201,"column":19},"end":{"line":201,"column":25}},"loc":{"start":{"line":201,"column":25},"end":{"line":211,"column":null}},"line":201},"18":{"name":"(anonymous_18)","decl":{"start":{"line":213,"column":19},"end":{"line":213,"column":20}},"loc":{"start":{"line":213,"column":29},"end":{"line":231,"column":null}},"line":213},"19":{"name":"(anonymous_19)","decl":{"start":{"line":237,"column":18},"end":{"line":237,"column":19}},"loc":{"start":{"line":237,"column":26},"end":{"line":242,"column":null}},"line":237}},"branchMap":{"0":{"loc":{"start":{"line":43,"column":2},"end":{"line":47,"column":null}},"type":"if","locations":[{"start":{"line":43,"column":2},"end":{"line":47,"column":null}},{"start":{},"end":{}}],"line":43},"1":{"loc":{"start":{"line":43,"column":6},"end":{"line":43,"column":71}},"type":"binary-expr","locations":[{"start":{"line":43,"column":6},"end":{"line":43,"column":25}},{"start":{"line":43,"column":25},"end":{"line":43,"column":39}},{"start":{"line":43,"column":39},"end":{"line":43,"column":71}}],"line":43},"2":{"loc":{"start":{"line":45,"column":4},"end":{"line":45,"column":null}},"type":"if","locations":[{"start":{"line":45,"column":4},"end":{"line":45,"column":null}},{"start":{},"end":{}}],"line":45},"3":{"loc":{"start":{"line":46,"column":4},"end":{"line":46,"column":null}},"type":"if","locations":[{"start":{"line":46,"column":4},"end":{"line":46,"column":null}},{"start":{},"end":{}}],"line":46},"4":{"loc":{"start":{"line":56,"column":13},"end":{"line":56,"column":null}},"type":"binary-expr","locations":[{"start":{"line":56,"column":13},"end":{"line":56,"column":39}},{"start":{"line":56,"column":39},"end":{"line":56,"column":null}}],"line":56},"5":{"loc":{"start":{"line":63,"column":2},"end":{"line":63,"column":null}},"type":"if","locations":[{"start":{"line":63,"column":2},"end":{"line":63,"column":null}},{"start":{},"end":{}}],"line":63},"6":{"loc":{"start":{"line":64,"column":2},"end":{"line":64,"column":null}},"type":"if","locations":[{"start":{"line":64,"column":2},"end":{"line":64,"column":null}},{"start":{},"end":{}}],"line":64},"7":{"loc":{"start":{"line":65,"column":2},"end":{"line":65,"column":null}},"type":"if","locations":[{"start":{"line":65,"column":2},"end":{"line":65,"column":null}},{"start":{},"end":{}}],"line":65},"8":{"loc":{"start":{"line":66,"column":2},"end":{"line":68,"column":null}},"type":"if","locations":[{"start":{"line":66,"column":2},"end":{"line":68,"column":null}},{"start":{},"end":{}}],"line":66},"9":{"loc":{"start":{"line":88,"column":4},"end":{"line":94,"column":null}},"type":"if","locations":[{"start":{"line":88,"column":4},"end":{"line":94,"column":null}},{"start":{"line":92,"column":4},"end":{"line":94,"column":null}}],"line":88},"10":{"loc":{"start":{"line":88,"column":8},"end":{"line":88,"column":51}},"type":"binary-expr","locations":[{"start":{"line":88,"column":8},"end":{"line":88,"column":29}},{"start":{"line":88,"column":29},"end":{"line":88,"column":51}}],"line":88},"11":{"loc":{"start":{"line":92,"column":4},"end":{"line":94,"column":null}},"type":"if","locations":[{"start":{"line":92,"column":4},"end":{"line":94,"column":null}},{"start":{},"end":{}}],"line":92},"12":{"loc":{"start":{"line":92,"column":15},"end":{"line":92,"column":76}},"type":"binary-expr","locations":[{"start":{"line":92,"column":15},"end":{"line":92,"column":24}},{"start":{"line":92,"column":24},"end":{"line":92,"column":53}},{"start":{"line":92,"column":53},"end":{"line":92,"column":76}}],"line":92},"13":{"loc":{"start":{"line":139,"column":10},"end":{"line":150,"column":null}},"type":"if","locations":[{"start":{"line":139,"column":10},"end":{"line":150,"column":null}},{"start":{"line":148,"column":17},"end":{"line":150,"column":null}}],"line":139},"14":{"loc":{"start":{"line":140,"column":29},"end":{"line":140,"column":48}},"type":"binary-expr","locations":[{"start":{"line":140,"column":29},"end":{"line":140,"column":45}},{"start":{"line":140,"column":45},"end":{"line":140,"column":48}}],"line":140},"15":{"loc":{"start":{"line":142,"column":12},"end":{"line":146,"column":null}},"type":"if","locations":[{"start":{"line":142,"column":12},"end":{"line":146,"column":null}},{"start":{"line":144,"column":19},"end":{"line":146,"column":null}}],"line":142},"16":{"loc":{"start":{"line":142,"column":16},"end":{"line":142,"column":80}},"type":"binary-expr","locations":[{"start":{"line":142,"column":16},"end":{"line":142,"column":45}},{"start":{"line":142,"column":45},"end":{"line":142,"column":59}},{"start":{"line":142,"column":59},"end":{"line":142,"column":80}}],"line":142},"17":{"loc":{"start":{"line":158,"column":10},"end":{"line":168,"column":null}},"type":"if","locations":[{"start":{"line":158,"column":10},"end":{"line":168,"column":null}},{"start":{"line":166,"column":17},"end":{"line":168,"column":null}}],"line":158},"18":{"loc":{"start":{"line":159,"column":29},"end":{"line":159,"column":48}},"type":"binary-expr","locations":[{"start":{"line":159,"column":29},"end":{"line":159,"column":45}},{"start":{"line":159,"column":45},"end":{"line":159,"column":48}}],"line":159},"19":{"loc":{"start":{"line":160,"column":12},"end":{"line":164,"column":null}},"type":"if","locations":[{"start":{"line":160,"column":12},"end":{"line":164,"column":null}},{"start":{"line":162,"column":19},"end":{"line":164,"column":null}}],"line":160},"20":{"loc":{"start":{"line":160,"column":16},"end":{"line":160,"column":79}},"type":"binary-expr","locations":[{"start":{"line":160,"column":16},"end":{"line":160,"column":45}},{"start":{"line":160,"column":45},"end":{"line":160,"column":59}},{"start":{"line":160,"column":59},"end":{"line":160,"column":79}}],"line":160},"21":{"loc":{"start":{"line":175,"column":26},"end":{"line":175,"column":null}},"type":"binary-expr","locations":[{"start":{"line":175,"column":26},"end":{"line":175,"column":61}},{"start":{"line":175,"column":61},"end":{"line":175,"column":null}}],"line":175},"22":{"loc":{"start":{"line":177,"column":12},"end":{"line":179,"column":null}},"type":"cond-expr","locations":[{"start":{"line":178,"column":16},"end":{"line":178,"column":null}},{"start":{"line":179,"column":16},"end":{"line":179,"column":null}}],"line":177},"23":{"loc":{"start":{"line":177,"column":12},"end":{"line":177,"column":null}},"type":"binary-expr","locations":[{"start":{"line":177,"column":12},"end":{"line":177,"column":43}},{"start":{"line":177,"column":43},"end":{"line":177,"column":null}}],"line":177},"24":{"loc":{"start":{"line":222,"column":21},"end":{"line":222,"column":null}},"type":"binary-expr","locations":[{"start":{"line":222,"column":21},"end":{"line":222,"column":39}},{"start":{"line":222,"column":39},"end":{"line":222,"column":null}}],"line":222},"25":{"loc":{"start":{"line":223,"column":20},"end":{"line":223,"column":null}},"type":"binary-expr","locations":[{"start":{"line":223,"column":20},"end":{"line":223,"column":37}},{"start":{"line":223,"column":37},"end":{"line":223,"column":null}}],"line":223},"26":{"loc":{"start":{"line":224,"column":29},"end":{"line":224,"column":null}},"type":"binary-expr","locations":[{"start":{"line":224,"column":29},"end":{"line":224,"column":55}},{"start":{"line":224,"column":55},"end":{"line":224,"column":null}}],"line":224},"27":{"loc":{"start":{"line":225,"column":27},"end":{"line":225,"column":null}},"type":"binary-expr","locations":[{"start":{"line":225,"column":27},"end":{"line":225,"column":51}},{"start":{"line":225,"column":51},"end":{"line":225,"column":null}}],"line":225}},"s":{"0":1,"1":1,"2":1,"3":1,"4":3,"5":3,"6":3,"7":3,"8":0,"9":0,"10":0,"11":2,"12":1,"13":1,"14":4,"15":4,"16":2,"17":4,"18":1,"19":4,"20":1,"21":4,"22":1,"23":2,"24":4,"25":2,"26":2,"27":2,"28":16,"29":16,"30":2,"31":2,"32":14,"33":1,"34":2,"35":1,"36":1,"37":1,"38":1,"39":4,"40":4,"41":31,"42":31,"43":31,"44":18,"45":18,"46":18,"47":1,"48":17,"49":18,"50":13,"51":31,"52":5,"53":5,"54":5,"55":3,"56":3,"57":2,"58":1,"59":3,"60":2,"61":5,"62":5,"63":5,"64":5,"65":5,"66":26,"67":2,"68":3,"69":3,"70":3,"71":4,"72":4,"73":4,"74":2,"75":75},"f":{"0":3,"1":2,"2":1,"3":4,"4":2,"5":2,"6":1,"7":4,"8":4,"9":31,"10":31,"11":5,"12":5,"13":5,"14":5,"15":26,"16":2,"17":3,"18":4,"19":75},"b":{"0":[3,0],"1":[3,3,3],"2":[3,0],"3":[0,0],"4":[1,0],"5":[2,2],"6":[1,3],"7":[1,3],"8":[1,3],"9":[2,14],"10":[16,2],"11":[1,13],"12":[14,1,1],"13":[18,13],"14":[18,0],"15":[1,17],"16":[18,1,1],"17":[3,2],"18":[3,0],"19":[2,1],"20":[3,2,2],"21":[5,3],"22":[5,0],"23":[5,5],"24":[4,2],"25":[4,0],"26":[4,0],"27":[4,0]},"meta":{"lastBranch":28,"lastFunction":20,"lastStatement":76,"seen":{"s:19:56:34:Infinity":0,"s:38:27:38:Infinity":1,"s:39:22:39:Infinity":2,"s:40:28:40:Infinity":3,"f:42:9:42:20":0,"b:43:2:47:Infinity:undefined:undefined:undefined:undefined":0,"s:43:2:47:Infinity":4,"b:43:6:43:25:43:25:43:39:43:39:43:71":1,"s:44:18:44:Infinity":5,"b:45:4:45:Infinity:undefined:undefined:undefined:undefined":2,"s:45:4:45:Infinity":6,"s:45:41:45:Infinity":7,"b:46:4:46:Infinity:undefined:undefined:undefined:undefined":3,"s:46:4:46:Infinity":8,"s:46:45:46:Infinity":9,"s:48:2:48:Infinity":10,"f:51:9:51:35":1,"s:52:2:52:Infinity":11,"f:55:9:55:21":2,"s:56:13:56:Infinity":12,"b:56:13:56:39:56:39:56:Infinity":4,"s:57:2:57:Infinity":13,"f:60:9:60:32":3,"s:61:14:61:Infinity":14,"b:63:2:63:Infinity:undefined:undefined:undefined:undefined":5,"s:63:2:63:Infinity":15,"s:63:17:63:Infinity":16,"b:64:2:64:Infinity:undefined:undefined:undefined:undefined":6,"s:64:2:64:Infinity":17,"s:64:17:64:Infinity":18,"b:65:2:65:Infinity:undefined:undefined:undefined:undefined":7,"s:65:2:65:Infinity":19,"s:65:17:65:Infinity":20,"b:66:2:68:Infinity:undefined:undefined:undefined:undefined":8,"s:66:2:68:Infinity":21,"s:67:4:67:Infinity":22,"f:67:34:67:35":4,"s:67:43:67:68":23,"s:70:2:70:Infinity":24,"f:74:16:74:45":5,"s:75:71:75:Infinity":25,"s:76:37:85:Infinity":26,"s:86:2:95:Infinity":27,"s:87:18:87:Infinity":28,"b:88:4:94:Infinity:92:4:94:Infinity":9,"s:88:4:94:Infinity":29,"b:88:8:88:29:88:29:88:51":10,"s:89:6:91:Infinity":30,"s:90:8:90:Infinity":31,"b:92:4:94:Infinity:undefined:undefined:undefined:undefined":11,"s:92:4:94:Infinity":32,"b:92:15:92:24:92:24:92:53:92:53:92:76":12,"s:93:6:93:Infinity":33,"s:96:2:96:Infinity":34,"s:101:20:101:Infinity":35,"s:102:24:102:Infinity":36,"s:127:13:245:Infinity":37,"f:129:4:129:5":6,"s:129:19:232:Infinity":38,"f:132:24:132:30":7,"s:132:30:132:Infinity":39,"f:134:17:134:18":8,"s:134:29:134:Infinity":40,"f:136:15:136:16":9,"s:137:8:152:Infinity":41,"f:137:12:137:13":10,"s:138:23:138:Infinity":42,"b:139:10:150:Infinity:148:17:150:Infinity":13,"s:139:10:150:Infinity":43,"s:140:24:140:Infinity":44,"b:140:29:140:45:140:45:140:48":14,"s:141:32:141:Infinity":45,"b:142:12:146:Infinity:144:19:146:Infinity":15,"s:142:12:146:Infinity":46,"b:142:16:142:45:142:45:142:59:142:59:142:80":16,"s:143:14:143:Infinity":47,"s:145:14:145:Infinity":48,"s:147:12:147:Infinity":49,"s:149:12:149:Infinity":50,"s:151:10:151:Infinity":51,"f:155:18:155:19":11,"s:156:8:170:Infinity":52,"f:156:12:156:13":12,"s:157:23:157:Infinity":53,"b:158:10:168:Infinity:166:17:168:Infinity":17,"s:158:10:168:Infinity":54,"s:159:24:159:Infinity":55,"b:159:29:159:45:159:45:159:48":18,"b:160:12:164:Infinity:162:19:164:Infinity":19,"s:160:12:164:Infinity":56,"b:160:16:160:45:160:45:160:59:160:59:160:79":20,"s:161:14:161:Infinity":57,"s:163:14:163:Infinity":58,"s:165:12:165:Infinity":59,"s:167:12:167:Infinity":60,"s:169:10:169:Infinity":61,"f:173:28:173:29":13,"s:174:8:187:Infinity":62,"f:174:12:174:13":14,"s:175:26:175:Infinity":63,"b:175:26:175:61:175:61:175:Infinity":21,"s:177:12:179:Infinity":64,"b:178:16:178:Infinity:179:16:179:Infinity":22,"b:177:12:177:43:177:43:177:Infinity":23,"s:180:10:186:Infinity":65,"f:190:18:190:Infinity":15,"s:191:8:194:Infinity":66,"f:196:17:196:18":16,"s:197:8:197:Infinity":67,"f:201:19:201:25":17,"s:202:22:202:Infinity":68,"s:203:24:209:Infinity":69,"s:210:8:210:Infinity":70,"f:213:19:213:20":18,"s:214:8:230:Infinity":71,"s:215:25:215:Infinity":72,"s:221:10:227:Infinity":73,"b:222:21:222:39:222:39:222:Infinity":24,"b:223:20:223:37:223:37:223:Infinity":25,"b:224:29:224:55:224:55:224:Infinity":26,"b:225:27:225:51:225:51:225:Infinity":27,"s:229:10:229:Infinity":74,"f:237:18:237:19":19,"s:237:26:242:Infinity":75}}}
}
